`torch_dtype` is deprecated! Use `dtype` instead!
======================================================================
GROUP 4: Cross-Model Comparison (7B Models) - Tier 1 Only
======================================================================

============================================================
  Analyzing: allenai/Olmo-3-7B-Think
============================================================

Loading weights:   0%|          | 0/355 [00:00<?, ?/home/leo
Loading weights:   0%|          | 1/355 [00:00<00:00, 9799.78it/s, Materializing param=lm_head.weight]
Loading weights:   0%|          | 1/355 [00:00<00:01, 203.52it/s, Materializing param=lm_head.weight] 
Loading weights:   1%|          | 2/355 [00:00<00:02, 125.76it/s, Materializing param=model.embed_tokens.weight]
Loading weights:   1%|          | 2/355 [00:00<00:08, 41.58it/s, Materializing param=model.embed_tokens.weight] 
Loading weights:   1%|          | 3/355 [00:00<00:11, 30.63it/s, Materializing param=model.layers.0.mlp.down_proj.weight]
Loading weights:   1%|          | 3/355 [00:00<00:14, 24.31it/s, Materializing param=model.layers.0.mlp.down_proj.weight]
Loading weights:   1%|          | 4/355 [00:00<00:10, 32.32it/s, Materializing param=model.layers.0.mlp.down_proj.weight]
Loading weights:   1%|          | 4/355 [00:00<00:10, 32.32it/s, Materializing param=model.layers.0.mlp.gate_proj.weight]
Loading weights:   1%|          | 4/355 [00:00<00:10, 32.32it/s, Materializing param=model.layers.0.mlp.gate_proj.weight]
Loading weights:   1%|▏         | 5/355 [00:00<00:10, 32.32it/s, Materializing param=model.layers.0.mlp.up_proj.weight]  
Loading weights:   1%|▏         | 5/355 [00:00<00:10, 32.32it/s, Materializing param=model.layers.0.mlp.up_proj.weight]
Loading weights:   2%|▏         | 6/355 [00:00<00:10, 32.32it/s, Materializing param=model.layers.0.post_attention_layernorm.weight]
Loading weights:   2%|▏         | 6/355 [00:00<00:10, 32.32it/s, Materializing param=model.layers.0.post_attention_layernorm.weight]
Loading weights:   2%|▏         | 7/355 [00:00<00:10, 32.32it/s, Materializing param=model.layers.0.post_feedforward_layernorm.weight]
Loading weights:   2%|▏         | 7/355 [00:00<00:10, 32.32it/s, Materializing param=model.layers.0.post_feedforward_layernorm.weight]
Loading weights:   2%|▏         | 8/355 [00:00<00:25, 13.35it/s, Materializing param=model.layers.0.post_feedforward_layernorm.weight]
Loading weights:   2%|▏         | 8/355 [00:00<00:25, 13.35it/s, Materializing param=model.layers.0.self_attn.k_norm.weight]          
Loading weights:   2%|▏         | 8/355 [00:00<00:25, 13.35it/s, Materializing param=model.layers.0.self_attn.k_norm.weight]
Loading weights:   3%|▎         | 9/355 [00:00<00:25, 13.35it/s, Materializing param=model.layers.0.self_attn.k_proj.weight]
Loading weights:   3%|▎         | 9/355 [00:00<00:25, 13.35it/s, Materializing param=model.layers.0.self_attn.k_proj.weight]
Loading weights:   3%|▎         | 10/355 [00:00<00:25, 13.35it/s, Materializing param=model.layers.0.self_attn.o_proj.weight]
Loading weights:   3%|▎         | 10/355 [00:00<00:25, 13.35it/s, Materializing param=model.layers.0.self_attn.o_proj.weight]
Loading weights:   3%|▎         | 11/355 [00:00<00:20, 16.94it/s, Materializing param=model.layers.0.self_attn.o_proj.weight]
Loading weights:   3%|▎         | 11/355 [00:00<00:20, 16.94it/s, Materializing param=model.layers.0.self_attn.q_norm.weight]
Loading weights:   3%|▎         | 11/355 [00:00<00:20, 16.94it/s, Materializing param=model.layers.0.self_attn.q_norm.weight]
Loading weights:   3%|▎         | 12/355 [00:00<00:20, 16.94it/s, Materializing param=model.layers.0.self_attn.q_proj.weight]
Loading weights:   3%|▎         | 12/355 [00:00<00:20, 16.94it/s, Materializing param=model.layers.0.self_attn.q_proj.weight]
Loading weights:   4%|▎         | 13/355 [00:00<00:20, 16.94it/s, Materializing param=model.layers.0.self_attn.v_proj.weight]
Loading weights:   4%|▎         | 13/355 [00:00<00:20, 16.94it/s, Materializing param=model.layers.0.self_attn.v_proj.weight]
Loading weights:   4%|▍         | 14/355 [00:00<00:19, 17.41it/s, Materializing param=model.layers.0.self_attn.v_proj.weight]
Loading weights:   4%|▍         | 14/355 [00:00<00:19, 17.41it/s, Materializing param=model.layers.1.mlp.down_proj.weight]   
Loading weights:   4%|▍         | 14/355 [00:00<00:19, 17.41it/s, Materializing param=model.layers.1.mlp.down_proj.weight]
Loading weights:   4%|▍         | 15/355 [00:00<00:19, 17.41it/s, Materializing param=model.layers.1.mlp.gate_proj.weight]
Loading weights:   4%|▍         | 15/355 [00:00<00:19, 17.41it/s, Materializing param=model.layers.1.mlp.gate_proj.weight]
Loading weights:   5%|▍         | 16/355 [00:00<00:19, 17.41it/s, Materializing param=model.layers.1.mlp.up_proj.weight]  
Loading weights:   5%|▍         | 16/355 [00:00<00:19, 17.41it/s, Materializing param=model.layers.1.mlp.up_proj.weight]
Loading weights:   5%|▍         | 17/355 [00:00<00:19, 17.41it/s, Materializing param=model.layers.1.post_attention_layernorm.weight]
Loading weights:   5%|▍         | 17/355 [00:00<00:19, 17.41it/s, Materializing param=model.layers.1.post_attention_layernorm.weight]
Loading weights:   5%|▌         | 18/355 [00:00<00:19, 17.41it/s, Materializing param=model.layers.1.post_feedforward_layernorm.weight]
Loading weights:   5%|▌         | 18/355 [00:00<00:19, 17.41it/s, Materializing param=model.layers.1.post_feedforward_layernorm.weight]
Loading weights:   5%|▌         | 19/355 [00:00<00:19, 17.41it/s, Materializing param=model.layers.1.self_attn.k_norm.weight]          
Loading weights:   5%|▌         | 19/355 [00:00<00:19, 17.41it/s, Materializing param=model.layers.1.self_attn.k_norm.weight]
Loading weights:   6%|▌         | 20/355 [00:00<00:19, 17.41it/s, Materializing param=model.layers.1.self_attn.k_proj.weight]
Loading weights:   6%|▌         | 20/355 [00:00<00:19, 17.41it/s, Materializing param=model.layers.1.self_attn.k_proj.weight]
Loading weights:   6%|▌         | 21/355 [00:00<00:19, 17.41it/s, Materializing param=model.layers.1.self_attn.o_proj.weight]
Loading weights:   6%|▌         | 21/355 [00:00<00:19, 17.41it/s, Materializing param=model.layers.1.self_attn.o_proj.weight]
Loading weights:   6%|▌         | 22/355 [00:00<00:19, 17.41it/s, Materializing param=model.layers.1.self_attn.q_norm.weight]
Loading weights:   6%|▌         | 22/355 [00:00<00:19, 17.41it/s, Materializing param=model.layers.1.self_attn.q_norm.weight]
Loading weights:   6%|▋         | 23/355 [00:00<00:19, 17.41it/s, Materializing param=model.layers.1.self_attn.q_proj.weight]
Loading weights:   6%|▋         | 23/355 [00:00<00:19, 17.41it/s, Materializing param=model.layers.1.self_attn.q_proj.weight]
Loading weights:   7%|▋         | 24/355 [00:00<00:19, 17.41it/s, Materializing param=model.layers.1.self_attn.v_proj.weight]
Loading weights:   7%|▋         | 24/355 [00:00<00:19, 17.41it/s, Materializing param=model.layers.1.self_attn.v_proj.weight]
Loading weights:   7%|▋         | 25/355 [00:00<00:18, 17.41it/s, Materializing param=model.layers.2.mlp.down_proj.weight]   
Loading weights:   7%|▋         | 25/355 [00:00<00:18, 17.41it/s, Materializing param=model.layers.2.mlp.down_proj.weight]
Loading weights:   7%|▋         | 26/355 [00:00<00:18, 17.41it/s, Materializing param=model.layers.2.mlp.gate_proj.weight]
Loading weights:   7%|▋         | 26/355 [00:00<00:18, 17.41it/s, Materializing param=model.layers.2.mlp.gate_proj.weight]
Loading weights:   8%|▊         | 27/355 [00:00<00:18, 17.41it/s, Materializing param=model.layers.2.mlp.up_proj.weight]  
Loading weights:   8%|▊         | 27/355 [00:00<00:18, 17.41it/s, Materializing param=model.layers.2.mlp.up_proj.weight]
Loading weights:   8%|▊         | 28/355 [00:00<00:18, 17.41it/s, Materializing param=model.layers.2.post_attention_layernorm.weight]
Loading weights:   8%|▊         | 28/355 [00:00<00:18, 17.41it/s, Materializing param=model.layers.2.post_attention_layernorm.weight]
Loading weights:   8%|▊         | 29/355 [00:00<00:18, 17.41it/s, Materializing param=model.layers.2.post_feedforward_layernorm.weight]
Loading weights:   8%|▊         | 29/355 [00:00<00:18, 17.41it/s, Materializing param=model.layers.2.post_feedforward_layernorm.weight]
Loading weights:   8%|▊         | 30/355 [00:00<00:06, 49.47it/s, Materializing param=model.layers.2.post_feedforward_layernorm.weight]
Loading weights:   8%|▊         | 30/355 [00:00<00:06, 49.47it/s, Materializing param=model.layers.2.self_attn.k_norm.weight]          
Loading weights:   8%|▊         | 30/355 [00:00<00:06, 49.47it/s, Materializing param=model.layers.2.self_attn.k_norm.weight]
Loading weights:   9%|▊         | 31/355 [00:00<00:06, 49.47it/s, Materializing param=model.layers.2.self_attn.k_proj.weight]
Loading weights:   9%|▊         | 31/355 [00:00<00:06, 49.47it/s, Materializing param=model.layers.2.self_attn.k_proj.weight]
Loading weights:   9%|▉         | 32/355 [00:00<00:06, 49.47it/s, Materializing param=model.layers.2.self_attn.o_proj.weight]
Loading weights:   9%|▉         | 32/355 [00:00<00:06, 49.47it/s, Materializing param=model.layers.2.self_attn.o_proj.weight]
Loading weights:   9%|▉         | 33/355 [00:00<00:06, 49.47it/s, Materializing param=model.layers.2.self_attn.q_norm.weight]
Loading weights:   9%|▉         | 33/355 [00:00<00:06, 49.47it/s, Materializing param=model.layers.2.self_attn.q_norm.weight]
Loading weights:  10%|▉         | 34/355 [00:01<00:06, 49.47it/s, Materializing param=model.layers.2.self_attn.q_proj.weight]
Loading weights:  10%|▉         | 34/355 [00:01<00:06, 49.47it/s, Materializing param=model.layers.2.self_attn.q_proj.weight]
Loading weights:  10%|▉         | 35/355 [00:01<00:06, 49.47it/s, Materializing param=model.layers.2.self_attn.v_proj.weight]
Loading weights:  10%|▉         | 35/355 [00:01<00:06, 49.47it/s, Materializing param=model.layers.2.self_attn.v_proj.weight]
Loading weights:  10%|█         | 36/355 [00:01<00:06, 49.47it/s, Materializing param=model.layers.3.mlp.down_proj.weight]   
Loading weights:  10%|█         | 36/355 [00:01<00:06, 49.47it/s, Materializing param=model.layers.3.mlp.down_proj.weight]
Loading weights:  10%|█         | 37/355 [00:01<00:07, 39.89it/s, Materializing param=model.layers.3.mlp.down_proj.weight]
Loading weights:  10%|█         | 37/355 [00:01<00:07, 39.89it/s, Materializing param=model.layers.3.mlp.gate_proj.weight]
Loading weights:  10%|█         | 37/355 [00:01<00:07, 39.89it/s, Materializing param=model.layers.3.mlp.gate_proj.weight]
Loading weights:  11%|█         | 38/355 [00:01<00:07, 39.89it/s, Materializing param=model.layers.3.mlp.up_proj.weight]  
Loading weights:  11%|█         | 38/355 [00:01<00:07, 39.89it/s, Materializing param=model.layers.3.mlp.up_proj.weight]
Loading weights:  11%|█         | 39/355 [00:01<00:07, 39.89it/s, Materializing param=model.layers.3.post_attention_layernorm.weight]
Loading weights:  11%|█         | 39/355 [00:01<00:07, 39.89it/s, Materializing param=model.layers.3.post_attention_layernorm.weight]
Loading weights:  11%|█▏        | 40/355 [00:01<00:07, 39.89it/s, Materializing param=model.layers.3.post_feedforward_layernorm.weight]
Loading weights:  11%|█▏        | 40/355 [00:01<00:07, 39.89it/s, Materializing param=model.layers.3.post_feedforward_layernorm.weight]
Loading weights:  12%|█▏        | 41/355 [00:01<00:07, 39.89it/s, Materializing param=model.layers.3.self_attn.k_norm.weight]          
Loading weights:  12%|█▏        | 41/355 [00:01<00:07, 39.89it/s, Materializing param=model.layers.3.self_attn.k_norm.weight]
Loading weights:  12%|█▏        | 42/355 [00:01<00:07, 39.89it/s, Materializing param=model.layers.3.self_attn.k_proj.weight]
Loading weights:  12%|█▏        | 42/355 [00:01<00:07, 39.89it/s, Materializing param=model.layers.3.self_attn.k_proj.weight]
Loading weights:  12%|█▏        | 43/355 [00:01<00:09, 31.76it/s, Materializing param=model.layers.3.self_attn.k_proj.weight]
Loading weights:  12%|█▏        | 43/355 [00:01<00:09, 31.76it/s, Materializing param=model.layers.3.self_attn.o_proj.weight]
Loading weights:  12%|█▏        | 43/355 [00:01<00:09, 31.76it/s, Materializing param=model.layers.3.self_attn.o_proj.weight]
Loading weights:  12%|█▏        | 44/355 [00:01<00:09, 31.76it/s, Materializing param=model.layers.3.self_attn.q_norm.weight]
Loading weights:  12%|█▏        | 44/355 [00:01<00:09, 31.76it/s, Materializing param=model.layers.3.self_attn.q_norm.weight]
Loading weights:  13%|█▎        | 45/355 [00:01<00:09, 31.76it/s, Materializing param=model.layers.3.self_attn.q_proj.weight]
Loading weights:  13%|█▎        | 45/355 [00:01<00:09, 31.76it/s, Materializing param=model.layers.3.self_attn.q_proj.weight]
Loading weights:  13%|█▎        | 46/355 [00:01<00:09, 31.76it/s, Materializing param=model.layers.3.self_attn.v_proj.weight]
Loading weights:  13%|█▎        | 46/355 [00:01<00:09, 31.76it/s, Materializing param=model.layers.3.self_attn.v_proj.weight]
Loading weights:  13%|█▎        | 47/355 [00:01<00:09, 31.76it/s, Materializing param=model.layers.4.mlp.down_proj.weight]   
Loading weights:  13%|█▎        | 47/355 [00:01<00:09, 31.76it/s, Materializing param=model.layers.4.mlp.down_proj.weight]
Loading weights:  14%|█▎        | 48/355 [00:01<00:11, 27.78it/s, Materializing param=model.layers.4.mlp.down_proj.weight]
Loading weights:  14%|█▎        | 48/355 [00:01<00:11, 27.78it/s, Materializing param=model.layers.4.mlp.gate_proj.weight]
Loading weights:  14%|█▎        | 48/355 [00:01<00:11, 27.78it/s, Materializing param=model.layers.4.mlp.gate_proj.weight]
Loading weights:  14%|█▍        | 49/355 [00:01<00:11, 27.78it/s, Materializing param=model.layers.4.mlp.up_proj.weight]  
Loading weights:  14%|█▍        | 49/355 [00:01<00:11, 27.78it/s, Materializing param=model.layers.4.mlp.up_proj.weight]
Loading weights:  14%|█▍        | 50/355 [00:01<00:10, 27.78it/s, Materializing param=model.layers.4.post_attention_layernorm.weight]
Loading weights:  14%|█▍        | 50/355 [00:01<00:10, 27.78it/s, Materializing param=model.layers.4.post_attention_layernorm.weight]
Loading weights:  14%|█▍        | 51/355 [00:01<00:10, 27.78it/s, Materializing param=model.layers.4.post_feedforward_layernorm.weight]
Loading weights:  14%|█▍        | 51/355 [00:01<00:10, 27.78it/s, Materializing param=model.layers.4.post_feedforward_layernorm.weight]
Loading weights:  15%|█▍        | 52/355 [00:01<00:10, 29.43it/s, Materializing param=model.layers.4.post_feedforward_layernorm.weight]
Loading weights:  15%|█▍        | 52/355 [00:01<00:10, 29.43it/s, Materializing param=model.layers.4.self_attn.k_norm.weight]          
Loading weights:  15%|█▍        | 52/355 [00:01<00:10, 29.43it/s, Materializing param=model.layers.4.self_attn.k_norm.weight]
Loading weights:  15%|█▍        | 53/355 [00:01<00:10, 29.43it/s, Materializing param=model.layers.4.self_attn.k_proj.weight]
Loading weights:  15%|█▍        | 53/355 [00:01<00:10, 29.43it/s, Materializing param=model.layers.4.self_attn.k_proj.weight]
Loading weights:  15%|█▌        | 54/355 [00:01<00:10, 29.43it/s, Materializing param=model.layers.4.self_attn.o_proj.weight]
Loading weights:  15%|█▌        | 54/355 [00:01<00:10, 29.43it/s, Materializing param=model.layers.4.self_attn.o_proj.weight]
Loading weights:  15%|█▌        | 55/355 [00:01<00:10, 29.43it/s, Materializing param=model.layers.4.self_attn.q_norm.weight]
Loading weights:  15%|█▌        | 55/355 [00:01<00:10, 29.43it/s, Materializing param=model.layers.4.self_attn.q_norm.weight]
Loading weights:  16%|█▌        | 56/355 [00:01<00:09, 30.73it/s, Materializing param=model.layers.4.self_attn.q_norm.weight]
Loading weights:  16%|█▌        | 56/355 [00:01<00:09, 30.73it/s, Materializing param=model.layers.4.self_attn.q_proj.weight]
Loading weights:  16%|█▌        | 56/355 [00:01<00:09, 30.73it/s, Materializing param=model.layers.4.self_attn.q_proj.weight]
Loading weights:  16%|█▌        | 57/355 [00:01<00:09, 30.73it/s, Materializing param=model.layers.4.self_attn.v_proj.weight]
Loading weights:  16%|█▌        | 57/355 [00:01<00:09, 30.73it/s, Materializing param=model.layers.4.self_attn.v_proj.weight]
Loading weights:  16%|█▋        | 58/355 [00:01<00:09, 30.73it/s, Materializing param=model.layers.5.mlp.down_proj.weight]   
Loading weights:  16%|█▋        | 58/355 [00:01<00:09, 30.73it/s, Materializing param=model.layers.5.mlp.down_proj.weight]
Loading weights:  17%|█▋        | 59/355 [00:01<00:09, 30.73it/s, Materializing param=model.layers.5.mlp.gate_proj.weight]
Loading weights:  17%|█▋        | 59/355 [00:01<00:09, 30.73it/s, Materializing param=model.layers.5.mlp.gate_proj.weight]
Loading weights:  17%|█▋        | 60/355 [00:01<00:09, 30.73it/s, Materializing param=model.layers.5.mlp.up_proj.weight]  
Loading weights:  17%|█▋        | 60/355 [00:01<00:09, 30.73it/s, Materializing param=model.layers.5.mlp.up_proj.weight]
Loading weights:  17%|█▋        | 61/355 [00:01<00:09, 30.73it/s, Materializing param=model.layers.5.post_attention_layernorm.weight]
Loading weights:  17%|█▋        | 61/355 [00:01<00:09, 30.73it/s, Materializing param=model.layers.5.post_attention_layernorm.weight]
Loading weights:  17%|█▋        | 62/355 [00:01<00:09, 30.73it/s, Materializing param=model.layers.5.post_feedforward_layernorm.weight]
Loading weights:  17%|█▋        | 62/355 [00:01<00:09, 30.73it/s, Materializing param=model.layers.5.post_feedforward_layernorm.weight]
Loading weights:  18%|█▊        | 63/355 [00:01<00:09, 30.73it/s, Materializing param=model.layers.5.self_attn.k_norm.weight]          
Loading weights:  18%|█▊        | 63/355 [00:01<00:09, 30.73it/s, Materializing param=model.layers.5.self_attn.k_norm.weight]
Loading weights:  18%|█▊        | 64/355 [00:01<00:09, 30.73it/s, Materializing param=model.layers.5.self_attn.k_proj.weight]
Loading weights:  18%|█▊        | 64/355 [00:01<00:09, 30.73it/s, Materializing param=model.layers.5.self_attn.k_proj.weight]
Loading weights:  18%|█▊        | 65/355 [00:01<00:09, 30.73it/s, Materializing param=model.layers.5.self_attn.o_proj.weight]
Loading weights:  18%|█▊        | 65/355 [00:01<00:09, 30.73it/s, Materializing param=model.layers.5.self_attn.o_proj.weight]
Loading weights:  19%|█▊        | 66/355 [00:01<00:09, 30.73it/s, Materializing param=model.layers.5.self_attn.q_norm.weight]
Loading weights:  19%|█▊        | 66/355 [00:01<00:09, 30.73it/s, Materializing param=model.layers.5.self_attn.q_norm.weight]
Loading weights:  19%|█▉        | 67/355 [00:01<00:09, 30.73it/s, Materializing param=model.layers.5.self_attn.q_proj.weight]
Loading weights:  19%|█▉        | 67/355 [00:01<00:09, 30.73it/s, Materializing param=model.layers.5.self_attn.q_proj.weight]
Loading weights:  19%|█▉        | 68/355 [00:01<00:09, 30.73it/s, Materializing param=model.layers.5.self_attn.v_proj.weight]
Loading weights:  19%|█▉        | 68/355 [00:01<00:09, 30.73it/s, Materializing param=model.layers.5.self_attn.v_proj.weight]
Loading weights:  19%|█▉        | 69/355 [00:01<00:09, 30.73it/s, Materializing param=model.layers.6.mlp.down_proj.weight]   
Loading weights:  19%|█▉        | 69/355 [00:01<00:09, 30.73it/s, Materializing param=model.layers.6.mlp.down_proj.weight]
Loading weights:  20%|█▉        | 70/355 [00:01<00:09, 30.73it/s, Materializing param=model.layers.6.mlp.gate_proj.weight]
Loading weights:  20%|█▉        | 70/355 [00:01<00:09, 30.73it/s, Materializing param=model.layers.6.mlp.gate_proj.weight]
Loading weights:  20%|██        | 71/355 [00:01<00:09, 30.73it/s, Materializing param=model.layers.6.mlp.up_proj.weight]  
Loading weights:  20%|██        | 71/355 [00:01<00:09, 30.73it/s, Materializing param=model.layers.6.mlp.up_proj.weight]
Loading weights:  20%|██        | 72/355 [00:01<00:09, 30.73it/s, Materializing param=model.layers.6.post_attention_layernorm.weight]
Loading weights:  20%|██        | 72/355 [00:01<00:09, 30.73it/s, Materializing param=model.layers.6.post_attention_layernorm.weight]
Loading weights:  21%|██        | 73/355 [00:01<00:09, 30.73it/s, Materializing param=model.layers.6.post_feedforward_layernorm.weight]
Loading weights:  21%|██        | 73/355 [00:01<00:09, 30.73it/s, Materializing param=model.layers.6.post_feedforward_layernorm.weight]
Loading weights:  21%|██        | 74/355 [00:01<00:09, 30.73it/s, Materializing param=model.layers.6.self_attn.k_norm.weight]          
Loading weights:  21%|██        | 74/355 [00:01<00:09, 30.73it/s, Materializing param=model.layers.6.self_attn.k_norm.weight]
Loading weights:  21%|██        | 75/355 [00:01<00:09, 30.73it/s, Materializing param=model.layers.6.self_attn.k_proj.weight]
Loading weights:  21%|██        | 75/355 [00:01<00:09, 30.73it/s, Materializing param=model.layers.6.self_attn.k_proj.weight]
Loading weights:  21%|██▏       | 76/355 [00:01<00:09, 30.73it/s, Materializing param=model.layers.6.self_attn.o_proj.weight]
Loading weights:  21%|██▏       | 76/355 [00:01<00:09, 30.73it/s, Materializing param=model.layers.6.self_attn.o_proj.weight]
Loading weights:  22%|██▏       | 77/355 [00:01<00:09, 30.73it/s, Materializing param=model.layers.6.self_attn.q_norm.weight]
Loading weights:  22%|██▏       | 77/355 [00:01<00:09, 30.73it/s, Materializing param=model.layers.6.self_attn.q_norm.weight]
Loading weights:  22%|██▏       | 78/355 [00:01<00:09, 30.73it/s, Materializing param=model.layers.6.self_attn.q_proj.weight]
Loading weights:  22%|██▏       | 78/355 [00:01<00:09, 30.73it/s, Materializing param=model.layers.6.self_attn.q_proj.weight]
Loading weights:  22%|██▏       | 79/355 [00:01<00:08, 30.73it/s, Materializing param=model.layers.6.self_attn.v_proj.weight]
Loading weights:  22%|██▏       | 79/355 [00:01<00:08, 30.73it/s, Materializing param=model.layers.6.self_attn.v_proj.weight]
Loading weights:  23%|██▎       | 80/355 [00:01<00:08, 30.73it/s, Materializing param=model.layers.7.mlp.down_proj.weight]   
Loading weights:  23%|██▎       | 80/355 [00:01<00:08, 30.73it/s, Materializing param=model.layers.7.mlp.down_proj.weight]
Loading weights:  23%|██▎       | 81/355 [00:01<00:08, 30.73it/s, Materializing param=model.layers.7.mlp.gate_proj.weight]
Loading weights:  23%|██▎       | 81/355 [00:01<00:08, 30.73it/s, Materializing param=model.layers.7.mlp.gate_proj.weight]
Loading weights:  23%|██▎       | 82/355 [00:01<00:08, 30.73it/s, Materializing param=model.layers.7.mlp.up_proj.weight]  
Loading weights:  23%|██▎       | 82/355 [00:01<00:08, 30.73it/s, Materializing param=model.layers.7.mlp.up_proj.weight]
Loading weights:  23%|██▎       | 83/355 [00:01<00:08, 30.73it/s, Materializing param=model.layers.7.post_attention_layernorm.weight]
Loading weights:  23%|██▎       | 83/355 [00:01<00:08, 30.73it/s, Materializing param=model.layers.7.post_attention_layernorm.weight]
Loading weights:  24%|██▎       | 84/355 [00:01<00:08, 30.73it/s, Materializing param=model.layers.7.post_feedforward_layernorm.weight]
Loading weights:  24%|██▎       | 84/355 [00:01<00:08, 30.73it/s, Materializing param=model.layers.7.post_feedforward_layernorm.weight]
Loading weights:  24%|██▍       | 85/355 [00:01<00:08, 30.73it/s, Materializing param=model.layers.7.self_attn.k_norm.weight]          
Loading weights:  24%|██▍       | 85/355 [00:01<00:08, 30.73it/s, Materializing param=model.layers.7.self_attn.k_norm.weight]
Loading weights:  24%|██▍       | 86/355 [00:01<00:08, 30.73it/s, Materializing param=model.layers.7.self_attn.k_proj.weight]
Loading weights:  24%|██▍       | 86/355 [00:01<00:08, 30.73it/s, Materializing param=model.layers.7.self_attn.k_proj.weight]
Loading weights:  25%|██▍       | 87/355 [00:01<00:08, 30.73it/s, Materializing param=model.layers.7.self_attn.o_proj.weight]
Loading weights:  25%|██▍       | 87/355 [00:01<00:08, 30.73it/s, Materializing param=model.layers.7.self_attn.o_proj.weight]
Loading weights:  25%|██▍       | 88/355 [00:01<00:08, 30.73it/s, Materializing param=model.layers.7.self_attn.q_norm.weight]
Loading weights:  25%|██▍       | 88/355 [00:01<00:08, 30.73it/s, Materializing param=model.layers.7.self_attn.q_norm.weight]
Loading weights:  25%|██▌       | 89/355 [00:01<00:08, 30.73it/s, Materializing param=model.layers.7.self_attn.q_proj.weight]
Loading weights:  25%|██▌       | 89/355 [00:01<00:08, 30.73it/s, Materializing param=model.layers.7.self_attn.q_proj.weight]
Loading weights:  25%|██▌       | 90/355 [00:01<00:08, 30.73it/s, Materializing param=model.layers.7.self_attn.v_proj.weight]
Loading weights:  25%|██▌       | 90/355 [00:01<00:08, 30.73it/s, Materializing param=model.layers.7.self_attn.v_proj.weight]
Loading weights:  26%|██▌       | 91/355 [00:01<00:08, 30.73it/s, Materializing param=model.layers.8.mlp.down_proj.weight]   
Loading weights:  26%|██▌       | 91/355 [00:01<00:08, 30.73it/s, Materializing param=model.layers.8.mlp.down_proj.weight]
Loading weights:  26%|██▌       | 92/355 [00:01<00:08, 30.73it/s, Materializing param=model.layers.8.mlp.gate_proj.weight]
Loading weights:  26%|██▌       | 92/355 [00:01<00:08, 30.73it/s, Materializing param=model.layers.8.mlp.gate_proj.weight]
Loading weights:  26%|██▌       | 93/355 [00:01<00:08, 30.73it/s, Materializing param=model.layers.8.mlp.up_proj.weight]  
Loading weights:  26%|██▌       | 93/355 [00:01<00:08, 30.73it/s, Materializing param=model.layers.8.mlp.up_proj.weight]
Loading weights:  26%|██▋       | 94/355 [00:01<00:08, 30.73it/s, Materializing param=model.layers.8.post_attention_layernorm.weight]
Loading weights:  26%|██▋       | 94/355 [00:01<00:08, 30.73it/s, Materializing param=model.layers.8.post_attention_layernorm.weight]
Loading weights:  27%|██▋       | 95/355 [00:01<00:08, 30.73it/s, Materializing param=model.layers.8.post_feedforward_layernorm.weight]
Loading weights:  27%|██▋       | 95/355 [00:01<00:08, 30.73it/s, Materializing param=model.layers.8.post_feedforward_layernorm.weight]
Loading weights:  27%|██▋       | 96/355 [00:01<00:08, 30.73it/s, Materializing param=model.layers.8.self_attn.k_norm.weight]          
Loading weights:  27%|██▋       | 96/355 [00:01<00:08, 30.73it/s, Materializing param=model.layers.8.self_attn.k_norm.weight]
Loading weights:  27%|██▋       | 97/355 [00:01<00:08, 30.73it/s, Materializing param=model.layers.8.self_attn.k_proj.weight]
Loading weights:  27%|██▋       | 97/355 [00:01<00:08, 30.73it/s, Materializing param=model.layers.8.self_attn.k_proj.weight]
Loading weights:  28%|██▊       | 98/355 [00:01<00:08, 30.73it/s, Materializing param=model.layers.8.self_attn.o_proj.weight]
Loading weights:  28%|██▊       | 98/355 [00:01<00:08, 30.73it/s, Materializing param=model.layers.8.self_attn.o_proj.weight]
Loading weights:  28%|██▊       | 99/355 [00:01<00:08, 30.73it/s, Materializing param=model.layers.8.self_attn.q_norm.weight]
Loading weights:  28%|██▊       | 99/355 [00:01<00:08, 30.73it/s, Materializing param=model.layers.8.self_attn.q_norm.weight]
Loading weights:  28%|██▊       | 100/355 [00:01<00:08, 30.73it/s, Materializing param=model.layers.8.self_attn.q_proj.weight]
Loading weights:  28%|██▊       | 100/355 [00:01<00:08, 30.73it/s, Materializing param=model.layers.8.self_attn.q_proj.weight]
Loading weights:  28%|██▊       | 101/355 [00:01<00:08, 30.73it/s, Materializing param=model.layers.8.self_attn.v_proj.weight]
Loading weights:  28%|██▊       | 101/355 [00:01<00:08, 30.73it/s, Materializing param=model.layers.8.self_attn.v_proj.weight]
Loading weights:  29%|██▊       | 102/355 [00:01<00:08, 30.73it/s, Materializing param=model.layers.9.mlp.down_proj.weight]   
Loading weights:  29%|██▊       | 102/355 [00:01<00:08, 30.73it/s, Materializing param=model.layers.9.mlp.down_proj.weight]
Loading weights:  29%|██▉       | 103/355 [00:01<00:08, 30.73it/s, Materializing param=model.layers.9.mlp.gate_proj.weight]
Loading weights:  29%|██▉       | 103/355 [00:01<00:08, 30.73it/s, Materializing param=model.layers.9.mlp.gate_proj.weight]
Loading weights:  29%|██▉       | 104/355 [00:01<00:08, 30.73it/s, Materializing param=model.layers.9.mlp.up_proj.weight]  
Loading weights:  29%|██▉       | 104/355 [00:01<00:08, 30.73it/s, Materializing param=model.layers.9.mlp.up_proj.weight]
Loading weights:  30%|██▉       | 105/355 [00:01<00:08, 30.73it/s, Materializing param=model.layers.9.post_attention_layernorm.weight]
Loading weights:  30%|██▉       | 105/355 [00:01<00:08, 30.73it/s, Materializing param=model.layers.9.post_attention_layernorm.weight]
Loading weights:  30%|██▉       | 106/355 [00:01<00:08, 30.73it/s, Materializing param=model.layers.9.post_feedforward_layernorm.weight]
Loading weights:  30%|██▉       | 106/355 [00:01<00:08, 30.73it/s, Materializing param=model.layers.9.post_feedforward_layernorm.weight]
Loading weights:  30%|███       | 107/355 [00:01<00:08, 30.73it/s, Materializing param=model.layers.9.self_attn.k_norm.weight]          
Loading weights:  30%|███       | 107/355 [00:01<00:08, 30.73it/s, Materializing param=model.layers.9.self_attn.k_norm.weight]
Loading weights:  30%|███       | 108/355 [00:01<00:08, 30.73it/s, Materializing param=model.layers.9.self_attn.k_proj.weight]
Loading weights:  30%|███       | 108/355 [00:01<00:08, 30.73it/s, Materializing param=model.layers.9.self_attn.k_proj.weight]
Loading weights:  31%|███       | 109/355 [00:01<00:08, 30.73it/s, Materializing param=model.layers.9.self_attn.o_proj.weight]
Loading weights:  31%|███       | 109/355 [00:01<00:08, 30.73it/s, Materializing param=model.layers.9.self_attn.o_proj.weight]
Loading weights:  31%|███       | 110/355 [00:01<00:07, 30.73it/s, Materializing param=model.layers.9.self_attn.q_norm.weight]
Loading weights:  31%|███       | 110/355 [00:01<00:07, 30.73it/s, Materializing param=model.layers.9.self_attn.q_norm.weight]
Loading weights:  31%|███▏      | 111/355 [00:01<00:07, 30.73it/s, Materializing param=model.layers.9.self_attn.q_proj.weight]
Loading weights:  31%|███▏      | 111/355 [00:01<00:07, 30.73it/s, Materializing param=model.layers.9.self_attn.q_proj.weight]
Loading weights:  32%|███▏      | 112/355 [00:01<00:07, 30.73it/s, Materializing param=model.layers.9.self_attn.v_proj.weight]
Loading weights:  32%|███▏      | 112/355 [00:01<00:07, 30.73it/s, Materializing param=model.layers.9.self_attn.v_proj.weight]
Loading weights:  32%|███▏      | 113/355 [00:01<00:07, 30.73it/s, Materializing param=model.layers.10.mlp.down_proj.weight]  
Loading weights:  32%|███▏      | 113/355 [00:01<00:07, 30.73it/s, Materializing param=model.layers.10.mlp.down_proj.weight]
Loading weights:  32%|███▏      | 114/355 [00:01<00:07, 30.73it/s, Materializing param=model.layers.10.mlp.gate_proj.weight]
Loading weights:  32%|███▏      | 114/355 [00:01<00:07, 30.73it/s, Materializing param=model.layers.10.mlp.gate_proj.weight]
Loading weights:  32%|███▏      | 115/355 [00:01<00:07, 30.73it/s, Materializing param=model.layers.10.mlp.up_proj.weight]  
Loading weights:  32%|███▏      | 115/355 [00:01<00:07, 30.73it/s, Materializing param=model.layers.10.mlp.up_proj.weight]
Loading weights:  33%|███▎      | 116/355 [00:01<00:07, 30.73it/s, Materializing param=model.layers.10.post_attention_layernorm.weight]
Loading weights:  33%|███▎      | 116/355 [00:01<00:07, 30.73it/s, Materializing param=model.layers.10.post_attention_layernorm.weight]
Loading weights:  33%|███▎      | 117/355 [00:01<00:07, 30.73it/s, Materializing param=model.layers.10.post_feedforward_layernorm.weight]
Loading weights:  33%|███▎      | 117/355 [00:01<00:07, 30.73it/s, Materializing param=model.layers.10.post_feedforward_layernorm.weight]
Loading weights:  33%|███▎      | 118/355 [00:01<00:07, 30.73it/s, Materializing param=model.layers.10.self_attn.k_norm.weight]          
Loading weights:  33%|███▎      | 118/355 [00:01<00:07, 30.73it/s, Materializing param=model.layers.10.self_attn.k_norm.weight]
Loading weights:  34%|███▎      | 119/355 [00:01<00:07, 30.73it/s, Materializing param=model.layers.10.self_attn.k_proj.weight]
Loading weights:  34%|███▎      | 119/355 [00:01<00:07, 30.73it/s, Materializing param=model.layers.10.self_attn.k_proj.weight]
Loading weights:  34%|███▍      | 120/355 [00:01<00:07, 30.73it/s, Materializing param=model.layers.10.self_attn.o_proj.weight]
Loading weights:  34%|███▍      | 120/355 [00:01<00:07, 30.73it/s, Materializing param=model.layers.10.self_attn.o_proj.weight]
Loading weights:  34%|███▍      | 121/355 [00:01<00:07, 30.73it/s, Materializing param=model.layers.10.self_attn.q_norm.weight]
Loading weights:  34%|███▍      | 121/355 [00:01<00:07, 30.73it/s, Materializing param=model.layers.10.self_attn.q_norm.weight]
Loading weights:  34%|███▍      | 122/355 [00:01<00:07, 30.73it/s, Materializing param=model.layers.10.self_attn.q_proj.weight]
Loading weights:  34%|███▍      | 122/355 [00:01<00:07, 30.73it/s, Materializing param=model.layers.10.self_attn.q_proj.weight]
Loading weights:  35%|███▍      | 123/355 [00:01<00:07, 30.73it/s, Materializing param=model.layers.10.self_attn.v_proj.weight]
Loading weights:  35%|███▍      | 123/355 [00:01<00:07, 30.73it/s, Materializing param=model.layers.10.self_attn.v_proj.weight]
Loading weights:  35%|███▍      | 124/355 [00:01<00:07, 30.73it/s, Materializing param=model.layers.11.mlp.down_proj.weight]   
Loading weights:  35%|███▍      | 124/355 [00:01<00:07, 30.73it/s, Materializing param=model.layers.11.mlp.down_proj.weight]
Loading weights:  35%|███▌      | 125/355 [00:01<00:07, 30.73it/s, Materializing param=model.layers.11.mlp.gate_proj.weight]
Loading weights:  35%|███▌      | 125/355 [00:01<00:07, 30.73it/s, Materializing param=model.layers.11.mlp.gate_proj.weight]
Loading weights:  35%|███▌      | 126/355 [00:01<00:07, 30.73it/s, Materializing param=model.layers.11.mlp.up_proj.weight]  
Loading weights:  35%|███▌      | 126/355 [00:01<00:07, 30.73it/s, Materializing param=model.layers.11.mlp.up_proj.weight]
Loading weights:  36%|███▌      | 127/355 [00:01<00:07, 30.73it/s, Materializing param=model.layers.11.post_attention_layernorm.weight]
Loading weights:  36%|███▌      | 127/355 [00:01<00:07, 30.73it/s, Materializing param=model.layers.11.post_attention_layernorm.weight]
Loading weights:  36%|███▌      | 128/355 [00:01<00:07, 30.73it/s, Materializing param=model.layers.11.post_feedforward_layernorm.weight]
Loading weights:  36%|███▌      | 128/355 [00:01<00:07, 30.73it/s, Materializing param=model.layers.11.post_feedforward_layernorm.weight]
Loading weights:  36%|███▋      | 129/355 [00:01<00:07, 30.73it/s, Materializing param=model.layers.11.self_attn.k_norm.weight]          
Loading weights:  36%|███▋      | 129/355 [00:01<00:07, 30.73it/s, Materializing param=model.layers.11.self_attn.k_norm.weight]
Loading weights:  37%|███▋      | 130/355 [00:01<00:07, 30.73it/s, Materializing param=model.layers.11.self_attn.k_proj.weight]
Loading weights:  37%|███▋      | 130/355 [00:01<00:07, 30.73it/s, Materializing param=model.layers.11.self_attn.k_proj.weight]
Loading weights:  37%|███▋      | 131/355 [00:01<00:07, 30.73it/s, Materializing param=model.layers.11.self_attn.o_proj.weight]
Loading weights:  37%|███▋      | 131/355 [00:01<00:07, 30.73it/s, Materializing param=model.layers.11.self_attn.o_proj.weight]
Loading weights:  37%|███▋      | 132/355 [00:01<00:07, 30.73it/s, Materializing param=model.layers.11.self_attn.q_norm.weight]
Loading weights:  37%|███▋      | 132/355 [00:01<00:07, 30.73it/s, Materializing param=model.layers.11.self_attn.q_norm.weight]
Loading weights:  37%|███▋      | 133/355 [00:01<00:07, 30.73it/s, Materializing param=model.layers.11.self_attn.q_proj.weight]
Loading weights:  37%|███▋      | 133/355 [00:01<00:07, 30.73it/s, Materializing param=model.layers.11.self_attn.q_proj.weight]
Loading weights:  38%|███▊      | 134/355 [00:01<00:07, 30.73it/s, Materializing param=model.layers.11.self_attn.v_proj.weight]
Loading weights:  38%|███▊      | 134/355 [00:01<00:07, 30.73it/s, Materializing param=model.layers.11.self_attn.v_proj.weight]
Loading weights:  38%|███▊      | 135/355 [00:01<00:07, 30.73it/s, Materializing param=model.layers.12.mlp.down_proj.weight]   
Loading weights:  38%|███▊      | 135/355 [00:01<00:07, 30.73it/s, Materializing param=model.layers.12.mlp.down_proj.weight]
Loading weights:  38%|███▊      | 136/355 [00:01<00:07, 30.73it/s, Materializing param=model.layers.12.mlp.gate_proj.weight]
Loading weights:  38%|███▊      | 136/355 [00:01<00:07, 30.73it/s, Materializing param=model.layers.12.mlp.gate_proj.weight]
Loading weights:  39%|███▊      | 137/355 [00:01<00:07, 30.73it/s, Materializing param=model.layers.12.mlp.up_proj.weight]  
Loading weights:  39%|███▊      | 137/355 [00:01<00:07, 30.73it/s, Materializing param=model.layers.12.mlp.up_proj.weight]
Loading weights:  39%|███▉      | 138/355 [00:01<00:07, 30.73it/s, Materializing param=model.layers.12.post_attention_layernorm.weight]
Loading weights:  39%|███▉      | 138/355 [00:01<00:07, 30.73it/s, Materializing param=model.layers.12.post_attention_layernorm.weight]
Loading weights:  39%|███▉      | 139/355 [00:01<00:07, 30.73it/s, Materializing param=model.layers.12.post_feedforward_layernorm.weight]
Loading weights:  39%|███▉      | 139/355 [00:01<00:07, 30.73it/s, Materializing param=model.layers.12.post_feedforward_layernorm.weight]
Loading weights:  39%|███▉      | 140/355 [00:01<00:06, 30.73it/s, Materializing param=model.layers.12.self_attn.k_norm.weight]          
Loading weights:  39%|███▉      | 140/355 [00:01<00:06, 30.73it/s, Materializing param=model.layers.12.self_attn.k_norm.weight]
Loading weights:  40%|███▉      | 141/355 [00:01<00:06, 30.73it/s, Materializing param=model.layers.12.self_attn.k_proj.weight]
Loading weights:  40%|███▉      | 141/355 [00:01<00:06, 30.73it/s, Materializing param=model.layers.12.self_attn.k_proj.weight]
Loading weights:  40%|████      | 142/355 [00:01<00:06, 30.73it/s, Materializing param=model.layers.12.self_attn.o_proj.weight]
Loading weights:  40%|████      | 142/355 [00:01<00:06, 30.73it/s, Materializing param=model.layers.12.self_attn.o_proj.weight]
Loading weights:  40%|████      | 143/355 [00:01<00:06, 30.73it/s, Materializing param=model.layers.12.self_attn.q_norm.weight]
Loading weights:  40%|████      | 143/355 [00:01<00:06, 30.73it/s, Materializing param=model.layers.12.self_attn.q_norm.weight]
Loading weights:  41%|████      | 144/355 [00:01<00:06, 30.73it/s, Materializing param=model.layers.12.self_attn.q_proj.weight]
Loading weights:  41%|████      | 144/355 [00:01<00:06, 30.73it/s, Materializing param=model.layers.12.self_attn.q_proj.weight]
Loading weights:  41%|████      | 145/355 [00:01<00:06, 30.73it/s, Materializing param=model.layers.12.self_attn.v_proj.weight]
Loading weights:  41%|████      | 145/355 [00:01<00:06, 30.73it/s, Materializing param=model.layers.12.self_attn.v_proj.weight]
Loading weights:  41%|████      | 146/355 [00:01<00:06, 30.73it/s, Materializing param=model.layers.13.mlp.down_proj.weight]   
Loading weights:  41%|████      | 146/355 [00:01<00:06, 30.73it/s, Materializing param=model.layers.13.mlp.down_proj.weight]
Loading weights:  41%|████▏     | 147/355 [00:01<00:06, 30.73it/s, Materializing param=model.layers.13.mlp.gate_proj.weight]
Loading weights:  41%|████▏     | 147/355 [00:01<00:06, 30.73it/s, Materializing param=model.layers.13.mlp.gate_proj.weight]
Loading weights:  42%|████▏     | 148/355 [00:01<00:06, 30.73it/s, Materializing param=model.layers.13.mlp.up_proj.weight]  
Loading weights:  42%|████▏     | 148/355 [00:01<00:06, 30.73it/s, Materializing param=model.layers.13.mlp.up_proj.weight]
Loading weights:  42%|████▏     | 149/355 [00:01<00:06, 30.73it/s, Materializing param=model.layers.13.post_attention_layernorm.weight]
Loading weights:  42%|████▏     | 149/355 [00:01<00:06, 30.73it/s, Materializing param=model.layers.13.post_attention_layernorm.weight]
Loading weights:  42%|████▏     | 150/355 [00:01<00:06, 30.73it/s, Materializing param=model.layers.13.post_feedforward_layernorm.weight]
Loading weights:  42%|████▏     | 150/355 [00:01<00:06, 30.73it/s, Materializing param=model.layers.13.post_feedforward_layernorm.weight]
Loading weights:  43%|████▎     | 151/355 [00:01<00:06, 30.73it/s, Materializing param=model.layers.13.self_attn.k_norm.weight]          
Loading weights:  43%|████▎     | 151/355 [00:01<00:06, 30.73it/s, Materializing param=model.layers.13.self_attn.k_norm.weight]
Loading weights:  43%|████▎     | 152/355 [00:01<00:06, 30.73it/s, Materializing param=model.layers.13.self_attn.k_proj.weight]
Loading weights:  43%|████▎     | 152/355 [00:01<00:06, 30.73it/s, Materializing param=model.layers.13.self_attn.k_proj.weight]
Loading weights:  43%|████▎     | 153/355 [00:01<00:06, 30.73it/s, Materializing param=model.layers.13.self_attn.o_proj.weight]
Loading weights:  43%|████▎     | 153/355 [00:01<00:06, 30.73it/s, Materializing param=model.layers.13.self_attn.o_proj.weight]
Loading weights:  43%|████▎     | 154/355 [00:01<00:06, 30.73it/s, Materializing param=model.layers.13.self_attn.q_norm.weight]
Loading weights:  43%|████▎     | 154/355 [00:01<00:06, 30.73it/s, Materializing param=model.layers.13.self_attn.q_norm.weight]
Loading weights:  44%|████▎     | 155/355 [00:01<00:06, 30.73it/s, Materializing param=model.layers.13.self_attn.q_proj.weight]
Loading weights:  44%|████▎     | 155/355 [00:01<00:06, 30.73it/s, Materializing param=model.layers.13.self_attn.q_proj.weight]
Loading weights:  44%|████▍     | 156/355 [00:01<00:06, 30.73it/s, Materializing param=model.layers.13.self_attn.v_proj.weight]
Loading weights:  44%|████▍     | 156/355 [00:01<00:06, 30.73it/s, Materializing param=model.layers.13.self_attn.v_proj.weight]
Loading weights:  44%|████▍     | 157/355 [00:01<00:06, 30.73it/s, Materializing param=model.layers.14.mlp.down_proj.weight]   
Loading weights:  44%|████▍     | 157/355 [00:01<00:06, 30.73it/s, Materializing param=model.layers.14.mlp.down_proj.weight]
Loading weights:  45%|████▍     | 158/355 [00:01<00:06, 30.73it/s, Materializing param=model.layers.14.mlp.gate_proj.weight]
Loading weights:  45%|████▍     | 158/355 [00:01<00:06, 30.73it/s, Materializing param=model.layers.14.mlp.gate_proj.weight]
Loading weights:  45%|████▍     | 159/355 [00:01<00:06, 30.73it/s, Materializing param=model.layers.14.mlp.up_proj.weight]  
Loading weights:  45%|████▍     | 159/355 [00:01<00:06, 30.73it/s, Materializing param=model.layers.14.mlp.up_proj.weight]
Loading weights:  45%|████▌     | 160/355 [00:01<00:06, 30.73it/s, Materializing param=model.layers.14.post_attention_layernorm.weight]
Loading weights:  45%|████▌     | 160/355 [00:01<00:06, 30.73it/s, Materializing param=model.layers.14.post_attention_layernorm.weight]
Loading weights:  45%|████▌     | 161/355 [00:01<00:06, 30.73it/s, Materializing param=model.layers.14.post_feedforward_layernorm.weight]
Loading weights:  45%|████▌     | 161/355 [00:01<00:06, 30.73it/s, Materializing param=model.layers.14.post_feedforward_layernorm.weight]
Loading weights:  46%|████▌     | 162/355 [00:01<00:06, 30.73it/s, Materializing param=model.layers.14.self_attn.k_norm.weight]          
Loading weights:  46%|████▌     | 162/355 [00:01<00:06, 30.73it/s, Materializing param=model.layers.14.self_attn.k_norm.weight]
Loading weights:  46%|████▌     | 163/355 [00:01<00:06, 30.73it/s, Materializing param=model.layers.14.self_attn.k_proj.weight]
Loading weights:  46%|████▌     | 163/355 [00:01<00:06, 30.73it/s, Materializing param=model.layers.14.self_attn.k_proj.weight]
Loading weights:  46%|████▌     | 164/355 [00:01<00:06, 30.73it/s, Materializing param=model.layers.14.self_attn.o_proj.weight]
Loading weights:  46%|████▌     | 164/355 [00:01<00:06, 30.73it/s, Materializing param=model.layers.14.self_attn.o_proj.weight]
Loading weights:  46%|████▋     | 165/355 [00:01<00:06, 30.73it/s, Materializing param=model.layers.14.self_attn.q_norm.weight]
Loading weights:  46%|████▋     | 165/355 [00:01<00:06, 30.73it/s, Materializing param=model.layers.14.self_attn.q_norm.weight]
Loading weights:  47%|████▋     | 166/355 [00:01<00:06, 30.73it/s, Materializing param=model.layers.14.self_attn.q_proj.weight]
Loading weights:  47%|████▋     | 166/355 [00:01<00:06, 30.73it/s, Materializing param=model.layers.14.self_attn.q_proj.weight]
Loading weights:  47%|████▋     | 167/355 [00:01<00:06, 30.73it/s, Materializing param=model.layers.14.self_attn.v_proj.weight]
Loading weights:  47%|████▋     | 167/355 [00:01<00:06, 30.73it/s, Materializing param=model.layers.14.self_attn.v_proj.weight]
Loading weights:  47%|████▋     | 168/355 [00:01<00:06, 30.73it/s, Materializing param=model.layers.15.mlp.down_proj.weight]   
Loading weights:  47%|████▋     | 168/355 [00:01<00:06, 30.73it/s, Materializing param=model.layers.15.mlp.down_proj.weight]
Loading weights:  48%|████▊     | 169/355 [00:01<00:06, 30.73it/s, Materializing param=model.layers.15.mlp.gate_proj.weight]
Loading weights:  48%|████▊     | 169/355 [00:01<00:06, 30.73it/s, Materializing param=model.layers.15.mlp.gate_proj.weight]
Loading weights:  48%|████▊     | 170/355 [00:01<00:06, 30.73it/s, Materializing param=model.layers.15.mlp.up_proj.weight]  
Loading weights:  48%|████▊     | 170/355 [00:01<00:06, 30.73it/s, Materializing param=model.layers.15.mlp.up_proj.weight]
Loading weights:  48%|████▊     | 171/355 [00:01<00:05, 30.73it/s, Materializing param=model.layers.15.post_attention_layernorm.weight]
Loading weights:  48%|████▊     | 171/355 [00:01<00:05, 30.73it/s, Materializing param=model.layers.15.post_attention_layernorm.weight]
Loading weights:  48%|████▊     | 172/355 [00:01<00:05, 30.73it/s, Materializing param=model.layers.15.post_feedforward_layernorm.weight]
Loading weights:  48%|████▊     | 172/355 [00:01<00:05, 30.73it/s, Materializing param=model.layers.15.post_feedforward_layernorm.weight]
Loading weights:  49%|████▊     | 173/355 [00:01<00:05, 30.73it/s, Materializing param=model.layers.15.self_attn.k_norm.weight]          
Loading weights:  49%|████▊     | 173/355 [00:01<00:05, 30.73it/s, Materializing param=model.layers.15.self_attn.k_norm.weight]
Loading weights:  49%|████▉     | 174/355 [00:01<00:05, 30.73it/s, Materializing param=model.layers.15.self_attn.k_proj.weight]
Loading weights:  49%|████▉     | 174/355 [00:01<00:05, 30.73it/s, Materializing param=model.layers.15.self_attn.k_proj.weight]
Loading weights:  49%|████▉     | 175/355 [00:01<00:05, 30.73it/s, Materializing param=model.layers.15.self_attn.o_proj.weight]
Loading weights:  49%|████▉     | 175/355 [00:01<00:05, 30.73it/s, Materializing param=model.layers.15.self_attn.o_proj.weight]
Loading weights:  50%|████▉     | 176/355 [00:01<00:05, 30.73it/s, Materializing param=model.layers.15.self_attn.q_norm.weight]
Loading weights:  50%|████▉     | 176/355 [00:01<00:05, 30.73it/s, Materializing param=model.layers.15.self_attn.q_norm.weight]
Loading weights:  50%|████▉     | 177/355 [00:01<00:05, 30.73it/s, Materializing param=model.layers.15.self_attn.q_proj.weight]
Loading weights:  50%|████▉     | 177/355 [00:01<00:05, 30.73it/s, Materializing param=model.layers.15.self_attn.q_proj.weight]
Loading weights:  50%|█████     | 178/355 [00:01<00:05, 30.73it/s, Materializing param=model.layers.15.self_attn.v_proj.weight]
Loading weights:  50%|█████     | 178/355 [00:01<00:05, 30.73it/s, Materializing param=model.layers.15.self_attn.v_proj.weight]
Loading weights:  50%|█████     | 179/355 [00:01<00:05, 30.73it/s, Materializing param=model.layers.16.mlp.down_proj.weight]   
Loading weights:  50%|█████     | 179/355 [00:01<00:05, 30.73it/s, Materializing param=model.layers.16.mlp.down_proj.weight]
Loading weights:  51%|█████     | 180/355 [00:01<00:05, 30.73it/s, Materializing param=model.layers.16.mlp.gate_proj.weight]
Loading weights:  51%|█████     | 180/355 [00:01<00:05, 30.73it/s, Materializing param=model.layers.16.mlp.gate_proj.weight]
Loading weights:  51%|█████     | 181/355 [00:01<00:05, 30.73it/s, Materializing param=model.layers.16.mlp.up_proj.weight]  
Loading weights:  51%|█████     | 181/355 [00:01<00:05, 30.73it/s, Materializing param=model.layers.16.mlp.up_proj.weight]
Loading weights:  51%|█████▏    | 182/355 [00:01<00:05, 30.73it/s, Materializing param=model.layers.16.post_attention_layernorm.weight]
Loading weights:  51%|█████▏    | 182/355 [00:01<00:05, 30.73it/s, Materializing param=model.layers.16.post_attention_layernorm.weight]
Loading weights:  52%|█████▏    | 183/355 [00:01<00:05, 30.73it/s, Materializing param=model.layers.16.post_feedforward_layernorm.weight]
Loading weights:  52%|█████▏    | 183/355 [00:01<00:05, 30.73it/s, Materializing param=model.layers.16.post_feedforward_layernorm.weight]
Loading weights:  52%|█████▏    | 184/355 [00:01<00:05, 30.73it/s, Materializing param=model.layers.16.self_attn.k_norm.weight]          
Loading weights:  52%|█████▏    | 184/355 [00:01<00:05, 30.73it/s, Materializing param=model.layers.16.self_attn.k_norm.weight]
Loading weights:  52%|█████▏    | 185/355 [00:01<00:05, 30.73it/s, Materializing param=model.layers.16.self_attn.k_proj.weight]
Loading weights:  52%|█████▏    | 185/355 [00:01<00:05, 30.73it/s, Materializing param=model.layers.16.self_attn.k_proj.weight]
Loading weights:  52%|█████▏    | 186/355 [00:01<00:05, 30.73it/s, Materializing param=model.layers.16.self_attn.o_proj.weight]
Loading weights:  52%|█████▏    | 186/355 [00:01<00:05, 30.73it/s, Materializing param=model.layers.16.self_attn.o_proj.weight]
Loading weights:  53%|█████▎    | 187/355 [00:01<00:05, 30.73it/s, Materializing param=model.layers.16.self_attn.q_norm.weight]
Loading weights:  53%|█████▎    | 187/355 [00:01<00:05, 30.73it/s, Materializing param=model.layers.16.self_attn.q_norm.weight]
Loading weights:  53%|█████▎    | 188/355 [00:01<00:05, 30.73it/s, Materializing param=model.layers.16.self_attn.q_proj.weight]
Loading weights:  53%|█████▎    | 188/355 [00:01<00:05, 30.73it/s, Materializing param=model.layers.16.self_attn.q_proj.weight]
Loading weights:  53%|█████▎    | 189/355 [00:01<00:05, 30.73it/s, Materializing param=model.layers.16.self_attn.v_proj.weight]
Loading weights:  53%|█████▎    | 189/355 [00:01<00:05, 30.73it/s, Materializing param=model.layers.16.self_attn.v_proj.weight]
Loading weights:  54%|█████▎    | 190/355 [00:01<00:05, 30.73it/s, Materializing param=model.layers.17.mlp.down_proj.weight]   
Loading weights:  54%|█████▎    | 190/355 [00:01<00:05, 30.73it/s, Materializing param=model.layers.17.mlp.down_proj.weight]
Loading weights:  54%|█████▍    | 191/355 [00:01<00:05, 30.73it/s, Materializing param=model.layers.17.mlp.gate_proj.weight]
Loading weights:  54%|█████▍    | 191/355 [00:01<00:05, 30.73it/s, Materializing param=model.layers.17.mlp.gate_proj.weight]
Loading weights:  54%|█████▍    | 192/355 [00:01<00:05, 30.73it/s, Materializing param=model.layers.17.mlp.up_proj.weight]  
Loading weights:  54%|█████▍    | 192/355 [00:01<00:05, 30.73it/s, Materializing param=model.layers.17.mlp.up_proj.weight]
Loading weights:  54%|█████▍    | 193/355 [00:01<00:05, 30.73it/s, Materializing param=model.layers.17.post_attention_layernorm.weight]
Loading weights:  54%|█████▍    | 193/355 [00:01<00:05, 30.73it/s, Materializing param=model.layers.17.post_attention_layernorm.weight]
Loading weights:  55%|█████▍    | 194/355 [00:01<00:05, 30.73it/s, Materializing param=model.layers.17.post_feedforward_layernorm.weight]
Loading weights:  55%|█████▍    | 194/355 [00:01<00:05, 30.73it/s, Materializing param=model.layers.17.post_feedforward_layernorm.weight]
Loading weights:  55%|█████▍    | 195/355 [00:01<00:05, 30.73it/s, Materializing param=model.layers.17.self_attn.k_norm.weight]          
Loading weights:  55%|█████▍    | 195/355 [00:01<00:05, 30.73it/s, Materializing param=model.layers.17.self_attn.k_norm.weight]
Loading weights:  55%|█████▌    | 196/355 [00:01<00:05, 30.73it/s, Materializing param=model.layers.17.self_attn.k_proj.weight]
Loading weights:  55%|█████▌    | 196/355 [00:01<00:05, 30.73it/s, Materializing param=model.layers.17.self_attn.k_proj.weight]
Loading weights:  55%|█████▌    | 197/355 [00:01<00:05, 30.73it/s, Materializing param=model.layers.17.self_attn.o_proj.weight]
Loading weights:  55%|█████▌    | 197/355 [00:01<00:05, 30.73it/s, Materializing param=model.layers.17.self_attn.o_proj.weight]
Loading weights:  56%|█████▌    | 198/355 [00:01<00:05, 30.73it/s, Materializing param=model.layers.17.self_attn.q_norm.weight]
Loading weights:  56%|█████▌    | 198/355 [00:01<00:05, 30.73it/s, Materializing param=model.layers.17.self_attn.q_norm.weight]
Loading weights:  56%|█████▌    | 199/355 [00:01<00:05, 30.73it/s, Materializing param=model.layers.17.self_attn.q_proj.weight]
Loading weights:  56%|█████▌    | 199/355 [00:01<00:05, 30.73it/s, Materializing param=model.layers.17.self_attn.q_proj.weight]
Loading weights:  56%|█████▋    | 200/355 [00:01<00:05, 30.73it/s, Materializing param=model.layers.17.self_attn.v_proj.weight]
Loading weights:  56%|█████▋    | 200/355 [00:01<00:05, 30.73it/s, Materializing param=model.layers.17.self_attn.v_proj.weight]
Loading weights:  57%|█████▋    | 201/355 [00:01<00:05, 30.73it/s, Materializing param=model.layers.18.mlp.down_proj.weight]   
Loading weights:  57%|█████▋    | 201/355 [00:01<00:05, 30.73it/s, Materializing param=model.layers.18.mlp.down_proj.weight]
Loading weights:  57%|█████▋    | 202/355 [00:01<00:04, 30.73it/s, Materializing param=model.layers.18.mlp.gate_proj.weight]
Loading weights:  57%|█████▋    | 202/355 [00:01<00:04, 30.73it/s, Materializing param=model.layers.18.mlp.gate_proj.weight]
Loading weights:  57%|█████▋    | 203/355 [00:01<00:04, 30.73it/s, Materializing param=model.layers.18.mlp.up_proj.weight]  
Loading weights:  57%|█████▋    | 203/355 [00:01<00:04, 30.73it/s, Materializing param=model.layers.18.mlp.up_proj.weight]
Loading weights:  57%|█████▋    | 204/355 [00:01<00:04, 30.73it/s, Materializing param=model.layers.18.post_attention_layernorm.weight]
Loading weights:  57%|█████▋    | 204/355 [00:01<00:04, 30.73it/s, Materializing param=model.layers.18.post_attention_layernorm.weight]
Loading weights:  58%|█████▊    | 205/355 [00:01<00:04, 30.73it/s, Materializing param=model.layers.18.post_feedforward_layernorm.weight]
Loading weights:  58%|█████▊    | 205/355 [00:01<00:04, 30.73it/s, Materializing param=model.layers.18.post_feedforward_layernorm.weight]
Loading weights:  58%|█████▊    | 206/355 [00:01<00:04, 30.73it/s, Materializing param=model.layers.18.self_attn.k_norm.weight]          
Loading weights:  58%|█████▊    | 206/355 [00:01<00:04, 30.73it/s, Materializing param=model.layers.18.self_attn.k_norm.weight]
Loading weights:  58%|█████▊    | 207/355 [00:01<00:04, 30.73it/s, Materializing param=model.layers.18.self_attn.k_proj.weight]
Loading weights:  58%|█████▊    | 207/355 [00:01<00:04, 30.73it/s, Materializing param=model.layers.18.self_attn.k_proj.weight]
Loading weights:  59%|█████▊    | 208/355 [00:01<00:04, 30.73it/s, Materializing param=model.layers.18.self_attn.o_proj.weight]
Loading weights:  59%|█████▊    | 208/355 [00:01<00:04, 30.73it/s, Materializing param=model.layers.18.self_attn.o_proj.weight]
Loading weights:  59%|█████▉    | 209/355 [00:01<00:04, 30.73it/s, Materializing param=model.layers.18.self_attn.q_norm.weight]
Loading weights:  59%|█████▉    | 209/355 [00:01<00:04, 30.73it/s, Materializing param=model.layers.18.self_attn.q_norm.weight]
Loading weights:  59%|█████▉    | 210/355 [00:01<00:04, 30.73it/s, Materializing param=model.layers.18.self_attn.q_proj.weight]
Loading weights:  59%|█████▉    | 210/355 [00:01<00:04, 30.73it/s, Materializing param=model.layers.18.self_attn.q_proj.weight]
Loading weights:  59%|█████▉    | 211/355 [00:01<00:04, 30.73it/s, Materializing param=model.layers.18.self_attn.v_proj.weight]
Loading weights:  59%|█████▉    | 211/355 [00:01<00:04, 30.73it/s, Materializing param=model.layers.18.self_attn.v_proj.weight]
Loading weights:  60%|█████▉    | 212/355 [00:01<00:04, 30.73it/s, Materializing param=model.layers.19.mlp.down_proj.weight]   
Loading weights:  60%|█████▉    | 212/355 [00:01<00:04, 30.73it/s, Materializing param=model.layers.19.mlp.down_proj.weight]
Loading weights:  60%|██████    | 213/355 [00:01<00:04, 30.73it/s, Materializing param=model.layers.19.mlp.gate_proj.weight]
Loading weights:  60%|██████    | 213/355 [00:01<00:04, 30.73it/s, Materializing param=model.layers.19.mlp.gate_proj.weight]
Loading weights:  60%|██████    | 214/355 [00:01<00:04, 30.73it/s, Materializing param=model.layers.19.mlp.up_proj.weight]  
Loading weights:  60%|██████    | 214/355 [00:01<00:04, 30.73it/s, Materializing param=model.layers.19.mlp.up_proj.weight]
Loading weights:  61%|██████    | 215/355 [00:01<00:04, 30.73it/s, Materializing param=model.layers.19.post_attention_layernorm.weight]
Loading weights:  61%|██████    | 215/355 [00:01<00:04, 30.73it/s, Materializing param=model.layers.19.post_attention_layernorm.weight]
Loading weights:  61%|██████    | 216/355 [00:01<00:04, 30.73it/s, Materializing param=model.layers.19.post_feedforward_layernorm.weight]
Loading weights:  61%|██████    | 216/355 [00:01<00:04, 30.73it/s, Materializing param=model.layers.19.post_feedforward_layernorm.weight]
Loading weights:  61%|██████    | 217/355 [00:01<00:04, 30.73it/s, Materializing param=model.layers.19.self_attn.k_norm.weight]          
Loading weights:  61%|██████    | 217/355 [00:01<00:04, 30.73it/s, Materializing param=model.layers.19.self_attn.k_norm.weight]
Loading weights:  61%|██████▏   | 218/355 [00:01<00:04, 30.73it/s, Materializing param=model.layers.19.self_attn.k_proj.weight]
Loading weights:  61%|██████▏   | 218/355 [00:01<00:04, 30.73it/s, Materializing param=model.layers.19.self_attn.k_proj.weight]
Loading weights:  62%|██████▏   | 219/355 [00:01<00:04, 30.73it/s, Materializing param=model.layers.19.self_attn.o_proj.weight]
Loading weights:  62%|██████▏   | 219/355 [00:01<00:04, 30.73it/s, Materializing param=model.layers.19.self_attn.o_proj.weight]
Loading weights:  62%|██████▏   | 220/355 [00:01<00:04, 30.73it/s, Materializing param=model.layers.19.self_attn.q_norm.weight]
Loading weights:  62%|██████▏   | 220/355 [00:01<00:04, 30.73it/s, Materializing param=model.layers.19.self_attn.q_norm.weight]
Loading weights:  62%|██████▏   | 221/355 [00:01<00:04, 30.73it/s, Materializing param=model.layers.19.self_attn.q_proj.weight]
Loading weights:  62%|██████▏   | 221/355 [00:01<00:04, 30.73it/s, Materializing param=model.layers.19.self_attn.q_proj.weight]
Loading weights:  63%|██████▎   | 222/355 [00:01<00:04, 30.73it/s, Materializing param=model.layers.19.self_attn.v_proj.weight]
Loading weights:  63%|██████▎   | 222/355 [00:01<00:04, 30.73it/s, Materializing param=model.layers.19.self_attn.v_proj.weight]
Loading weights:  63%|██████▎   | 223/355 [00:01<00:04, 30.73it/s, Materializing param=model.layers.20.mlp.down_proj.weight]   
Loading weights:  63%|██████▎   | 223/355 [00:01<00:04, 30.73it/s, Materializing param=model.layers.20.mlp.down_proj.weight]
Loading weights:  63%|██████▎   | 224/355 [00:01<00:04, 30.73it/s, Materializing param=model.layers.20.mlp.gate_proj.weight]
Loading weights:  63%|██████▎   | 224/355 [00:01<00:04, 30.73it/s, Materializing param=model.layers.20.mlp.gate_proj.weight]
Loading weights:  63%|██████▎   | 225/355 [00:01<00:04, 30.73it/s, Materializing param=model.layers.20.mlp.up_proj.weight]  
Loading weights:  63%|██████▎   | 225/355 [00:01<00:04, 30.73it/s, Materializing param=model.layers.20.mlp.up_proj.weight]
Loading weights:  64%|██████▎   | 226/355 [00:01<00:04, 30.73it/s, Materializing param=model.layers.20.post_attention_layernorm.weight]
Loading weights:  64%|██████▎   | 226/355 [00:01<00:04, 30.73it/s, Materializing param=model.layers.20.post_attention_layernorm.weight]
Loading weights:  64%|██████▍   | 227/355 [00:01<00:04, 30.73it/s, Materializing param=model.layers.20.post_feedforward_layernorm.weight]
Loading weights:  64%|██████▍   | 227/355 [00:01<00:04, 30.73it/s, Materializing param=model.layers.20.post_feedforward_layernorm.weight]
Loading weights:  64%|██████▍   | 228/355 [00:01<00:04, 30.73it/s, Materializing param=model.layers.20.self_attn.k_norm.weight]          
Loading weights:  64%|██████▍   | 228/355 [00:01<00:04, 30.73it/s, Materializing param=model.layers.20.self_attn.k_norm.weight]
Loading weights:  65%|██████▍   | 229/355 [00:01<00:04, 30.73it/s, Materializing param=model.layers.20.self_attn.k_proj.weight]
Loading weights:  65%|██████▍   | 229/355 [00:01<00:04, 30.73it/s, Materializing param=model.layers.20.self_attn.k_proj.weight]
Loading weights:  65%|██████▍   | 230/355 [00:01<00:04, 30.73it/s, Materializing param=model.layers.20.self_attn.o_proj.weight]
Loading weights:  65%|██████▍   | 230/355 [00:01<00:04, 30.73it/s, Materializing param=model.layers.20.self_attn.o_proj.weight]
Loading weights:  65%|██████▌   | 231/355 [00:01<00:04, 30.73it/s, Materializing param=model.layers.20.self_attn.q_norm.weight]
Loading weights:  65%|██████▌   | 231/355 [00:01<00:04, 30.73it/s, Materializing param=model.layers.20.self_attn.q_norm.weight]
Loading weights:  65%|██████▌   | 232/355 [00:01<00:04, 30.73it/s, Materializing param=model.layers.20.self_attn.q_proj.weight]
Loading weights:  65%|██████▌   | 232/355 [00:01<00:04, 30.73it/s, Materializing param=model.layers.20.self_attn.q_proj.weight]
Loading weights:  66%|██████▌   | 233/355 [00:01<00:03, 30.73it/s, Materializing param=model.layers.20.self_attn.v_proj.weight]
Loading weights:  66%|██████▌   | 233/355 [00:01<00:03, 30.73it/s, Materializing param=model.layers.20.self_attn.v_proj.weight]
Loading weights:  66%|██████▌   | 234/355 [00:01<00:03, 30.73it/s, Materializing param=model.layers.21.mlp.down_proj.weight]   
Loading weights:  66%|██████▌   | 234/355 [00:01<00:03, 30.73it/s, Materializing param=model.layers.21.mlp.down_proj.weight]
Loading weights:  66%|██████▌   | 235/355 [00:01<00:03, 30.73it/s, Materializing param=model.layers.21.mlp.gate_proj.weight]
Loading weights:  66%|██████▌   | 235/355 [00:01<00:03, 30.73it/s, Materializing param=model.layers.21.mlp.gate_proj.weight]
Loading weights:  66%|██████▋   | 236/355 [00:01<00:03, 30.73it/s, Materializing param=model.layers.21.mlp.up_proj.weight]  
Loading weights:  66%|██████▋   | 236/355 [00:01<00:03, 30.73it/s, Materializing param=model.layers.21.mlp.up_proj.weight]
Loading weights:  67%|██████▋   | 237/355 [00:01<00:03, 30.73it/s, Materializing param=model.layers.21.post_attention_layernorm.weight]
Loading weights:  67%|██████▋   | 237/355 [00:01<00:03, 30.73it/s, Materializing param=model.layers.21.post_attention_layernorm.weight]
Loading weights:  67%|██████▋   | 238/355 [00:01<00:03, 30.73it/s, Materializing param=model.layers.21.post_feedforward_layernorm.weight]
Loading weights:  67%|██████▋   | 238/355 [00:01<00:03, 30.73it/s, Materializing param=model.layers.21.post_feedforward_layernorm.weight]
Loading weights:  67%|██████▋   | 239/355 [00:01<00:03, 30.73it/s, Materializing param=model.layers.21.self_attn.k_norm.weight]          
Loading weights:  67%|██████▋   | 239/355 [00:01<00:03, 30.73it/s, Materializing param=model.layers.21.self_attn.k_norm.weight]
Loading weights:  68%|██████▊   | 240/355 [00:01<00:03, 30.73it/s, Materializing param=model.layers.21.self_attn.k_proj.weight]
Loading weights:  68%|██████▊   | 240/355 [00:01<00:03, 30.73it/s, Materializing param=model.layers.21.self_attn.k_proj.weight]
Loading weights:  68%|██████▊   | 241/355 [00:01<00:03, 30.73it/s, Materializing param=model.layers.21.self_attn.o_proj.weight]
Loading weights:  68%|██████▊   | 241/355 [00:01<00:03, 30.73it/s, Materializing param=model.layers.21.self_attn.o_proj.weight]
Loading weights:  68%|██████▊   | 242/355 [00:01<00:03, 30.73it/s, Materializing param=model.layers.21.self_attn.q_norm.weight]
Loading weights:  68%|██████▊   | 242/355 [00:01<00:03, 30.73it/s, Materializing param=model.layers.21.self_attn.q_norm.weight]
Loading weights:  68%|██████▊   | 243/355 [00:01<00:03, 30.73it/s, Materializing param=model.layers.21.self_attn.q_proj.weight]
Loading weights:  68%|██████▊   | 243/355 [00:01<00:03, 30.73it/s, Materializing param=model.layers.21.self_attn.q_proj.weight]
Loading weights:  69%|██████▊   | 244/355 [00:01<00:03, 30.73it/s, Materializing param=model.layers.21.self_attn.v_proj.weight]
Loading weights:  69%|██████▊   | 244/355 [00:01<00:03, 30.73it/s, Materializing param=model.layers.21.self_attn.v_proj.weight]
Loading weights:  69%|██████▉   | 245/355 [00:01<00:03, 30.73it/s, Materializing param=model.layers.22.mlp.down_proj.weight]   
Loading weights:  69%|██████▉   | 245/355 [00:01<00:03, 30.73it/s, Materializing param=model.layers.22.mlp.down_proj.weight]
Loading weights:  69%|██████▉   | 246/355 [00:01<00:03, 30.73it/s, Materializing param=model.layers.22.mlp.gate_proj.weight]
Loading weights:  69%|██████▉   | 246/355 [00:01<00:03, 30.73it/s, Materializing param=model.layers.22.mlp.gate_proj.weight]
Loading weights:  70%|██████▉   | 247/355 [00:01<00:03, 30.73it/s, Materializing param=model.layers.22.mlp.up_proj.weight]  
Loading weights:  70%|██████▉   | 247/355 [00:01<00:03, 30.73it/s, Materializing param=model.layers.22.mlp.up_proj.weight]
Loading weights:  70%|██████▉   | 248/355 [00:01<00:03, 30.73it/s, Materializing param=model.layers.22.post_attention_layernorm.weight]
Loading weights:  70%|██████▉   | 248/355 [00:01<00:03, 30.73it/s, Materializing param=model.layers.22.post_attention_layernorm.weight]
Loading weights:  70%|███████   | 249/355 [00:01<00:03, 30.73it/s, Materializing param=model.layers.22.post_feedforward_layernorm.weight]
Loading weights:  70%|███████   | 249/355 [00:01<00:03, 30.73it/s, Materializing param=model.layers.22.post_feedforward_layernorm.weight]
Loading weights:  70%|███████   | 250/355 [00:01<00:03, 30.73it/s, Materializing param=model.layers.22.self_attn.k_norm.weight]          
Loading weights:  70%|███████   | 250/355 [00:01<00:03, 30.73it/s, Materializing param=model.layers.22.self_attn.k_norm.weight]
Loading weights:  71%|███████   | 251/355 [00:01<00:03, 30.73it/s, Materializing param=model.layers.22.self_attn.k_proj.weight]
Loading weights:  71%|███████   | 251/355 [00:01<00:03, 30.73it/s, Materializing param=model.layers.22.self_attn.k_proj.weight]
Loading weights:  71%|███████   | 252/355 [00:01<00:03, 30.73it/s, Materializing param=model.layers.22.self_attn.o_proj.weight]
Loading weights:  71%|███████   | 252/355 [00:01<00:03, 30.73it/s, Materializing param=model.layers.22.self_attn.o_proj.weight]
Loading weights:  71%|███████▏  | 253/355 [00:01<00:03, 30.73it/s, Materializing param=model.layers.22.self_attn.q_norm.weight]
Loading weights:  71%|███████▏  | 253/355 [00:01<00:03, 30.73it/s, Materializing param=model.layers.22.self_attn.q_norm.weight]
Loading weights:  72%|███████▏  | 254/355 [00:01<00:03, 30.73it/s, Materializing param=model.layers.22.self_attn.q_proj.weight]
Loading weights:  72%|███████▏  | 254/355 [00:01<00:03, 30.73it/s, Materializing param=model.layers.22.self_attn.q_proj.weight]
Loading weights:  72%|███████▏  | 255/355 [00:01<00:03, 30.73it/s, Materializing param=model.layers.22.self_attn.v_proj.weight]
Loading weights:  72%|███████▏  | 255/355 [00:01<00:03, 30.73it/s, Materializing param=model.layers.22.self_attn.v_proj.weight]
Loading weights:  72%|███████▏  | 256/355 [00:01<00:03, 30.73it/s, Materializing param=model.layers.23.mlp.down_proj.weight]   
Loading weights:  72%|███████▏  | 256/355 [00:01<00:03, 30.73it/s, Materializing param=model.layers.23.mlp.down_proj.weight]
Loading weights:  72%|███████▏  | 257/355 [00:01<00:03, 30.73it/s, Materializing param=model.layers.23.mlp.gate_proj.weight]
Loading weights:  72%|███████▏  | 257/355 [00:01<00:03, 30.73it/s, Materializing param=model.layers.23.mlp.gate_proj.weight]
Loading weights:  73%|███████▎  | 258/355 [00:01<00:03, 30.73it/s, Materializing param=model.layers.23.mlp.up_proj.weight]  
Loading weights:  73%|███████▎  | 258/355 [00:01<00:03, 30.73it/s, Materializing param=model.layers.23.mlp.up_proj.weight]
Loading weights:  73%|███████▎  | 259/355 [00:01<00:03, 30.73it/s, Materializing param=model.layers.23.post_attention_layernorm.weight]
Loading weights:  73%|███████▎  | 259/355 [00:01<00:03, 30.73it/s, Materializing param=model.layers.23.post_attention_layernorm.weight]
Loading weights:  73%|███████▎  | 260/355 [00:01<00:03, 30.73it/s, Materializing param=model.layers.23.post_feedforward_layernorm.weight]
Loading weights:  73%|███████▎  | 260/355 [00:01<00:03, 30.73it/s, Materializing param=model.layers.23.post_feedforward_layernorm.weight]
Loading weights:  74%|███████▎  | 261/355 [00:01<00:03, 30.73it/s, Materializing param=model.layers.23.self_attn.k_norm.weight]          
Loading weights:  74%|███████▎  | 261/355 [00:01<00:03, 30.73it/s, Materializing param=model.layers.23.self_attn.k_norm.weight]
Loading weights:  74%|███████▍  | 262/355 [00:01<00:03, 30.73it/s, Materializing param=model.layers.23.self_attn.k_proj.weight]
Loading weights:  74%|███████▍  | 262/355 [00:01<00:03, 30.73it/s, Materializing param=model.layers.23.self_attn.k_proj.weight]
Loading weights:  74%|███████▍  | 263/355 [00:01<00:02, 30.73it/s, Materializing param=model.layers.23.self_attn.o_proj.weight]
Loading weights:  74%|███████▍  | 263/355 [00:01<00:02, 30.73it/s, Materializing param=model.layers.23.self_attn.o_proj.weight]
Loading weights:  74%|███████▍  | 264/355 [00:01<00:02, 30.73it/s, Materializing param=model.layers.23.self_attn.q_norm.weight]
Loading weights:  74%|███████▍  | 264/355 [00:01<00:02, 30.73it/s, Materializing param=model.layers.23.self_attn.q_norm.weight]
Loading weights:  75%|███████▍  | 265/355 [00:01<00:02, 30.73it/s, Materializing param=model.layers.23.self_attn.q_proj.weight]
Loading weights:  75%|███████▍  | 265/355 [00:01<00:02, 30.73it/s, Materializing param=model.layers.23.self_attn.q_proj.weight]
Loading weights:  75%|███████▍  | 266/355 [00:01<00:02, 30.73it/s, Materializing param=model.layers.23.self_attn.v_proj.weight]
Loading weights:  75%|███████▍  | 266/355 [00:01<00:02, 30.73it/s, Materializing param=model.layers.23.self_attn.v_proj.weight]
Loading weights:  75%|███████▌  | 267/355 [00:01<00:02, 30.73it/s, Materializing param=model.layers.24.mlp.down_proj.weight]   
Loading weights:  75%|███████▌  | 267/355 [00:01<00:02, 30.73it/s, Materializing param=model.layers.24.mlp.down_proj.weight]
Loading weights:  75%|███████▌  | 268/355 [00:01<00:02, 30.73it/s, Materializing param=model.layers.24.mlp.gate_proj.weight]
Loading weights:  75%|███████▌  | 268/355 [00:01<00:02, 30.73it/s, Materializing param=model.layers.24.mlp.gate_proj.weight]
Loading weights:  76%|███████▌  | 269/355 [00:01<00:02, 30.73it/s, Materializing param=model.layers.24.mlp.up_proj.weight]  
Loading weights:  76%|███████▌  | 269/355 [00:01<00:02, 30.73it/s, Materializing param=model.layers.24.mlp.up_proj.weight]
Loading weights:  76%|███████▌  | 270/355 [00:01<00:02, 30.73it/s, Materializing param=model.layers.24.post_attention_layernorm.weight]
Loading weights:  76%|███████▌  | 270/355 [00:01<00:02, 30.73it/s, Materializing param=model.layers.24.post_attention_layernorm.weight]
Loading weights:  76%|███████▋  | 271/355 [00:01<00:02, 30.73it/s, Materializing param=model.layers.24.post_feedforward_layernorm.weight]
Loading weights:  76%|███████▋  | 271/355 [00:01<00:02, 30.73it/s, Materializing param=model.layers.24.post_feedforward_layernorm.weight]
Loading weights:  77%|███████▋  | 272/355 [00:01<00:02, 30.73it/s, Materializing param=model.layers.24.self_attn.k_norm.weight]          
Loading weights:  77%|███████▋  | 272/355 [00:01<00:02, 30.73it/s, Materializing param=model.layers.24.self_attn.k_norm.weight]
Loading weights:  77%|███████▋  | 273/355 [00:01<00:02, 30.73it/s, Materializing param=model.layers.24.self_attn.k_proj.weight]
Loading weights:  77%|███████▋  | 273/355 [00:01<00:02, 30.73it/s, Materializing param=model.layers.24.self_attn.k_proj.weight]
Loading weights:  77%|███████▋  | 274/355 [00:01<00:02, 30.73it/s, Materializing param=model.layers.24.self_attn.o_proj.weight]
Loading weights:  77%|███████▋  | 274/355 [00:01<00:02, 30.73it/s, Materializing param=model.layers.24.self_attn.o_proj.weight]
Loading weights:  77%|███████▋  | 275/355 [00:01<00:02, 30.73it/s, Materializing param=model.layers.24.self_attn.q_norm.weight]
Loading weights:  77%|███████▋  | 275/355 [00:01<00:02, 30.73it/s, Materializing param=model.layers.24.self_attn.q_norm.weight]
Loading weights:  78%|███████▊  | 276/355 [00:01<00:02, 30.73it/s, Materializing param=model.layers.24.self_attn.q_proj.weight]
Loading weights:  78%|███████▊  | 276/355 [00:01<00:02, 30.73it/s, Materializing param=model.layers.24.self_attn.q_proj.weight]
Loading weights:  78%|███████▊  | 277/355 [00:01<00:02, 30.73it/s, Materializing param=model.layers.24.self_attn.v_proj.weight]
Loading weights:  78%|███████▊  | 277/355 [00:01<00:02, 30.73it/s, Materializing param=model.layers.24.self_attn.v_proj.weight]
Loading weights:  78%|███████▊  | 278/355 [00:01<00:02, 30.73it/s, Materializing param=model.layers.25.mlp.down_proj.weight]   
Loading weights:  78%|███████▊  | 278/355 [00:01<00:02, 30.73it/s, Materializing param=model.layers.25.mlp.down_proj.weight]
Loading weights:  79%|███████▊  | 279/355 [00:01<00:02, 30.73it/s, Materializing param=model.layers.25.mlp.gate_proj.weight]
Loading weights:  79%|███████▊  | 279/355 [00:01<00:02, 30.73it/s, Materializing param=model.layers.25.mlp.gate_proj.weight]
Loading weights:  79%|███████▉  | 280/355 [00:01<00:02, 30.73it/s, Materializing param=model.layers.25.mlp.up_proj.weight]  
Loading weights:  79%|███████▉  | 280/355 [00:01<00:02, 30.73it/s, Materializing param=model.layers.25.mlp.up_proj.weight]
Loading weights:  79%|███████▉  | 281/355 [00:01<00:02, 30.73it/s, Materializing param=model.layers.25.post_attention_layernorm.weight]
Loading weights:  79%|███████▉  | 281/355 [00:01<00:02, 30.73it/s, Materializing param=model.layers.25.post_attention_layernorm.weight]
Loading weights:  79%|███████▉  | 282/355 [00:01<00:02, 30.73it/s, Materializing param=model.layers.25.post_feedforward_layernorm.weight]
Loading weights:  79%|███████▉  | 282/355 [00:01<00:02, 30.73it/s, Materializing param=model.layers.25.post_feedforward_layernorm.weight]
Loading weights:  80%|███████▉  | 283/355 [00:01<00:02, 30.73it/s, Materializing param=model.layers.25.self_attn.k_norm.weight]          
Loading weights:  80%|███████▉  | 283/355 [00:01<00:02, 30.73it/s, Materializing param=model.layers.25.self_attn.k_norm.weight]
Loading weights:  80%|████████  | 284/355 [00:01<00:02, 30.73it/s, Materializing param=model.layers.25.self_attn.k_proj.weight]
Loading weights:  80%|████████  | 284/355 [00:01<00:02, 30.73it/s, Materializing param=model.layers.25.self_attn.k_proj.weight]
Loading weights:  80%|████████  | 285/355 [00:01<00:02, 30.73it/s, Materializing param=model.layers.25.self_attn.o_proj.weight]
Loading weights:  80%|████████  | 285/355 [00:01<00:02, 30.73it/s, Materializing param=model.layers.25.self_attn.o_proj.weight]
Loading weights:  81%|████████  | 286/355 [00:01<00:02, 30.73it/s, Materializing param=model.layers.25.self_attn.q_norm.weight]
Loading weights:  81%|████████  | 286/355 [00:01<00:02, 30.73it/s, Materializing param=model.layers.25.self_attn.q_norm.weight]
Loading weights:  81%|████████  | 287/355 [00:01<00:02, 30.73it/s, Materializing param=model.layers.25.self_attn.q_proj.weight]
Loading weights:  81%|████████  | 287/355 [00:01<00:02, 30.73it/s, Materializing param=model.layers.25.self_attn.q_proj.weight]
Loading weights:  81%|████████  | 288/355 [00:01<00:02, 30.73it/s, Materializing param=model.layers.25.self_attn.v_proj.weight]
Loading weights:  81%|████████  | 288/355 [00:01<00:02, 30.73it/s, Materializing param=model.layers.25.self_attn.v_proj.weight]
Loading weights:  81%|████████▏ | 289/355 [00:01<00:02, 30.73it/s, Materializing param=model.layers.26.mlp.down_proj.weight]   
Loading weights:  81%|████████▏ | 289/355 [00:01<00:02, 30.73it/s, Materializing param=model.layers.26.mlp.down_proj.weight]
Loading weights:  82%|████████▏ | 290/355 [00:01<00:02, 30.73it/s, Materializing param=model.layers.26.mlp.gate_proj.weight]
Loading weights:  82%|████████▏ | 290/355 [00:01<00:02, 30.73it/s, Materializing param=model.layers.26.mlp.gate_proj.weight]
Loading weights:  82%|████████▏ | 291/355 [00:01<00:02, 30.73it/s, Materializing param=model.layers.26.mlp.up_proj.weight]  
Loading weights:  82%|████████▏ | 291/355 [00:01<00:02, 30.73it/s, Materializing param=model.layers.26.mlp.up_proj.weight]
Loading weights:  82%|████████▏ | 292/355 [00:01<00:02, 30.73it/s, Materializing param=model.layers.26.post_attention_layernorm.weight]
Loading weights:  82%|████████▏ | 292/355 [00:01<00:02, 30.73it/s, Materializing param=model.layers.26.post_attention_layernorm.weight]
Loading weights:  83%|████████▎ | 293/355 [00:01<00:02, 30.73it/s, Materializing param=model.layers.26.post_feedforward_layernorm.weight]
Loading weights:  83%|████████▎ | 293/355 [00:01<00:02, 30.73it/s, Materializing param=model.layers.26.post_feedforward_layernorm.weight]
Loading weights:  83%|████████▎ | 294/355 [00:01<00:01, 30.73it/s, Materializing param=model.layers.26.self_attn.k_norm.weight]          
Loading weights:  83%|████████▎ | 294/355 [00:01<00:01, 30.73it/s, Materializing param=model.layers.26.self_attn.k_norm.weight]
Loading weights:  83%|████████▎ | 295/355 [00:01<00:01, 30.73it/s, Materializing param=model.layers.26.self_attn.k_proj.weight]
Loading weights:  83%|████████▎ | 295/355 [00:01<00:01, 30.73it/s, Materializing param=model.layers.26.self_attn.k_proj.weight]
Loading weights:  83%|████████▎ | 296/355 [00:01<00:01, 30.73it/s, Materializing param=model.layers.26.self_attn.o_proj.weight]
Loading weights:  83%|████████▎ | 296/355 [00:01<00:01, 30.73it/s, Materializing param=model.layers.26.self_attn.o_proj.weight]
Loading weights:  84%|████████▎ | 297/355 [00:01<00:01, 30.73it/s, Materializing param=model.layers.26.self_attn.q_norm.weight]
Loading weights:  84%|████████▎ | 297/355 [00:01<00:01, 30.73it/s, Materializing param=model.layers.26.self_attn.q_norm.weight]
Loading weights:  84%|████████▍ | 298/355 [00:01<00:01, 30.73it/s, Materializing param=model.layers.26.self_attn.q_proj.weight]
Loading weights:  84%|████████▍ | 298/355 [00:01<00:01, 30.73it/s, Materializing param=model.layers.26.self_attn.q_proj.weight]
Loading weights:  84%|████████▍ | 299/355 [00:01<00:01, 30.73it/s, Materializing param=model.layers.26.self_attn.v_proj.weight]
Loading weights:  84%|████████▍ | 299/355 [00:01<00:01, 30.73it/s, Materializing param=model.layers.26.self_attn.v_proj.weight]
Loading weights:  85%|████████▍ | 300/355 [00:01<00:01, 30.73it/s, Materializing param=model.layers.27.mlp.down_proj.weight]   
Loading weights:  85%|████████▍ | 300/355 [00:01<00:01, 30.73it/s, Materializing param=model.layers.27.mlp.down_proj.weight]
Loading weights:  85%|████████▍ | 301/355 [00:01<00:01, 30.73it/s, Materializing param=model.layers.27.mlp.gate_proj.weight]
Loading weights:  85%|████████▍ | 301/355 [00:01<00:01, 30.73it/s, Materializing param=model.layers.27.mlp.gate_proj.weight]
Loading weights:  85%|████████▌ | 302/355 [00:01<00:01, 30.73it/s, Materializing param=model.layers.27.mlp.up_proj.weight]  
Loading weights:  85%|████████▌ | 302/355 [00:01<00:01, 30.73it/s, Materializing param=model.layers.27.mlp.up_proj.weight]
Loading weights:  85%|████████▌ | 303/355 [00:01<00:01, 30.73it/s, Materializing param=model.layers.27.post_attention_layernorm.weight]
Loading weights:  85%|████████▌ | 303/355 [00:01<00:01, 30.73it/s, Materializing param=model.layers.27.post_attention_layernorm.weight]
Loading weights:  86%|████████▌ | 304/355 [00:01<00:01, 30.73it/s, Materializing param=model.layers.27.post_feedforward_layernorm.weight]
Loading weights:  86%|████████▌ | 304/355 [00:01<00:01, 30.73it/s, Materializing param=model.layers.27.post_feedforward_layernorm.weight]
Loading weights:  86%|████████▌ | 305/355 [00:01<00:01, 30.73it/s, Materializing param=model.layers.27.self_attn.k_norm.weight]          
Loading weights:  86%|████████▌ | 305/355 [00:01<00:01, 30.73it/s, Materializing param=model.layers.27.self_attn.k_norm.weight]
Loading weights:  86%|████████▌ | 306/355 [00:01<00:01, 30.73it/s, Materializing param=model.layers.27.self_attn.k_proj.weight]
Loading weights:  86%|████████▌ | 306/355 [00:01<00:01, 30.73it/s, Materializing param=model.layers.27.self_attn.k_proj.weight]
Loading weights:  86%|████████▋ | 307/355 [00:01<00:01, 30.73it/s, Materializing param=model.layers.27.self_attn.o_proj.weight]
Loading weights:  86%|████████▋ | 307/355 [00:01<00:01, 30.73it/s, Materializing param=model.layers.27.self_attn.o_proj.weight]
Loading weights:  87%|████████▋ | 308/355 [00:01<00:01, 30.73it/s, Materializing param=model.layers.27.self_attn.q_norm.weight]
Loading weights:  87%|████████▋ | 308/355 [00:01<00:01, 30.73it/s, Materializing param=model.layers.27.self_attn.q_norm.weight]
Loading weights:  87%|████████▋ | 309/355 [00:01<00:01, 30.73it/s, Materializing param=model.layers.27.self_attn.q_proj.weight]
Loading weights:  87%|████████▋ | 309/355 [00:01<00:01, 30.73it/s, Materializing param=model.layers.27.self_attn.q_proj.weight]
Loading weights:  87%|████████▋ | 310/355 [00:01<00:01, 30.73it/s, Materializing param=model.layers.27.self_attn.v_proj.weight]
Loading weights:  87%|████████▋ | 310/355 [00:01<00:01, 30.73it/s, Materializing param=model.layers.27.self_attn.v_proj.weight]
Loading weights:  88%|████████▊ | 311/355 [00:01<00:01, 30.73it/s, Materializing param=model.layers.28.mlp.down_proj.weight]   
Loading weights:  88%|████████▊ | 311/355 [00:01<00:01, 30.73it/s, Materializing param=model.layers.28.mlp.down_proj.weight]
Loading weights:  88%|████████▊ | 312/355 [00:01<00:01, 30.73it/s, Materializing param=model.layers.28.mlp.gate_proj.weight]
Loading weights:  88%|████████▊ | 312/355 [00:01<00:01, 30.73it/s, Materializing param=model.layers.28.mlp.gate_proj.weight]
Loading weights:  88%|████████▊ | 313/355 [00:01<00:01, 30.73it/s, Materializing param=model.layers.28.mlp.up_proj.weight]  
Loading weights:  88%|████████▊ | 313/355 [00:01<00:01, 30.73it/s, Materializing param=model.layers.28.mlp.up_proj.weight]
Loading weights:  88%|████████▊ | 314/355 [00:01<00:01, 30.73it/s, Materializing param=model.layers.28.post_attention_layernorm.weight]
Loading weights:  88%|████████▊ | 314/355 [00:01<00:01, 30.73it/s, Materializing param=model.layers.28.post_attention_layernorm.weight]
Loading weights:  89%|████████▊ | 315/355 [00:01<00:01, 30.73it/s, Materializing param=model.layers.28.post_feedforward_layernorm.weight]
Loading weights:  89%|████████▊ | 315/355 [00:01<00:01, 30.73it/s, Materializing param=model.layers.28.post_feedforward_layernorm.weight]
Loading weights:  89%|████████▉ | 316/355 [00:01<00:01, 30.73it/s, Materializing param=model.layers.28.self_attn.k_norm.weight]          
Loading weights:  89%|████████▉ | 316/355 [00:01<00:01, 30.73it/s, Materializing param=model.layers.28.self_attn.k_norm.weight]
Loading weights:  89%|████████▉ | 317/355 [00:01<00:01, 30.73it/s, Materializing param=model.layers.28.self_attn.k_proj.weight]
Loading weights:  89%|████████▉ | 317/355 [00:01<00:01, 30.73it/s, Materializing param=model.layers.28.self_attn.k_proj.weight]
Loading weights:  90%|████████▉ | 318/355 [00:01<00:01, 30.73it/s, Materializing param=model.layers.28.self_attn.o_proj.weight]
Loading weights:  90%|████████▉ | 318/355 [00:01<00:01, 30.73it/s, Materializing param=model.layers.28.self_attn.o_proj.weight]
Loading weights:  90%|████████▉ | 319/355 [00:01<00:01, 30.73it/s, Materializing param=model.layers.28.self_attn.q_norm.weight]
Loading weights:  90%|████████▉ | 319/355 [00:01<00:01, 30.73it/s, Materializing param=model.layers.28.self_attn.q_norm.weight]
Loading weights:  90%|█████████ | 320/355 [00:01<00:01, 30.73it/s, Materializing param=model.layers.28.self_attn.q_proj.weight]
Loading weights:  90%|█████████ | 320/355 [00:01<00:01, 30.73it/s, Materializing param=model.layers.28.self_attn.q_proj.weight]
Loading weights:  90%|█████████ | 321/355 [00:01<00:01, 30.73it/s, Materializing param=model.layers.28.self_attn.v_proj.weight]
Loading weights:  90%|█████████ | 321/355 [00:01<00:01, 30.73it/s, Materializing param=model.layers.28.self_attn.v_proj.weight]
Loading weights:  91%|█████████ | 322/355 [00:01<00:01, 30.73it/s, Materializing param=model.layers.29.mlp.down_proj.weight]   
Loading weights:  91%|█████████ | 322/355 [00:01<00:01, 30.73it/s, Materializing param=model.layers.29.mlp.down_proj.weight]
Loading weights:  91%|█████████ | 323/355 [00:01<00:01, 30.73it/s, Materializing param=model.layers.29.mlp.gate_proj.weight]
Loading weights:  91%|█████████ | 323/355 [00:01<00:01, 30.73it/s, Materializing param=model.layers.29.mlp.gate_proj.weight]
Loading weights:  91%|█████████▏| 324/355 [00:01<00:01, 30.73it/s, Materializing param=model.layers.29.mlp.up_proj.weight]  
Loading weights:  91%|█████████▏| 324/355 [00:01<00:01, 30.73it/s, Materializing param=model.layers.29.mlp.up_proj.weight]
Loading weights:  92%|█████████▏| 325/355 [00:01<00:00, 30.73it/s, Materializing param=model.layers.29.post_attention_layernorm.weight]
Loading weights:  92%|█████████▏| 325/355 [00:01<00:00, 30.73it/s, Materializing param=model.layers.29.post_attention_layernorm.weight]
Loading weights:  92%|█████████▏| 326/355 [00:01<00:00, 30.73it/s, Materializing param=model.layers.29.post_feedforward_layernorm.weight]
Loading weights:  92%|█████████▏| 326/355 [00:01<00:00, 30.73it/s, Materializing param=model.layers.29.post_feedforward_layernorm.weight]
Loading weights:  92%|█████████▏| 327/355 [00:01<00:00, 30.73it/s, Materializing param=model.layers.29.self_attn.k_norm.weight]          
Loading weights:  92%|█████████▏| 327/355 [00:01<00:00, 30.73it/s, Materializing param=model.layers.29.self_attn.k_norm.weight]
Loading weights:  92%|█████████▏| 328/355 [00:01<00:00, 30.73it/s, Materializing param=model.layers.29.self_attn.k_proj.weight]
Loading weights:  92%|█████████▏| 328/355 [00:01<00:00, 30.73it/s, Materializing param=model.layers.29.self_attn.k_proj.weight]
Loading weights:  93%|█████████▎| 329/355 [00:01<00:00, 30.73it/s, Materializing param=model.layers.29.self_attn.o_proj.weight]
Loading weights:  93%|█████████▎| 329/355 [00:01<00:00, 30.73it/s, Materializing param=model.layers.29.self_attn.o_proj.weight]
Loading weights:  93%|█████████▎| 330/355 [00:01<00:00, 30.73it/s, Materializing param=model.layers.29.self_attn.q_norm.weight]
Loading weights:  93%|█████████▎| 330/355 [00:01<00:00, 30.73it/s, Materializing param=model.layers.29.self_attn.q_norm.weight]
Loading weights:  93%|█████████▎| 331/355 [00:01<00:00, 30.73it/s, Materializing param=model.layers.29.self_attn.q_proj.weight]
Loading weights:  93%|█████████▎| 331/355 [00:01<00:00, 30.73it/s, Materializing param=model.layers.29.self_attn.q_proj.weight]
Loading weights:  94%|█████████▎| 332/355 [00:01<00:00, 30.73it/s, Materializing param=model.layers.29.self_attn.v_proj.weight]
Loading weights:  94%|█████████▎| 332/355 [00:01<00:00, 30.73it/s, Materializing param=model.layers.29.self_attn.v_proj.weight]
Loading weights:  94%|█████████▍| 333/355 [00:01<00:00, 30.73it/s, Materializing param=model.layers.30.mlp.down_proj.weight]   
Loading weights:  94%|█████████▍| 333/355 [00:01<00:00, 30.73it/s, Materializing param=model.layers.30.mlp.down_proj.weight]
Loading weights:  94%|█████████▍| 334/355 [00:01<00:00, 30.73it/s, Materializing param=model.layers.30.mlp.gate_proj.weight]
Loading weights:  94%|█████████▍| 334/355 [00:01<00:00, 30.73it/s, Materializing param=model.layers.30.mlp.gate_proj.weight]
Loading weights:  94%|█████████▍| 335/355 [00:01<00:00, 30.73it/s, Materializing param=model.layers.30.mlp.up_proj.weight]  
Loading weights:  94%|█████████▍| 335/355 [00:01<00:00, 30.73it/s, Materializing param=model.layers.30.mlp.up_proj.weight]
Loading weights:  95%|█████████▍| 336/355 [00:01<00:00, 30.73it/s, Materializing param=model.layers.30.post_attention_layernorm.weight]
Loading weights:  95%|█████████▍| 336/355 [00:01<00:00, 30.73it/s, Materializing param=model.layers.30.post_attention_layernorm.weight]
Loading weights:  95%|█████████▍| 337/355 [00:01<00:00, 30.73it/s, Materializing param=model.layers.30.post_feedforward_layernorm.weight]
Loading weights:  95%|█████████▍| 337/355 [00:01<00:00, 30.73it/s, Materializing param=model.layers.30.post_feedforward_layernorm.weight]
Loading weights:  95%|█████████▌| 338/355 [00:01<00:00, 30.73it/s, Materializing param=model.layers.30.self_attn.k_norm.weight]          
Loading weights:  95%|█████████▌| 338/355 [00:01<00:00, 30.73it/s, Materializing param=model.layers.30.self_attn.k_norm.weight]
Loading weights:  95%|█████████▌| 339/355 [00:01<00:00, 30.73it/s, Materializing param=model.layers.30.self_attn.k_proj.weight]
Loading weights:  95%|█████████▌| 339/355 [00:01<00:00, 30.73it/s, Materializing param=model.layers.30.self_attn.k_proj.weight]
Loading weights:  96%|█████████▌| 340/355 [00:01<00:00, 30.73it/s, Materializing param=model.layers.30.self_attn.o_proj.weight]
Loading weights:  96%|█████████▌| 340/355 [00:01<00:00, 30.73it/s, Materializing param=model.layers.30.self_attn.o_proj.weight]
Loading weights:  96%|█████████▌| 341/355 [00:01<00:00, 30.73it/s, Materializing param=model.layers.30.self_attn.q_norm.weight]
Loading weights:  96%|█████████▌| 341/355 [00:01<00:00, 30.73it/s, Materializing param=model.layers.30.self_attn.q_norm.weight]
Loading weights:  96%|█████████▋| 342/355 [00:01<00:00, 30.73it/s, Materializing param=model.layers.30.self_attn.q_proj.weight]
Loading weights:  96%|█████████▋| 342/355 [00:01<00:00, 30.73it/s, Materializing param=model.layers.30.self_attn.q_proj.weight]
Loading weights:  97%|█████████▋| 343/355 [00:01<00:00, 30.73it/s, Materializing param=model.layers.30.self_attn.v_proj.weight]
Loading weights:  97%|█████████▋| 343/355 [00:01<00:00, 30.73it/s, Materializing param=model.layers.30.self_attn.v_proj.weight]
Loading weights:  97%|█████████▋| 344/355 [00:01<00:00, 30.73it/s, Materializing param=model.layers.31.mlp.down_proj.weight]   
Loading weights:  97%|█████████▋| 344/355 [00:01<00:00, 30.73it/s, Materializing param=model.layers.31.mlp.down_proj.weight]
Loading weights:  97%|█████████▋| 345/355 [00:01<00:00, 30.73it/s, Materializing param=model.layers.31.mlp.gate_proj.weight]
Loading weights:  97%|█████████▋| 345/355 [00:01<00:00, 30.73it/s, Materializing param=model.layers.31.mlp.gate_proj.weight]
Loading weights:  97%|█████████▋| 346/355 [00:01<00:00, 30.73it/s, Materializing param=model.layers.31.mlp.up_proj.weight]  
Loading weights:  97%|█████████▋| 346/355 [00:01<00:00, 30.73it/s, Materializing param=model.layers.31.mlp.up_proj.weight]
Loading weights:  98%|█████████▊| 347/355 [00:01<00:00, 30.73it/s, Materializing param=model.layers.31.post_attention_layernorm.weight]
Loading weights:  98%|█████████▊| 347/355 [00:01<00:00, 30.73it/s, Materializing param=model.layers.31.post_attention_layernorm.weight]
Loading weights:  98%|█████████▊| 348/355 [00:01<00:00, 30.73it/s, Materializing param=model.layers.31.post_feedforward_layernorm.weight]
Loading weights:  98%|█████████▊| 348/355 [00:01<00:00, 30.73it/s, Materializing param=model.layers.31.post_feedforward_layernorm.weight]
Loading weights:  98%|█████████▊| 349/355 [00:01<00:00, 30.73it/s, Materializing param=model.layers.31.self_attn.k_norm.weight]          
Loading weights:  98%|█████████▊| 349/355 [00:01<00:00, 30.73it/s, Materializing param=model.layers.31.self_attn.k_norm.weight]
Loading weights:  99%|█████████▊| 350/355 [00:01<00:00, 30.73it/s, Materializing param=model.layers.31.self_attn.k_proj.weight]
Loading weights:  99%|█████████▊| 350/355 [00:01<00:00, 30.73it/s, Materializing param=model.layers.31.self_attn.k_proj.weight]
Loading weights:  99%|█████████▉| 351/355 [00:01<00:00, 30.73it/s, Materializing param=model.layers.31.self_attn.o_proj.weight]
Loading weights:  99%|█████████▉| 351/355 [00:01<00:00, 30.73it/s, Materializing param=model.layers.31.self_attn.o_proj.weight]
Loading weights:  99%|█████████▉| 352/355 [00:01<00:00, 30.73it/s, Materializing param=model.layers.31.self_attn.q_norm.weight]
Loading weights:  99%|█████████▉| 352/355 [00:01<00:00, 30.73it/s, Materializing param=model.layers.31.self_attn.q_norm.weight]
Loading weights:  99%|█████████▉| 353/355 [00:01<00:00, 30.73it/s, Materializing param=model.layers.31.self_attn.q_proj.weight]
Loading weights:  99%|█████████▉| 353/355 [00:01<00:00, 30.73it/s, Materializing param=model.layers.31.self_attn.q_proj.weight]
Loading weights: 100%|█████████▉| 354/355 [00:01<00:00, 30.73it/s, Materializing param=model.layers.31.self_attn.v_proj.weight]
Loading weights: 100%|█████████▉| 354/355 [00:01<00:00, 30.73it/s, Materializing param=model.layers.31.self_attn.v_proj.weight]
Loading weights: 100%|██████████| 355/355 [00:01<00:00, 30.73it/s, Materializing param=model.norm.weight]                      
Loading weights: 100%|██████████| 355/355 [00:01<00:00, 30.73it/s, Materializing param=model.norm.weight]
Loading weights: 100%|██████████| 355/355 [00:01<00:00, 178.00it/s, Materializing param=model.norm.weight]
Using the latest cached version of the module from /home/leo/.cache/huggingface/modules/datasets_modules/datasets/wikitext/a241db52902eaf2c6aa732210bead40c090019a499ceb13bcbfa3f8ab646a126 (last modified on Mon Jul 10 14:22:35 2023) since it couldn't be found locally at wikitext
  Parameters: 7,298,011,136
  Baseline loss: 10.3198
  Computing Tier 1 directions (on CPU)...
  Evaluating Tier 1 surface (21x21)...
  Row 1/21 done. Elapsed: 169.9s, ETA: 3398.6s
  Row 2/21 done. Elapsed: 335.4s, ETA: 3186.4s
  Row 4/21 done. Elapsed: 668.5s, ETA: 2841.0s
  Row 6/21 done. Elapsed: 1020.5s, ETA: 2551.3s
  Row 8/21 done. Elapsed: 1340.9s, ETA: 2179.0s
  Row 10/21 done. Elapsed: 1660.8s, ETA: 1826.8s
  Row 12/21 done. Elapsed: 1901.6s, ETA: 1426.2s
  Row 14/21 done. Elapsed: 2220.4s, ETA: 1110.2s
  Row 16/21 done. Elapsed: 2540.1s, ETA: 793.8s
  Row 18/21 done. Elapsed: 2864.2s, ETA: 477.4s
  Row 20/21 done. Elapsed: 3186.9s, ETA: 159.3s
  Done: 4687.1s (78.1 min)

======================================================================
GROUP 4 COMPLETE (4700.0s = 78.3 min)
======================================================================
  Olmo-3-7B-Think:
    Loss: 10.3198
    Tier1: range=13.37, basin=0.2257
