`torch_dtype` is deprecated! Use `dtype` instead!
======================================================================
GROUP 4: Cross-Model Comparison (7B Models)
======================================================================

============================================================
  Analyzing: allenai/Olmo-3-7B-Think
============================================================

Loading weights:   0%|          | 0/355 [00:00<?, ?/home/leo
Loading weights:   0%|          | 1/355 [00:00<00:00, 16131.94it/s, Materializing param=lm_head.weight]
Loading weights:   0%|          | 1/355 [00:00<00:00, 7002.18it/s, Materializing param=lm_head.weight] 
Loading weights:   1%|          | 2/355 [00:00<00:00, 6087.52it/s, Materializing param=model.embed_tokens.weight]
Loading weights:   1%|          | 2/355 [00:00<00:00, 5099.46it/s, Materializing param=model.embed_tokens.weight]
Loading weights:   1%|          | 3/355 [00:00<00:00, 3524.63it/s, Materializing param=model.layers.0.mlp.down_proj.weight]
Loading weights:   1%|          | 3/355 [00:00<00:00, 3284.50it/s, Materializing param=model.layers.0.mlp.down_proj.weight]
Loading weights:   1%|          | 4/355 [00:00<00:00, 3756.65it/s, Materializing param=model.layers.0.mlp.gate_proj.weight]
Loading weights:   1%|          | 4/355 [00:00<00:00, 3559.02it/s, Materializing param=model.layers.0.mlp.gate_proj.weight]
Loading weights:   1%|▏         | 5/355 [00:00<00:00, 3999.91it/s, Materializing param=model.layers.0.mlp.up_proj.weight]  
Loading weights:   1%|▏         | 5/355 [00:00<00:00, 3802.63it/s, Materializing param=model.layers.0.mlp.up_proj.weight]
Loading weights:   2%|▏         | 6/355 [00:00<00:00, 2726.23it/s, Materializing param=model.layers.0.post_attention_layernorm.weight]
Loading weights:   2%|▏         | 6/355 [00:00<00:00, 2645.41it/s, Materializing param=model.layers.0.post_attention_layernorm.weight]
Loading weights:   2%|▏         | 7/355 [00:00<00:00, 2873.94it/s, Materializing param=model.layers.0.post_feedforward_layernorm.weight]
Loading weights:   2%|▏         | 7/355 [00:00<00:00, 2805.02it/s, Materializing param=model.layers.0.post_feedforward_layernorm.weight]
Loading weights:   2%|▏         | 8/355 [00:00<00:00, 3051.24it/s, Materializing param=model.layers.0.self_attn.k_norm.weight]          
Loading weights:   2%|▏         | 8/355 [00:00<00:00, 2986.60it/s, Materializing param=model.layers.0.self_attn.k_norm.weight]
Loading weights:   3%|▎         | 9/355 [00:00<00:00, 2874.56it/s, Materializing param=model.layers.0.self_attn.k_proj.weight]
Loading weights:   3%|▎         | 9/355 [00:00<00:00, 2820.02it/s, Materializing param=model.layers.0.self_attn.k_proj.weight]
Loading /home/leo355 [00:00<00:00, 3010.77it/s, Materializing param=model.layers.0.self_attn.o_proj.weight]
Loading weights:   3%|▎         | 10/355 [00:00<00:00, 2961.45it/s, Materializing param=model.layers.0.self_attn.o_proj.weight]
Loading /home/leo355 [00:00<00:00, 3043.36it/s, Materializing param=model.layers.0.self_attn.q_norm.weight]
Loading weights:   3%|▎         | 11/355 [00:00<00:00, 2995.74it/s, Materializing param=model.layers.0.self_attn.q_norm.weight]
Loading /home/leo355 [00:00<00:00, 2814.65it/s, Materializing param=model.layers.0.self_attn.q_proj.weight]
Loading weights:   3%|▎         | 12/355 [00:00<00:00, 2774.01it/s, Materializing param=model.layers.0.self_attn.q_proj.weight]
Loading /home/leo355 [00:00<00:00, 2917.54it/s, Materializing param=model.layers.0.self_attn.v_proj.weight]
Loading weights:   4%|▎         | 13/355 [00:00<00:00, 2880.25it/s, Materializing param=model.layers.0.self_attn.v_proj.weight]
Loading /home/leo355 [00:00<00:00, 2980.27it/s, Materializing param=model.layers.1.mlp.down_proj.weight]   
Loading weights:   4%|▍         | 14/355 [00:00<00:00, 2944.70it/s, Materializing param=model.layers.1.mlp.down_proj.weight]
Loading weights:   4%|▍         | 15/355 [00:00<00:00, 2443.00it/s, Materializing param=model.layers.1.mlp.gate_proj.weight]
Loading weights:   4%|▍         | 15/355 [00:00<00:00, 2397.38it/s, Materializing param=model.layers.1.mlp.gate_proj.weight]
Loading weights:   5%|▍         | 16/355 [00:00<00:00, 2486.07it/s, Materializing param=model.layers.1.mlp.up_proj.weight]  
Loading weights:   5%|▍         | 16/355 [00:00<00:00, 2463.16it/s, Materializing param=model.layers.1.mlp.up_proj.weight]
Loading weights:   5%|▍         | 17/355 [00:00<00:00, 2550.00it/s, Materializing param=model.layers.1.post_attention_layernorm.weight]
Loading weights:   5%|▍         | 17/355 [00:00<00:00, 2528.12it/s, Materializing param=model.layers.1.post_attention_layernorm.weight]
Loading weights:   5%|▌         | 18/355 [00:00<00:00, 2614.63it/s, Materializing param=model.layers.1.post_feedforward_layernorm.weight]
Loading weights:   5%|▌         | 18/355 [00:00<00:00, 2593.17it/s, Materializing param=model.layers.1.post_feedforward_layernorm.weight]
Loading weights:   5%|▌         | 19/355 [00:00<00:00, 2517.19it/s, Materializing param=model.layers.1.self_attn.k_norm.weight]          
Loading weights:   5%|▌         | 19/355 [00:00<00:00, 2495.83it/s, Materializing param=model.layers.1.self_attn.k_norm.weight]
Loading weights:   6%|▌         | 20/355 [00:00<00:00, 2577.78it/s, Materializing param=model.layers.1.self_attn.k_proj.weight]
Loading weights:   6%|▌         | 20/355 [00:00<00:00, 2559.14it/s, Materializing param=model.layers.1.self_attn.k_proj.weight]
Loading weights:   6%|▌         | 21/355 [00:00<00:00, 2068.59it/s, Materializing param=model.layers.1.self_attn.o_proj.weight]
Loading weights:   6%|▌         | 21/355 [00:00<00:00, 2054.98it/s, Materializing param=model.layers.1.self_attn.o_proj.weight]
Loading weights:   6%|▌         | 22/355 [00:00<00:00, 2118.48it/s, Materializing param=model.layers.1.self_attn.q_norm.weight]
Loading weights:   6%|▌         | 22/355 [00:00<00:00, 2106.68it/s, Materializing param=model.layers.1.self_attn.q_norm.weight]
Loading weights:   6%|▋         | 23/355 [00:00<00:00, 2168.04it/s, Materializing param=model.layers.1.self_attn.q_proj.weight]
Loading weights:   6%|▋         | 23/355 [00:00<00:00, 2156.60it/s, Materializing param=model.layers.1.self_attn.q_proj.weight]
Loading weights:   7%|▋         | 24/355 [00:00<00:00, 2113.35it/s, Materializing param=model.layers.1.self_attn.v_proj.weight]
Loading weights:   7%|▋         | 24/355 [00:00<00:00, 2101.88it/s, Materializing param=model.layers.1.self_attn.v_proj.weight]
Loading weights:   7%|▋         | 25/355 [00:00<00:00, 1980.61it/s, Materializing param=model.layers.2.mlp.down_proj.weight]   
Loading weights:   7%|▋         | 25/355 [00:00<00:00, 1971.16it/s, Materializing param=model.layers.2.mlp.down_proj.weight]
Loading weights:   7%|▋         | 26/355 [00:00<00:00, 2028.08it/s, Materializing param=model.layers.2.mlp.gate_proj.weight]
Loading weights:   7%|▋         | 26/355 [00:00<00:00, 2019.70it/s, Materializing param=model.layers.2.mlp.gate_proj.weight]
Loading weights:   8%|▊         | 27/355 [00:00<00:00, 1986.60it/s, Materializing param=model.layers.2.mlp.up_proj.weight]  
Loading weights:   8%|▊         | 27/355 [00:00<00:00, 1977.96it/s, Materializing param=model.layers.2.mlp.up_proj.weight]
Loading weights:   8%|▊         | 28/355 [00:00<00:00, 1992.17it/s, Materializing param=model.layers.2.post_attention_layernorm.weight]
Loading weights:   8%|▊         | 28/355 [00:00<00:00, 1983.73it/s, Materializing param=model.layers.2.post_attention_layernorm.weight]
Loading weights:   8%|▊         | 29/355 [00:00<00:00, 1949.99it/s, Materializing param=model.layers.2.post_feedforward_layernorm.weight]
Loading weights:   8%|▊         | 29/355 [00:00<00:00, 1942.30it/s, Materializing param=model.layers.2.post_feedforward_layernorm.weight]
Loading weights:   8%|▊         | 30/355 [00:00<00:00, 1950.63it/s, Materializing param=model.layers.2.self_attn.k_norm.weight]          
Loading weights:   8%|▊         | 30/355 [00:00<00:00, 1943.13it/s, Materializing param=model.layers.2.self_attn.k_norm.weight]
Loading weights:   9%|▊         | 31/355 [00:00<00:00, 1791.38it/s, Materializing param=model.layers.2.self_attn.k_proj.weight]
Loading weights:   9%|▊         | 31/355 [00:00<00:00, 1779.58it/s, Materializing param=model.layers.2.self_attn.k_proj.weight]
Loading weights:   9%|▉         | 32/355 [00:00<00:00, 1776.97it/s, Materializing param=model.layers.2.self_attn.o_proj.weight]
Loading weights:   9%|▉         | 32/355 [00:00<00:00, 1770.10it/s, Materializing param=model.layers.2.self_attn.o_proj.weight]
Loading weights:   9%|▉         | 33/355 [00:00<00:00, 1785.50it/s, Materializing param=model.layers.2.self_attn.q_norm.weight]
Loading weights:   9%|▉         | 33/355 [00:00<00:00, 1779.76it/s, Materializing param=model.layers.2.self_attn.q_norm.weight]
Loading weights:  10%|▉         | 34/355 [00:00<00:00, 1816.25it/s, Materializing param=model.layers.2.self_attn.q_proj.weight]
Loading weights:  10%|▉         | 34/355 [00:00<00:00, 1810.83it/s, Materializing param=model.layers.2.self_attn.q_proj.weight]
Loading weights:  10%|▉         | 35/355 [00:00<00:00, 1788.25it/s, Materializing param=model.layers.2.self_attn.v_proj.weight]
Loading weights:  10%|▉         | 35/355 [00:00<00:00, 1748.77it/s, Materializing param=model.layers.2.self_attn.v_proj.weight]
Loading weights:  10%|█         | 36/355 [00:00<00:00, 1777.58it/s, Materializing param=model.layers.3.mlp.down_proj.weight]   
Loading weights:  10%|█         | 36/355 [00:00<00:00, 1772.47it/s, Materializing param=model.layers.3.mlp.down_proj.weight]
Loading weights:  10%|█         | 37/355 [00:00<00:00, 1802.26it/s, Materializing param=model.layers.3.mlp.gate_proj.weight]
Loading weights:  10%|█         | 37/355 [00:00<00:00, 1797.36it/s, Materializing param=model.layers.3.mlp.gate_proj.weight]
Loading weights:  11%|█         | 38/355 [00:00<00:00, 1834.50it/s, Materializing param=model.layers.3.mlp.up_proj.weight]  
Loading weights:  11%|█         | 38/355 [00:00<00:00, 1829.72it/s, Materializing param=model.layers.3.mlp.up_proj.weight]
Loading weights:  11%|█         | 39/355 [00:00<00:00, 1849.05it/s, Materializing param=model.layers.3.post_attention_layernorm.weight]
Loading weights:  11%|█         | 39/355 [00:00<00:00, 1843.80it/s, Materializing param=model.layers.3.post_attention_layernorm.weight]
Loading weights:  11%|█▏        | 40/355 [00:00<00:00, 1844.70it/s, Materializing param=model.layers.3.post_feedforward_layernorm.weight]
Loading weights:  11%|█▏        | 40/355 [00:00<00:00, 1839.45it/s, Materializing param=model.layers.3.post_feedforward_layernorm.weight]
Loading weights:  12%|█▏        | 41/355 [00:00<00:00, 1871.74it/s, Materializing param=model.layers.3.self_attn.k_norm.weight]          
Loading weights:  12%|█▏        | 41/355 [00:00<00:00, 1867.01it/s, Materializing param=model.layers.3.self_attn.k_norm.weight]
Loading weights:  12%|█▏        | 42/355 [00:00<00:00, 1843.67it/s, Materializing param=model.layers.3.self_attn.k_proj.weight]
Loading weights:  12%|█▏        | 42/355 [00:00<00:00, 1838.97it/s, Materializing param=model.layers.3.self_attn.k_proj.weight]
Loading weights:  12%|█▏        | 43/355 [00:00<00:00, 1856.96it/s, Materializing param=model.layers.3.self_attn.o_proj.weight]
Loading weights:  12%|█▏        | 43/355 [00:00<00:00, 1852.28it/s, Materializing param=model.layers.3.self_attn.o_proj.weight]
Loading weights:  12%|█▏        | 44/355 [00:00<00:00, 1813.29it/s, Materializing param=model.layers.3.self_attn.q_norm.weight]
Loading weights:  12%|█▏        | 44/355 [00:00<00:00, 1808.85it/s, Materializing param=model.layers.3.self_attn.q_norm.weight]
Loading weights:  13%|█▎        | 45/355 [00:00<00:00, 1837.78it/s, Materializing param=model.layers.3.self_attn.q_proj.weight]
Loading weights:  13%|█▎        | 45/355 [00:00<00:00, 1833.73it/s, Materializing param=model.layers.3.self_attn.q_proj.weight]
Loading weights:  13%|█▎        | 46/355 [00:00<00:00, 1795.24it/s, Materializing param=model.layers.3.self_attn.v_proj.weight]
Loading weights:  13%|█▎        | 46/355 [00:00<00:00, 1764.07it/s, Materializing param=model.layers.3.self_attn.v_proj.weight]
Loading weights:  13%|█▎        | 47/355 [00:00<00:00, 1787.43it/s, Materializing param=model.layers.4.mlp.down_proj.weight]   
Loading weights:  13%|█▎        | 47/355 [00:00<00:00, 1783.47it/s, Materializing param=model.layers.4.mlp.down_proj.weight]
Loading weights:  14%|█▎        | 48/355 [00:00<00:00, 1785.11it/s, Materializing param=model.layers.4.mlp.gate_proj.weight]
Loading weights:  14%|█▎        | 48/355 [00:00<00:00, 1781.24it/s, Materializing param=model.layers.4.mlp.gate_proj.weight]
Loading weights:  14%|█▍        | 49/355 [00:00<00:00, 1789.15it/s, Materializing param=model.layers.4.mlp.up_proj.weight]  
Loading weights:  14%|█▍        | 49/355 [00:00<00:00, 1785.24it/s, Materializing param=model.layers.4.mlp.up_proj.weight]
Loading weights:  14%|█▍        | 50/355 [00:00<00:00, 1812.00it/s, Materializing param=model.layers.4.post_attention_layernorm.weight]
Loading weights:  14%|█▍        | 50/355 [00:00<00:00, 1808.14it/s, Materializing param=model.layers.4.post_attention_layernorm.weight]
Loading weights:  14%|█▍        | 51/355 [00:00<00:00, 1834.17it/s, Materializing param=model.layers.4.post_feedforward_layernorm.weight]
Loading weights:  14%|█▍        | 51/355 [00:00<00:00, 1830.37it/s, Materializing param=model.layers.4.post_feedforward_layernorm.weight]
Loading weights:  15%|█▍        | 52/355 [00:00<00:00, 1857.82it/s, Materializing param=model.layers.4.self_attn.k_norm.weight]          
Loading weights:  15%|█▍        | 52/355 [00:00<00:00, 1853.79it/s, Materializing param=model.layers.4.self_attn.k_norm.weight]
Loading weights:  15%|█▍        | 53/355 [00:00<00:00, 1847.57it/s, Materializing param=model.layers.4.self_attn.k_proj.weight]
Loading weights:  15%|█▍        | 53/355 [00:00<00:00, 1843.70it/s, Materializing param=model.layers.4.self_attn.k_proj.weight]
Loading weights:  15%|█▌        | 54/355 [00:00<00:00, 1869.54it/s, Materializing param=model.layers.4.self_attn.o_proj.weight]
Loading weights:  15%|█▌        | 54/355 [00:00<00:00, 1866.09it/s, Materializing param=model.layers.4.self_attn.o_proj.weight]
Loading weights:  15%|█▌        | 55/355 [00:00<00:00, 1890.72it/s, Materializing param=model.layers.4.self_attn.q_norm.weight]
Loading weights:  15%|█▌        | 55/355 [00:00<00:00, 1887.21it/s, Materializing param=model.layers.4.self_attn.q_norm.weight]
Loading weights:  16%|█▌        | 56/355 [00:00<00:00, 1904.97it/s, Materializing param=model.layers.4.self_attn.q_proj.weight]
Loading weights:  16%|█▌        | 56/355 [00:00<00:00, 1901.44it/s, Materializing param=model.layers.4.self_attn.q_proj.weight]
Loading weights:  16%|█▌        | 57/355 [00:00<00:00, 1927.45it/s, Materializing param=model.layers.4.self_attn.v_proj.weight]
Loading weights:  16%|█▌        | 57/355 [00:00<00:00, 1924.10it/s, Materializing param=model.layers.4.self_attn.v_proj.weight]
Loading weights:  16%|█▋        | 58/355 [00:00<00:00, 1920.36it/s, Materializing param=model.layers.5.mlp.down_proj.weight]   
Loading weights:  16%|█▋        | 58/355 [00:00<00:00, 1913.55it/s, Materializing param=model.layers.5.mlp.down_proj.weight]
Loading weights:  17%|█▋        | 59/355 [00:00<00:00, 1835.12it/s, Materializing param=model.layers.5.mlp.gate_proj.weight]
Loading weights:  17%|█▋        | 59/355 [00:00<00:00, 1831.40it/s, Materializing param=model.layers.5.mlp.gate_proj.weight]
Loading weights:  17%|█▋        | 60/355 [00:00<00:00, 1854.61it/s, Materializing param=model.layers.5.mlp.up_proj.weight]  
Loading weights:  17%|█▋        | 60/355 [00:00<00:00, 1851.38it/s, Materializing param=model.layers.5.mlp.up_proj.weight]
Loading weights:  17%|█▋        | 61/355 [00:00<00:00, 1873.40it/s, Materializing param=model.layers.5.post_attention_layernorm.weight]
Loading weights:  17%|█▋        | 61/355 [00:00<00:00, 1870.03it/s, Materializing param=model.layers.5.post_attention_layernorm.weight]
Loading weights:  17%|█▋        | 62/355 [00:00<00:00, 1832.76it/s, Materializing param=model.layers.5.post_feedforward_layernorm.weight]
Loading weights:  17%|█▋        | 62/355 [00:00<00:00, 1811.08it/s, Materializing param=model.layers.5.post_feedforward_layernorm.weight]
Loading weights:  18%|█▊        | 63/355 [00:00<00:00, 1815.13it/s, Materializing param=model.layers.5.self_attn.k_norm.weight]          
Loading weights:  18%|█▊        | 63/355 [00:00<00:00, 1812.04it/s, Materializing param=model.layers.5.self_attn.k_norm.weight]
Loading weights:  18%|█▊        | 64/355 [00:00<00:00, 1819.61it/s, Materializing param=model.layers.5.self_attn.k_proj.weight]
Loading weights:  18%|█▊        | 64/355 [00:00<00:00, 1816.56it/s, Materializing param=model.layers.5.self_attn.k_proj.weight]
Loading weights:  18%|█▊        | 65/355 [00:00<00:00, 1822.95it/s, Materializing param=model.layers.5.self_attn.o_proj.weight]
Loading weights:  18%|█▊        | 65/355 [00:00<00:00, 1820.02it/s, Materializing param=model.layers.5.self_attn.o_proj.weight]
Loading weights:  19%|█▊        | 66/355 [00:00<00:00, 1797.19it/s, Materializing param=model.layers.5.self_attn.q_norm.weight]
Loading weights:  19%|█▊        | 66/355 [00:00<00:00, 1792.19it/s, Materializing param=model.layers.5.self_attn.q_norm.weight]
Loading weights:  19%|█▉        | 67/355 [00:00<00:00, 1769.35it/s, Materializing param=model.layers.5.self_attn.q_proj.weight]
Loading weights:  19%|█▉        | 67/355 [00:00<00:00, 1766.47it/s, Materializing param=model.layers.5.self_attn.q_proj.weight]
Loading weights:  19%|█▉        | 68/355 [00:00<00:00, 1768.05it/s, Materializing param=model.layers.5.self_attn.v_proj.weight]
Loading weights:  19%|█▉        | 68/355 [00:00<00:00, 1765.20it/s, Materializing param=model.layers.5.self_attn.v_proj.weight]
Loading weights:  19%|█▉        | 69/355 [00:00<00:00, 1764.20it/s, Materializing param=model.layers.6.mlp.down_proj.weight]   
Loading weights:  19%|█▉        | 69/355 [00:00<00:00, 1761.54it/s, Materializing param=model.layers.6.mlp.down_proj.weight]
Loading weights:  20%|█▉        | 70/355 [00:00<00:00, 1780.66it/s, Materializing param=model.layers.6.mlp.gate_proj.weight]
Loading weights:  20%|█▉        | 70/355 [00:00<00:00, 1778.23it/s, Materializing param=model.layers.6.mlp.gate_proj.weight]
Loading weights:  20%|██        | 71/355 [00:00<00:00, 1790.80it/s, Materializing param=model.layers.6.mlp.up_proj.weight]  
Loading weights:  20%|██        | 71/355 [00:00<00:00, 1788.33it/s, Materializing param=model.layers.6.mlp.up_proj.weight]
Loading weights:  20%|██        | 72/355 [00:00<00:00, 1760.16it/s, Materializing param=model.layers.6.post_attention_layernorm.weight]
Loading weights:  20%|██        | 72/355 [00:00<00:00, 1744.76it/s, Materializing param=model.layers.6.post_attention_layernorm.weight]
Loading weights:  21%|██        | 73/355 [00:00<00:00, 1761.48it/s, Materializing param=model.layers.6.post_feedforward_layernorm.weight]
Loading weights:  21%|██        | 73/355 [00:00<00:00, 1759.03it/s, Materializing param=model.layers.6.post_feedforward_layernorm.weight]
Loading weights:  21%|██        | 74/355 [00:00<00:00, 1753.17it/s, Materializing param=model.layers.6.self_attn.k_norm.weight]          
Loading weights:  21%|██        | 74/355 [00:00<00:00, 1750.47it/s, Materializing param=model.layers.6.self_attn.k_norm.weight]
Loading weights:  21%|██        | 75/355 [00:00<00:00, 1757.43it/s, Materializing param=model.layers.6.self_attn.k_proj.weight]
Loading weights:  21%|██        | 75/355 [00:00<00:00, 1755.08it/s, Materializing param=model.layers.6.self_attn.k_proj.weight]
Loading weights:  21%|██▏       | 76/355 [00:00<00:00, 1753.52it/s, Materializing param=model.layers.6.self_attn.o_proj.weight]
Loading weights:  21%|██▏       | 76/355 [00:00<00:00, 1751.03it/s, Materializing param=model.layers.6.self_attn.o_proj.weight]
Loading weights:  22%|██▏       | 77/355 [00:00<00:00, 1734.19it/s, Materializing param=model.layers.6.self_attn.q_norm.weight]
Loading weights:  22%|██▏       | 77/355 [00:00<00:00, 1727.00it/s, Materializing param=model.layers.6.self_attn.q_norm.weight]
Loading weights:  22%|██▏       | 78/355 [00:00<00:00, 1728.39it/s, Materializing param=model.layers.6.self_attn.q_proj.weight]
Loading weights:  22%|██▏       | 78/355 [00:00<00:00, 1726.12it/s, Materializing param=model.layers.6.self_attn.q_proj.weight]
Loading weights:  22%|██▏       | 79/355 [00:00<00:00, 1731.81it/s, Materializing param=model.layers.6.self_attn.v_proj.weight]
Loading weights:  22%|██▏       | 79/355 [00:00<00:00, 1729.62it/s, Materializing param=model.layers.6.self_attn.v_proj.weight]
Loading weights:  23%|██▎       | 80/355 [00:00<00:00, 1732.46it/s, Materializing param=model.layers.7.mlp.down_proj.weight]   
Loading weights:  23%|██▎       | 80/355 [00:00<00:00, 1730.22it/s, Materializing param=model.layers.7.mlp.down_proj.weight]
Loading weights:  23%|██▎       | 81/355 [00:00<00:00, 1744.92it/s, Materializing param=model.layers.7.mlp.gate_proj.weight]
Loading weights:  23%|██▎       | 81/355 [00:00<00:00, 1742.81it/s, Materializing param=model.layers.7.mlp.gate_proj.weight]
Loading weights:  23%|██▎       | 82/355 [00:00<00:00, 1754.20it/s, Materializing param=model.layers.7.mlp.up_proj.weight]  
Loading weights:  23%|██▎       | 82/355 [00:00<00:00, 1752.03it/s, Materializing param=model.layers.7.mlp.up_proj.weight]
Loading weights:  23%|██▎       | 83/355 [00:00<00:00, 1746.06it/s, Materializing param=model.layers.7.post_attention_layernorm.weight]
Loading weights:  23%|██▎       | 83/355 [00:00<00:00, 1743.84it/s, Materializing param=model.layers.7.post_attention_layernorm.weight]
Loading weights:  24%|██▎       | 84/355 [00:00<00:00, 1720.29it/s, Materializing param=model.layers.7.post_feedforward_layernorm.weight]
Loading weights:  24%|██▎       | 84/355 [00:00<00:00, 1700.77it/s, Materializing param=model.layers.7.post_feedforward_layernorm.weight]
Loading weights:  24%|██▍       | 85/355 [00:00<00:00, 1711.37it/s, Materializing param=model.layers.7.self_attn.k_norm.weight]          
Loading weights:  24%|██▍       | 85/355 [00:00<00:00, 1709.34it/s, Materializing param=model.layers.7.self_attn.k_norm.weight]
Loading weights:  24%|██▍       | 86/355 [00:00<00:00, 1707.83it/s, Materializing param=model.layers.7.self_attn.k_proj.weight]
Loading weights:  24%|██▍       | 86/355 [00:00<00:00, 1705.81it/s, Materializing param=model.layers.7.self_attn.k_proj.weight]
Loading weights:  25%|██▍       | 87/355 [00:00<00:00, 1707.30it/s, Materializing param=model.layers.7.self_attn.o_proj.weight]
Loading weights:  25%|██▍       | 87/355 [00:00<00:00, 1691.90it/s, Materializing param=model.layers.7.self_attn.o_proj.weight]
Loading weights:  25%|██▍       | 88/355 [00:00<00:00, 1705.01it/s, Materializing param=model.layers.7.self_attn.q_norm.weight]
Loading weights:  25%|██▍       | 88/355 [00:00<00:00, 1703.13it/s, Materializing param=model.layers.7.self_attn.q_norm.weight]
Loading weights:  25%|██▌       | 89/355 [00:00<00:00, 1699.98it/s, Materializing param=model.layers.7.self_attn.q_proj.weight]
Loading weights:  25%|██▌       | 89/355 [00:00<00:00, 1698.01it/s, Materializing param=model.layers.7.self_attn.q_proj.weight]
Loading weights:  25%|██▌       | 90/355 [00:00<00:00, 1705.52it/s, Materializing param=model.layers.7.self_attn.v_proj.weight]
Loading weights:  25%|██▌       | 90/355 [00:00<00:00, 1703.66it/s, Materializing param=model.layers.7.self_attn.v_proj.weight]
Loading weights:  26%|██▌       | 91/355 [00:00<00:00, 1678.68it/s, Materializing param=model.layers.8.mlp.down_proj.weight]   
Loading weights:  26%|██▌       | 91/355 [00:00<00:00, 1676.67it/s, Materializing param=model.layers.8.mlp.down_proj.weight]
Loading weights:  26%|██▌       | 92/355 [00:00<00:00, 1677.57it/s, Materializing param=model.layers.8.mlp.gate_proj.weight]
Loading weights:  26%|██▌       | 92/355 [00:00<00:00, 1660.32it/s, Materializing param=model.layers.8.mlp.gate_proj.weight]
Loading weights:  26%|██▌       | 93/355 [00:00<00:00, 1647.62it/s, Materializing param=model.layers.8.mlp.up_proj.weight]  
Loading weights:  26%|██▌       | 93/355 [00:00<00:00, 1645.75it/s, Materializing param=model.layers.8.mlp.up_proj.weight]
Loading weights:  26%|██▋       | 94/355 [00:00<00:00, 1655.28it/s, Materializing param=model.layers.8.post_attention_layernorm.weight]
Loading weights:  26%|██▋       | 94/355 [00:00<00:00, 1653.56it/s, Materializing param=model.layers.8.post_attention_layernorm.weight]
Loading weights:  27%|██▋       | 95/355 [00:00<00:00, 1667.39it/s, Materializing param=model.layers.8.post_feedforward_layernorm.weight]
Loading weights:  27%|██▋       | 95/355 [00:00<00:00, 1652.01it/s, Materializing param=model.layers.8.post_feedforward_layernorm.weight]
Loading weights:  27%|██▋       | 96/355 [00:00<00:00, 1646.39it/s, Materializing param=model.layers.8.self_attn.k_norm.weight]          
Loading weights:  27%|██▋       | 96/355 [00:00<00:00, 1644.63it/s, Materializing param=model.layers.8.self_attn.k_norm.weight]
Loading weights:  27%|██▋       | 97/355 [00:00<00:00, 1656.84it/s, Materializing param=model.layers.8.self_attn.k_proj.weight]
Loading weights:  27%|██▋       | 97/355 [00:00<00:00, 1655.28it/s, Materializing param=model.layers.8.self_attn.k_proj.weight]
Loading weights:  28%|██▊       | 98/355 [00:00<00:00, 1665.41it/s, Materializing param=model.layers.8.self_attn.o_proj.weight]
Loading weights:  28%|██▊       | 98/355 [00:00<00:00, 1663.78it/s, Materializing param=model.layers.8.self_attn.o_proj.weight]
Loading weights:  28%|██▊       | 99/355 [00:00<00:00, 1653.96it/s, Materializing param=model.layers.8.self_attn.q_norm.weight]
Loading weights:  28%|██▊       | 99/355 [00:00<00:00, 1649.02it/s, Materializing param=model.layers.8.self_attn.q_norm.weight]
Loading weights:  28%|██▊       | 100/355 [00:00<00:00, 1648.70it/s, Materializing param=model.layers.8.self_attn.q_proj.weight]
Loading weights:  28%|██▊       | 100/355 [00:00<00:00, 1647.07it/s, Materializing param=model.layers.8.self_attn.q_proj.weight]
Loading weights:  28%|██▊       | 101/355 [00:00<00:00, 1634.93it/s, Materializing param=model.layers.8.self_attn.v_proj.weight]
Loading weights:  28%|██▊       | 101/355 [00:00<00:00, 1633.36it/s, Materializing param=model.layers.8.self_attn.v_proj.weight]
Loading weights:  29%|██▊       | 102/355 [00:00<00:00, 1628.14it/s, Materializing param=model.layers.9.mlp.down_proj.weight]   
Loading weights:  29%|██▊       | 102/355 [00:00<00:00, 1626.53it/s, Materializing param=model.layers.9.mlp.down_proj.weight]
Loading weights:  29%|██▉       | 103/355 [00:00<00:00, 1634.98it/s, Materializing param=model.layers.9.mlp.gate_proj.weight]
Loading weights:  29%|██▉       | 103/355 [00:00<00:00, 1633.33it/s, Materializing param=model.layers.9.mlp.gate_proj.weight]
Loading weights:  29%|██▉       | 104/355 [00:00<00:00, 1621.42it/s, Materializing param=model.layers.9.mlp.up_proj.weight]  
Loading weights:  29%|██▉       | 104/355 [00:00<00:00, 1619.88it/s, Materializing param=model.layers.9.mlp.up_proj.weight]
Loading weights:  30%|██▉       | 105/355 [00:00<00:00, 1625.50it/s, Materializing param=model.layers.9.post_attention_layernorm.weight]
Loading weights:  30%|██▉       | 105/355 [00:00<00:00, 1623.91it/s, Materializing param=model.layers.9.post_attention_layernorm.weight]
Loading weights:  30%|██▉       | 106/355 [00:00<00:00, 1628.14it/s, Materializing param=model.layers.9.post_feedforward_layernorm.weight]
Loading weights:  30%|██▉       | 106/355 [00:00<00:00, 1626.56it/s, Materializing param=model.layers.9.post_feedforward_layernorm.weight]
Loading weights:  30%|███       | 107/355 [00:00<00:00, 1637.43it/s, Materializing param=model.layers.9.self_attn.k_norm.weight]          
Loading weights:  30%|███       | 107/355 [00:00<00:00, 1617.96it/s, Materializing param=model.layers.9.self_attn.k_norm.weight]
Loading weights:  30%|███       | 108/355 [00:00<00:00, 1608.22it/s, Materializing param=model.layers.9.self_attn.k_proj.weight]
Loading weights:  30%|███       | 108/355 [00:00<00:00, 1606.65it/s, Materializing param=model.layers.9.self_attn.k_proj.weight]
Loading weights:  31%|███       | 109/355 [00:00<00:00, 1612.80it/s, Materializing param=model.layers.9.self_attn.o_proj.weight]
Loading weights:  31%|███       | 109/355 [00:00<00:00, 1611.36it/s, Materializing param=model.layers.9.self_attn.o_proj.weight]
Loading weights:  31%|███       | 110/355 [00:00<00:00, 1613.05it/s, Materializing param=model.layers.9.self_attn.q_norm.weight]
Loading weights:  31%|███       | 110/355 [00:00<00:00, 1610.69it/s, Materializing param=model.layers.9.self_attn.q_norm.weight]
Loading weights:  31%|███▏      | 111/355 [00:00<00:00, 1615.43it/s, Materializing param=model.layers.9.self_attn.q_proj.weight]
Loading weights:  31%|███▏      | 111/355 [00:00<00:00, 1611.42it/s, Materializing param=model.layers.9.self_attn.q_proj.weight]
Loading weights:  32%|███▏      | 112/355 [00:00<00:00, 1617.00it/s, Materializing param=model.layers.9.self_attn.v_proj.weight]
Loading weights:  32%|███▏      | 112/355 [00:00<00:00, 1615.61it/s, Materializing param=model.layers.9.self_attn.v_proj.weight]
Loading weights:  32%|███▏      | 113/355 [00:00<00:00, 1606.29it/s, Materializing param=model.layers.10.mlp.down_proj.weight]  
Loading weights:  32%|███▏      | 113/355 [00:00<00:00, 1603.88it/s, Materializing param=model.layers.10.mlp.down_proj.weight]
Loading weights:  32%|███▏      | 114/355 [00:00<00:00, 1602.10it/s, Materializing param=model.layers.10.mlp.gate_proj.weight]
Loading weights:  32%|███▏      | 114/355 [00:00<00:00, 1597.81it/s, Materializing param=model.layers.10.mlp.gate_proj.weight]
Loading weights:  32%|███▏      | 115/355 [00:00<00:00, 1591.81it/s, Materializing param=model.layers.10.mlp.up_proj.weight]  
Loading weights:  32%|███▏      | 115/355 [00:00<00:00, 1589.57it/s, Materializing param=model.layers.10.mlp.up_proj.weight]
Loading weights:  33%|███▎      | 116/355 [00:00<00:00, 1589.27it/s, Materializing param=model.layers.10.post_attention_layernorm.weight]
Loading weights:  33%|███▎      | 116/355 [00:00<00:00, 1575.96it/s, Materializing param=model.layers.10.post_attention_layernorm.weight]
Loading weights:  33%|███▎      | 117/355 [00:00<00:00, 1582.38it/s, Materializing param=model.layers.10.post_feedforward_layernorm.weight]
Loading weights:  33%|███▎      | 117/355 [00:00<00:00, 1580.97it/s, Materializing param=model.layers.10.post_feedforward_layernorm.weight]
Loading weights:  33%|███▎      | 118/355 [00:00<00:00, 1587.39it/s, Materializing param=model.layers.10.self_attn.k_norm.weight]          
Loading weights:  33%|███▎      | 118/355 [00:00<00:00, 1586.07it/s, Materializing param=model.layers.10.self_attn.k_norm.weight]
Loading weights:  34%|███▎      | 119/355 [00:00<00:00, 1593.79it/s, Materializing param=model.layers.10.self_attn.k_proj.weight]
Loading weights:  34%|███▎      | 119/355 [00:00<00:00, 1592.52it/s, Materializing param=model.layers.10.self_attn.k_proj.weight]
Loading weights:  34%|███▍      | 120/355 [00:00<00:00, 1588.48it/s, Materializing param=model.layers.10.self_attn.o_proj.weight]
Loading weights:  34%|███▍      | 120/355 [00:00<00:00, 1585.42it/s, Materializing param=model.layers.10.self_attn.o_proj.weight]
Loading weights:  34%|███▍      | 121/355 [00:00<00:00, 1591.00it/s, Materializing param=model.layers.10.self_attn.q_norm.weight]
Loading weights:  34%|███▍      | 121/355 [00:00<00:00, 1587.44it/s, Materializing param=model.layers.10.self_attn.q_norm.weight]
Loading weights:  34%|███▍      | 122/355 [00:00<00:00, 1594.71it/s, Materializing param=model.layers.10.self_attn.q_proj.weight]
Loading weights:  34%|███▍      | 122/355 [00:00<00:00, 1588.68it/s, Materializing param=model.layers.10.self_attn.q_proj.weight]
Loading weights:  35%|███▍      | 123/355 [00:00<00:00, 1598.67it/s, Materializing param=model.layers.10.self_attn.v_proj.weight]
Loading weights:  35%|███▍      | 123/355 [00:00<00:00, 1597.50it/s, Materializing param=model.layers.10.self_attn.v_proj.weight]
Loading weights:  35%|███▍      | 124/355 [00:00<00:00, 1607.99it/s, Materializing param=model.layers.11.mlp.down_proj.weight]   
Loading weights:  35%|███▍      | 124/355 [00:00<00:00, 1606.88it/s, Materializing param=model.layers.11.mlp.down_proj.weight]
Loading weights:  35%|███▌      | 125/355 [00:00<00:00, 1617.59it/s, Materializing param=model.layers.11.mlp.gate_proj.weight]
Loading weights:  35%|███▌      | 125/355 [00:00<00:00, 1616.50it/s, Materializing param=model.layers.11.mlp.gate_proj.weight]
Loading weights:  35%|███▌      | 126/355 [00:00<00:00, 1627.26it/s, Materializing param=model.layers.11.mlp.up_proj.weight]  
Loading weights:  35%|███▌      | 126/355 [00:00<00:00, 1626.17it/s, Materializing param=model.layers.11.mlp.up_proj.weight]
Loading weights:  36%|███▌      | 127/355 [00:00<00:00, 1636.85it/s, Materializing param=model.layers.11.post_attention_layernorm.weight]
Loading weights:  36%|███▌      | 127/355 [00:00<00:00, 1635.74it/s, Materializing param=model.layers.11.post_attention_layernorm.weight]
Loading weights:  36%|███▌      | 128/355 [00:00<00:00, 1646.40it/s, Materializing param=model.layers.11.post_feedforward_layernorm.weight]
Loading weights:  36%|███▌      | 128/355 [00:00<00:00, 1645.25it/s, Materializing param=model.layers.11.post_feedforward_layernorm.weight]
Loading weights:  36%|███▋      | 129/355 [00:00<00:00, 1655.93it/s, Materializing param=model.layers.11.self_attn.k_norm.weight]          
Loading weights:  36%|███▋      | 129/355 [00:00<00:00, 1654.83it/s, Materializing param=model.layers.11.self_attn.k_norm.weight]
Loading weights:  37%|███▋      | 130/355 [00:00<00:00, 1665.23it/s, Materializing param=model.layers.11.self_attn.k_proj.weight]
Loading weights:  37%|███▋      | 130/355 [00:00<00:00, 1664.11it/s, Materializing param=model.layers.11.self_attn.k_proj.weight]
Loading weights:  37%|███▋      | 131/355 [00:00<00:00, 1674.67it/s, Materializing param=model.layers.11.self_attn.o_proj.weight]
Loading weights:  37%|███▋      | 131/355 [00:00<00:00, 1673.58it/s, Materializing param=model.layers.11.self_attn.o_proj.weight]
Loading weights:  37%|███▋      | 132/355 [00:00<00:00, 1684.17it/s, Materializing param=model.layers.11.self_attn.q_norm.weight]
Loading weights:  37%|███▋      | 132/355 [00:00<00:00, 1683.07it/s, Materializing param=model.layers.11.self_attn.q_norm.weight]
Loading weights:  37%|███▋      | 133/355 [00:00<00:00, 1693.62it/s, Materializing param=model.layers.11.self_attn.q_proj.weight]
Loading weights:  37%|███▋      | 133/355 [00:00<00:00, 1692.51it/s, Materializing param=model.layers.11.self_attn.q_proj.weight]
Loading weights:  38%|███▊      | 134/355 [00:00<00:00, 1703.01it/s, Materializing param=model.layers.11.self_attn.v_proj.weight]
Loading weights:  38%|███▊      | 134/355 [00:00<00:00, 1701.89it/s, Materializing param=model.layers.11.self_attn.v_proj.weight]
Loading weights:  38%|███▊      | 135/355 [00:00<00:00, 1712.33it/s, Materializing param=model.layers.12.mlp.down_proj.weight]   
Loading weights:  38%|███▊      | 135/355 [00:00<00:00, 1711.21it/s, Materializing param=model.layers.12.mlp.down_proj.weight]
Loading weights:  38%|███▊      | 136/355 [00:00<00:00, 1721.57it/s, Materializing param=model.layers.12.mlp.gate_proj.weight]
Loading weights:  38%|███▊      | 136/355 [00:00<00:00, 1720.32it/s, Materializing param=model.layers.12.mlp.gate_proj.weight]
Loading weights:  39%|███▊      | 137/355 [00:00<00:00, 1729.87it/s, Materializing param=model.layers.12.mlp.up_proj.weight]  
Loading weights:  39%|███▊      | 137/355 [00:00<00:00, 1728.61it/s, Materializing param=model.layers.12.mlp.up_proj.weight]
Loading weights:  39%|███▉      | 138/355 [00:00<00:00, 1738.88it/s, Materializing param=model.layers.12.post_attention_layernorm.weight]
Loading weights:  39%|███▉      | 138/355 [00:00<00:00, 1737.72it/s, Materializing param=model.layers.12.post_attention_layernorm.weight]
Loading weights:  39%|███▉      | 139/355 [00:00<00:00, 1748.07it/s, Materializing param=model.layers.12.post_feedforward_layernorm.weight]
Loading weights:  39%|███▉      | 139/355 [00:00<00:00, 1746.90it/s, Materializing param=model.layers.12.post_feedforward_layernorm.weight]
Loading weights:  39%|███▉      | 140/355 [00:00<00:00, 1757.20it/s, Materializing param=model.layers.12.self_attn.k_norm.weight]          
Loading weights:  39%|███▉      | 140/355 [00:00<00:00, 1756.05it/s, Materializing param=model.layers.12.self_attn.k_norm.weight]
Loading weights:  40%|███▉      | 141/355 [00:00<00:00, 1766.29it/s, Materializing param=model.layers.12.self_attn.k_proj.weight]
Loading weights:  40%|███▉      | 141/355 [00:00<00:00, 1765.15it/s, Materializing param=model.layers.12.self_attn.k_proj.weight]
Loading weights:  40%|████      | 142/355 [00:00<00:00, 1775.37it/s, Materializing param=model.layers.12.self_attn.o_proj.weight]
Loading weights:  40%|████      | 142/355 [00:00<00:00, 1774.06it/s, Materializing param=model.layers.12.self_attn.o_proj.weight]
Loading weights:  40%|████      | 143/355 [00:00<00:00, 1784.18it/s, Materializing param=model.layers.12.self_attn.q_norm.weight]
Loading weights:  40%|████      | 143/355 [00:00<00:00, 1783.03it/s, Materializing param=model.layers.12.self_attn.q_norm.weight]
Loading weights:  41%|████      | 144/355 [00:00<00:00, 1793.18it/s, Materializing param=model.layers.12.self_attn.q_proj.weight]
Loading weights:  41%|████      | 144/355 [00:00<00:00, 1792.01it/s, Materializing param=model.layers.12.self_attn.q_proj.weight]
Loading weights:  41%|████      | 145/355 [00:00<00:00, 1802.13it/s, Materializing param=model.layers.12.self_attn.v_proj.weight]
Loading weights:  41%|████      | 145/355 [00:00<00:00, 1800.97it/s, Materializing param=model.layers.12.self_attn.v_proj.weight]
Loading weights:  41%|████      | 146/355 [00:00<00:00, 1811.09it/s, Materializing param=model.layers.13.mlp.down_proj.weight]   
Loading weights:  41%|████      | 146/355 [00:00<00:00, 1809.92it/s, Materializing param=model.layers.13.mlp.down_proj.weight]
Loading weights:  41%|████▏     | 147/355 [00:00<00:00, 1819.97it/s, Materializing param=model.layers.13.mlp.gate_proj.weight]
Loading weights:  41%|████▏     | 147/355 [00:00<00:00, 1818.83it/s, Materializing param=model.layers.13.mlp.gate_proj.weight]
Loading weights:  42%|████▏     | 148/355 [00:00<00:00, 1828.91it/s, Materializing param=model.layers.13.mlp.up_proj.weight]  
Loading weights:  42%|████▏     | 148/355 [00:00<00:00, 1827.76it/s, Materializing param=model.layers.13.mlp.up_proj.weight]
Loading weights:  42%|████▏     | 149/355 [00:00<00:00, 1837.63it/s, Materializing param=model.layers.13.post_attention_layernorm.weight]
Loading weights:  42%|████▏     | 149/355 [00:00<00:00, 1836.42it/s, Materializing param=model.layers.13.post_attention_layernorm.weight]
Loading weights:  42%|████▏     | 150/355 [00:00<00:00, 1846.43it/s, Materializing param=model.layers.13.post_feedforward_layernorm.weight]
Loading weights:  42%|████▏     | 150/355 [00:00<00:00, 1845.23it/s, Materializing param=model.layers.13.post_feedforward_layernorm.weight]
Loading weights:  43%|████▎     | 151/355 [00:00<00:00, 1855.25it/s, Materializing param=model.layers.13.self_attn.k_norm.weight]          
Loading weights:  43%|████▎     | 151/355 [00:00<00:00, 1853.50it/s, Materializing param=model.layers.13.self_attn.k_norm.weight]
Loading weights:  43%|████▎     | 152/355 [00:00<00:00, 1863.05it/s, Materializing param=model.layers.13.self_attn.k_proj.weight]
Loading weights:  43%|████▎     | 152/355 [00:00<00:00, 1861.85it/s, Materializing param=model.layers.13.self_attn.k_proj.weight]
Loading weights:  43%|████▎     | 153/355 [00:00<00:00, 1871.74it/s, Materializing param=model.layers.13.self_attn.o_proj.weight]
Loading weights:  43%|████▎     | 153/355 [00:00<00:00, 1870.56it/s, Materializing param=model.layers.13.self_attn.o_proj.weight]
Loading weights:  43%|████▎     | 154/355 [00:00<00:00, 1880.40it/s, Materializing param=model.layers.13.self_attn.q_norm.weight]
Loading weights:  43%|████▎     | 154/355 [00:00<00:00, 1879.18it/s, Materializing param=model.layers.13.self_attn.q_norm.weight]
Loading weights:  44%|████▎     | 155/355 [00:00<00:00, 1888.80it/s, Materializing param=model.layers.13.self_attn.q_proj.weight]
Loading weights:  44%|████▎     | 155/355 [00:00<00:00, 1887.57it/s, Materializing param=model.layers.13.self_attn.q_proj.weight]
Loading weights:  44%|████▍     | 156/355 [00:00<00:00, 1897.31it/s, Materializing param=model.layers.13.self_attn.v_proj.weight]
Loading weights:  44%|████▍     | 156/355 [00:00<00:00, 1896.11it/s, Materializing param=model.layers.13.self_attn.v_proj.weight]
Loading weights:  44%|████▍     | 157/355 [00:00<00:00, 1905.91it/s, Materializing param=model.layers.14.mlp.down_proj.weight]   
Loading weights:  44%|████▍     | 157/355 [00:00<00:00, 1904.72it/s, Materializing param=model.layers.14.mlp.down_proj.weight]
Loading weights:  45%|████▍     | 158/355 [00:00<00:00, 1914.44it/s, Materializing param=model.layers.14.mlp.gate_proj.weight]
Loading weights:  45%|████▍     | 158/355 [00:00<00:00, 1913.27it/s, Materializing param=model.layers.14.mlp.gate_proj.weight]
Loading weights:  45%|████▍     | 159/355 [00:00<00:00, 1922.98it/s, Materializing param=model.layers.14.mlp.up_proj.weight]  
Loading weights:  45%|████▍     | 159/355 [00:00<00:00, 1921.80it/s, Materializing param=model.layers.14.mlp.up_proj.weight]
Loading weights:  45%|████▌     | 160/355 [00:00<00:00, 1931.53it/s, Materializing param=model.layers.14.post_attention_layernorm.weight]
Loading weights:  45%|████▌     | 160/355 [00:00<00:00, 1930.29it/s, Materializing param=model.layers.14.post_attention_layernorm.weight]
Loading weights:  45%|████▌     | 161/355 [00:00<00:00, 1939.99it/s, Materializing param=model.layers.14.post_feedforward_layernorm.weight]
Loading weights:  45%|████▌     | 161/355 [00:00<00:00, 1938.59it/s, Materializing param=model.layers.14.post_feedforward_layernorm.weight]
Loading weights:  46%|████▌     | 162/355 [00:00<00:00, 1948.21it/s, Materializing param=model.layers.14.self_attn.k_norm.weight]          
Loading weights:  46%|████▌     | 162/355 [00:00<00:00, 1947.00it/s, Materializing param=model.layers.14.self_attn.k_norm.weight]
Loading weights:  46%|████▌     | 163/355 [00:00<00:00, 1956.64it/s, Materializing param=model.layers.14.self_attn.k_proj.weight]
Loading weights:  46%|████▌     | 163/355 [00:00<00:00, 1955.44it/s, Materializing param=model.layers.14.self_attn.k_proj.weight]
Loading weights:  46%|████▌     | 164/355 [00:00<00:00, 1965.04it/s, Materializing param=model.layers.14.self_attn.o_proj.weight]
Loading weights:  46%|████▌     | 164/355 [00:00<00:00, 1963.85it/s, Materializing param=model.layers.14.self_attn.o_proj.weight]
Loading weights:  46%|████▋     | 165/355 [00:00<00:00, 1973.41it/s, Materializing param=model.layers.14.self_attn.q_norm.weight]
Loading weights:  46%|████▋     | 165/355 [00:00<00:00, 1972.21it/s, Materializing param=model.layers.14.self_attn.q_norm.weight]
Loading weights:  47%|████▋     | 166/355 [00:00<00:00, 1980.88it/s, Materializing param=model.layers.14.self_attn.q_proj.weight]
Loading weights:  47%|████▋     | 166/355 [00:00<00:00, 1979.53it/s, Materializing param=model.layers.14.self_attn.q_proj.weight]
Loading weights:  47%|████▋     | 167/355 [00:00<00:00, 1988.97it/s, Materializing param=model.layers.14.self_attn.v_proj.weight]
Loading weights:  47%|████▋     | 167/355 [00:00<00:00, 1987.75it/s, Materializing param=model.layers.14.self_attn.v_proj.weight]
Loading weights:  47%|████▋     | 168/355 [00:00<00:00, 1996.96it/s, Materializing param=model.layers.15.mlp.down_proj.weight]   
Loading weights:  47%|████▋     | 168/355 [00:00<00:00, 1995.72it/s, Materializing param=model.layers.15.mlp.down_proj.weight]
Loading weights:  48%|████▊     | 169/355 [00:00<00:00, 2005.08it/s, Materializing param=model.layers.15.mlp.gate_proj.weight]
Loading weights:  48%|████▊     | 169/355 [00:00<00:00, 2003.85it/s, Materializing param=model.layers.15.mlp.gate_proj.weight]
Loading weights:  48%|████▊     | 170/355 [00:00<00:00, 2013.22it/s, Materializing param=model.layers.15.mlp.up_proj.weight]  
Loading weights:  48%|████▊     | 170/355 [00:00<00:00, 2012.00it/s, Materializing param=model.layers.15.mlp.up_proj.weight]
Loading weights:  48%|████▊     | 171/355 [00:00<00:00, 2021.44it/s, Materializing param=model.layers.15.post_attention_layernorm.weight]
Loading weights:  48%|████▊     | 171/355 [00:00<00:00, 2020.16it/s, Materializing param=model.layers.15.post_attention_layernorm.weight]
Loading weights:  48%|████▊     | 172/355 [00:00<00:00, 2029.54it/s, Materializing param=model.layers.15.post_feedforward_layernorm.weight]
Loading weights:  48%|████▊     | 172/355 [00:00<00:00, 2028.29it/s, Materializing param=model.layers.15.post_feedforward_layernorm.weight]
Loading weights:  49%|████▊     | 173/355 [00:00<00:00, 2037.69it/s, Materializing param=model.layers.15.self_attn.k_norm.weight]          
Loading weights:  49%|████▊     | 173/355 [00:00<00:00, 2036.45it/s, Materializing param=model.layers.15.self_attn.k_norm.weight]
Loading weights:  49%|████▉     | 174/355 [00:00<00:00, 2045.52it/s, Materializing param=model.layers.15.self_attn.k_proj.weight]
Loading weights:  49%|████▉     | 174/355 [00:00<00:00, 2044.26it/s, Materializing param=model.layers.15.self_attn.k_proj.weight]
Loading weights:  49%|████▉     | 175/355 [00:00<00:00, 2053.52it/s, Materializing param=model.layers.15.self_attn.o_proj.weight]
Loading weights:  49%|████▉     | 175/355 [00:00<00:00, 2052.28it/s, Materializing param=model.layers.15.self_attn.o_proj.weight]
Loading weights:  50%|████▉     | 176/355 [00:00<00:00, 2061.53it/s, Materializing param=model.layers.15.self_attn.q_norm.weight]
Loading weights:  50%|████▉     | 176/355 [00:00<00:00, 2060.28it/s, Materializing param=model.layers.15.self_attn.q_norm.weight]
Loading weights:  50%|████▉     | 177/355 [00:00<00:00, 2069.51it/s, Materializing param=model.layers.15.self_attn.q_proj.weight]
Loading weights:  50%|████▉     | 177/355 [00:00<00:00, 2068.28it/s, Materializing param=model.layers.15.self_attn.q_proj.weight]
Loading weights:  50%|█████     | 178/355 [00:00<00:00, 2077.46it/s, Materializing param=model.layers.15.self_attn.v_proj.weight]
Loading weights:  50%|█████     | 178/355 [00:00<00:00, 2076.20it/s, Materializing param=model.layers.15.self_attn.v_proj.weight]
Loading weights:  50%|█████     | 179/355 [00:00<00:00, 2085.36it/s, Materializing param=model.layers.16.mlp.down_proj.weight]   
Loading weights:  50%|█████     | 179/355 [00:00<00:00, 2084.12it/s, Materializing param=model.layers.16.mlp.down_proj.weight]
Loading weights:  51%|█████     | 180/355 [00:00<00:00, 2093.19it/s, Materializing param=model.layers.16.mlp.gate_proj.weight]
Loading weights:  51%|█████     | 180/355 [00:00<00:00, 2091.15it/s, Materializing param=model.layers.16.mlp.gate_proj.weight]
Loading weights:  51%|█████     | 181/355 [00:00<00:00, 2099.75it/s, Materializing param=model.layers.16.mlp.up_proj.weight]  
Loading weights:  51%|█████     | 181/355 [00:00<00:00, 2098.47it/s, Materializing param=model.layers.16.mlp.up_proj.weight]
Loading weights:  51%|█████▏    | 182/355 [00:00<00:00, 2107.50it/s, Materializing param=model.layers.16.post_attention_layernorm.weight]
Loading weights:  51%|█████▏    | 182/355 [00:00<00:00, 2106.19it/s, Materializing param=model.layers.16.post_attention_layernorm.weight]
Loading weights:  52%|█████▏    | 183/355 [00:00<00:00, 2115.22it/s, Materializing param=model.layers.16.post_feedforward_layernorm.weight]
Loading weights:  52%|█████▏    | 183/355 [00:00<00:00, 2113.91it/s, Materializing param=model.layers.16.post_feedforward_layernorm.weight]
Loading weights:  52%|█████▏    | 184/355 [00:00<00:00, 2122.93it/s, Materializing param=model.layers.16.self_attn.k_norm.weight]          
Loading weights:  52%|█████▏    | 184/355 [00:00<00:00, 2121.66it/s, Materializing param=model.layers.16.self_attn.k_norm.weight]
Loading weights:  52%|█████▏    | 185/355 [00:00<00:00, 2130.64it/s, Materializing param=model.layers.16.self_attn.k_proj.weight]
Loading weights:  52%|█████▏    | 185/355 [00:00<00:00, 2129.36it/s, Materializing param=model.layers.16.self_attn.k_proj.weight]
Loading weights:  52%|█████▏    | 186/355 [00:00<00:00, 2138.34it/s, Materializing param=model.layers.16.self_attn.o_proj.weight]
Loading weights:  52%|█████▏    | 186/355 [00:00<00:00, 2136.90it/s, Materializing param=model.layers.16.self_attn.o_proj.weight]
Loading weights:  53%|█████▎    | 187/355 [00:00<00:00, 2145.79it/s, Materializing param=model.layers.16.self_attn.q_norm.weight]
Loading weights:  53%|█████▎    | 187/355 [00:00<00:00, 2144.51it/s, Materializing param=model.layers.16.self_attn.q_norm.weight]
Loading weights:  53%|█████▎    | 188/355 [00:00<00:00, 2153.45it/s, Materializing param=model.layers.16.self_attn.q_proj.weight]
Loading weights:  53%|█████▎    | 188/355 [00:00<00:00, 2152.20it/s, Materializing param=model.layers.16.self_attn.q_proj.weight]
Loading weights:  53%|█████▎    | 189/355 [00:00<00:00, 2161.16it/s, Materializing param=model.layers.16.self_attn.v_proj.weight]
Loading weights:  53%|█████▎    | 189/355 [00:00<00:00, 2159.89it/s, Materializing param=model.layers.16.self_attn.v_proj.weight]
Loading weights:  54%|█████▎    | 190/355 [00:00<00:00, 2168.76it/s, Materializing param=model.layers.17.mlp.down_proj.weight]   
Loading weights:  54%|█████▎    | 190/355 [00:00<00:00, 2167.50it/s, Materializing param=model.layers.17.mlp.down_proj.weight]
Loading weights:  54%|█████▍    | 191/355 [00:00<00:00, 2176.34it/s, Materializing param=model.layers.17.mlp.gate_proj.weight]
Loading weights:  54%|█████▍    | 191/355 [00:00<00:00, 2175.10it/s, Materializing param=model.layers.17.mlp.gate_proj.weight]
Loading weights:  54%|█████▍    | 192/355 [00:00<00:00, 2183.95it/s, Materializing param=model.layers.17.mlp.up_proj.weight]  
Loading weights:  54%|█████▍    | 192/355 [00:00<00:00, 2182.69it/s, Materializing param=model.layers.17.mlp.up_proj.weight]
Loading weights:  54%|█████▍    | 193/355 [00:00<00:00, 2191.30it/s, Materializing param=model.layers.17.post_attention_layernorm.weight]
Loading weights:  54%|█████▍    | 193/355 [00:00<00:00, 2189.96it/s, Materializing param=model.layers.17.post_attention_layernorm.weight]
Loading weights:  55%|█████▍    | 194/355 [00:00<00:00, 2198.76it/s, Materializing param=model.layers.17.post_feedforward_layernorm.weight]
Loading weights:  55%|█████▍    | 194/355 [00:00<00:00, 2197.45it/s, Materializing param=model.layers.17.post_feedforward_layernorm.weight]
Loading weights:  55%|█████▍    | 195/355 [00:00<00:00, 2205.40it/s, Materializing param=model.layers.17.self_attn.k_norm.weight]          
Loading weights:  55%|█████▍    | 195/355 [00:00<00:00, 2203.95it/s, Materializing param=model.layers.17.self_attn.k_norm.weight]
Loading weights:  55%|█████▌    | 196/355 [00:00<00:00, 2212.63it/s, Materializing param=model.layers.17.self_attn.k_proj.weight]
Loading weights:  55%|█████▌    | 196/355 [00:00<00:00, 2211.35it/s, Materializing param=model.layers.17.self_attn.k_proj.weight]
Loading weights:  55%|█████▌    | 197/355 [00:00<00:00, 2220.02it/s, Materializing param=model.layers.17.self_attn.o_proj.weight]
Loading weights:  55%|█████▌    | 197/355 [00:00<00:00, 2218.74it/s, Materializing param=model.layers.17.self_attn.o_proj.weight]
Loading weights:  56%|█████▌    | 198/355 [00:00<00:00, 2227.42it/s, Materializing param=model.layers.17.self_attn.q_norm.weight]
Loading weights:  56%|█████▌    | 198/355 [00:00<00:00, 2226.12it/s, Materializing param=model.layers.17.self_attn.q_norm.weight]
Loading weights:  56%|█████▌    | 199/355 [00:00<00:00, 2234.58it/s, Materializing param=model.layers.17.self_attn.q_proj.weight]
Loading weights:  56%|█████▌    | 199/355 [00:00<00:00, 2233.25it/s, Materializing param=model.layers.17.self_attn.q_proj.weight]
Loading weights:  56%|█████▋    | 200/355 [00:00<00:00, 2241.90it/s, Materializing param=model.layers.17.self_attn.v_proj.weight]
Loading weights:  56%|█████▋    | 200/355 [00:00<00:00, 2240.62it/s, Materializing param=model.layers.17.self_attn.v_proj.weight]
Loading weights:  57%|█████▋    | 201/355 [00:00<00:00, 2249.26it/s, Materializing param=model.layers.18.mlp.down_proj.weight]   
Loading weights:  57%|█████▋    | 201/355 [00:00<00:00, 2247.97it/s, Materializing param=model.layers.18.mlp.down_proj.weight]
Loading weights:  57%|█████▋    | 202/355 [00:00<00:00, 2256.53it/s, Materializing param=model.layers.18.mlp.gate_proj.weight]
Loading weights:  57%|█████▋    | 202/355 [00:00<00:00, 2255.26it/s, Materializing param=model.layers.18.mlp.gate_proj.weight]
Loading weights:  57%|█████▋    | 203/355 [00:00<00:00, 2263.89it/s, Materializing param=model.layers.18.mlp.up_proj.weight]  
Loading weights:  57%|█████▋    | 203/355 [00:00<00:00, 2262.59it/s, Materializing param=model.layers.18.mlp.up_proj.weight]
Loading weights:  57%|█████▋    | 204/355 [00:00<00:00, 2271.19it/s, Materializing param=model.layers.18.post_attention_layernorm.weight]
Loading weights:  57%|█████▋    | 204/355 [00:00<00:00, 2269.86it/s, Materializing param=model.layers.18.post_attention_layernorm.weight]
Loading weights:  58%|█████▊    | 205/355 [00:00<00:00, 2278.40it/s, Materializing param=model.layers.18.post_feedforward_layernorm.weight]
Loading weights:  58%|█████▊    | 205/355 [00:00<00:00, 2276.89it/s, Materializing param=model.layers.18.post_feedforward_layernorm.weight]
Loading weights:  58%|█████▊    | 206/355 [00:00<00:00, 2285.39it/s, Materializing param=model.layers.18.self_attn.k_norm.weight]          
Loading weights:  58%|█████▊    | 206/355 [00:00<00:00, 2284.10it/s, Materializing param=model.layers.18.self_attn.k_norm.weight]
Loading weights:  58%|█████▊    | 207/355 [00:00<00:00, 2292.62it/s, Materializing param=model.layers.18.self_attn.k_proj.weight]
Loading weights:  58%|█████▊    | 207/355 [00:00<00:00, 2291.33it/s, Materializing param=model.layers.18.self_attn.k_proj.weight]
Loading weights:  59%|█████▊    | 208/355 [00:00<00:00, 2299.78it/s, Materializing param=model.layers.18.self_attn.o_proj.weight]
Loading weights:  59%|█████▊    | 208/355 [00:00<00:00, 2298.50it/s, Materializing param=model.layers.18.self_attn.o_proj.weight]
Loading weights:  59%|█████▉    | 209/355 [00:00<00:00, 2306.98it/s, Materializing param=model.layers.18.self_attn.q_norm.weight]
Loading weights:  59%|█████▉    | 209/355 [00:00<00:00, 2305.05it/s, Materializing param=model.layers.18.self_attn.q_norm.weight]
Loading weights:  59%|█████▉    | 210/355 [00:00<00:00, 2313.10it/s, Materializing param=model.layers.18.self_attn.q_proj.weight]
Loading weights:  59%|█████▉    | 210/355 [00:00<00:00, 2311.74it/s, Materializing param=model.layers.18.self_attn.q_proj.weight]
Loading weights:  59%|█████▉    | 211/355 [00:00<00:00, 2320.02it/s, Materializing param=model.layers.18.self_attn.v_proj.weight]
Loading weights:  59%|█████▉    | 211/355 [00:00<00:00, 2318.72it/s, Materializing param=model.layers.18.self_attn.v_proj.weight]
Loading weights:  60%|█████▉    | 212/355 [00:00<00:00, 2326.85it/s, Materializing param=model.layers.19.mlp.down_proj.weight]   
Loading weights:  60%|█████▉    | 212/355 [00:00<00:00, 2325.54it/s, Materializing param=model.layers.19.mlp.down_proj.weight]
Loading weights:  60%|██████    | 213/355 [00:00<00:00, 2333.80it/s, Materializing param=model.layers.19.mlp.gate_proj.weight]
Loading weights:  60%|██████    | 213/355 [00:00<00:00, 2332.49it/s, Materializing param=model.layers.19.mlp.gate_proj.weight]
Loading weights:  60%|██████    | 214/355 [00:00<00:00, 2340.82it/s, Materializing param=model.layers.19.mlp.up_proj.weight]  
Loading weights:  60%|██████    | 214/355 [00:00<00:00, 2339.51it/s, Materializing param=model.layers.19.mlp.up_proj.weight]
Loading weights:  61%|██████    | 215/355 [00:00<00:00, 2347.80it/s, Materializing param=model.layers.19.post_attention_layernorm.weight]
Loading weights:  61%|██████    | 215/355 [00:00<00:00, 2346.45it/s, Materializing param=model.layers.19.post_attention_layernorm.weight]
Loading weights:  61%|██████    | 216/355 [00:00<00:00, 2354.73it/s, Materializing param=model.layers.19.post_feedforward_layernorm.weight]
Loading weights:  61%|██████    | 216/355 [00:00<00:00, 2353.41it/s, Materializing param=model.layers.19.post_feedforward_layernorm.weight]
Loading weights:  61%|██████    | 217/355 [00:00<00:00, 2361.73it/s, Materializing param=model.layers.19.self_attn.k_norm.weight]          
Loading weights:  61%|██████    | 217/355 [00:00<00:00, 2360.42it/s, Materializing param=model.layers.19.self_attn.k_norm.weight]
Loading weights:  61%|██████▏   | 218/355 [00:00<00:00, 2368.52it/s, Materializing param=model.layers.19.self_attn.k_proj.weight]
Loading weights:  61%|██████▏   | 218/355 [00:00<00:00, 2367.15it/s, Materializing param=model.layers.19.self_attn.k_proj.weight]
Loading weights:  62%|██████▏   | 219/355 [00:00<00:00, 2375.31it/s, Materializing param=model.layers.19.self_attn.o_proj.weight]
Loading weights:  62%|██████▏   | 219/355 [00:00<00:00, 2373.97it/s, Materializing param=model.layers.19.self_attn.o_proj.weight]
Loading weights:  62%|██████▏   | 220/355 [00:00<00:00, 2382.17it/s, Materializing param=model.layers.19.self_attn.q_norm.weight]
Loading weights:  62%|██████▏   | 220/355 [00:00<00:00, 2380.86it/s, Materializing param=model.layers.19.self_attn.q_norm.weight]
Loading weights:  62%|██████▏   | 221/355 [00:00<00:00, 2388.97it/s, Materializing param=model.layers.19.self_attn.q_proj.weight]
Loading weights:  62%|██████▏   | 221/355 [00:00<00:00, 2387.61it/s, Materializing param=model.layers.19.self_attn.q_proj.weight]
Loading weights:  63%|██████▎   | 222/355 [00:00<00:00, 2395.72it/s, Materializing param=model.layers.19.self_attn.v_proj.weight]
Loading weights:  63%|██████▎   | 222/355 [00:00<00:00, 2394.38it/s, Materializing param=model.layers.19.self_attn.v_proj.weight]
Loading weights:  63%|██████▎   | 223/355 [00:00<00:00, 2402.49it/s, Materializing param=model.layers.20.mlp.down_proj.weight]   
Loading weights:  63%|██████▎   | 223/355 [00:00<00:00, 2400.48it/s, Materializing param=model.layers.20.mlp.down_proj.weight]
Loading weights:  63%|██████▎   | 224/355 [00:00<00:00, 2408.15it/s, Materializing param=model.layers.20.mlp.gate_proj.weight]
Loading weights:  63%|██████▎   | 224/355 [00:00<00:00, 2406.54it/s, Materializing param=model.layers.20.mlp.gate_proj.weight]
Loading weights:  63%|██████▎   | 225/355 [00:00<00:00, 2414.53it/s, Materializing param=model.layers.20.mlp.up_proj.weight]  
Loading weights:  63%|██████▎   | 225/355 [00:00<00:00, 2413.19it/s, Materializing param=model.layers.20.mlp.up_proj.weight]
Loading weights:  64%|██████▎   | 226/355 [00:00<00:00, 2421.20it/s, Materializing param=model.layers.20.post_attention_layernorm.weight]
Loading weights:  64%|██████▎   | 226/355 [00:00<00:00, 2419.81it/s, Materializing param=model.layers.20.post_attention_layernorm.weight]
Loading weights:  64%|██████▍   | 227/355 [00:00<00:00, 2427.81it/s, Materializing param=model.layers.20.post_feedforward_layernorm.weight]
Loading weights:  64%|██████▍   | 227/355 [00:00<00:00, 2426.46it/s, Materializing param=model.layers.20.post_feedforward_layernorm.weight]
Loading weights:  64%|██████▍   | 228/355 [00:00<00:00, 2434.45it/s, Materializing param=model.layers.20.self_attn.k_norm.weight]          
Loading weights:  64%|██████▍   | 228/355 [00:00<00:00, 2433.12it/s, Materializing param=model.layers.20.self_attn.k_norm.weight]
Loading weights:  65%|██████▍   | 229/355 [00:00<00:00, 2441.08it/s, Materializing param=model.layers.20.self_attn.k_proj.weight]
Loading weights:  65%|██████▍   | 229/355 [00:00<00:00, 2439.78it/s, Materializing param=model.layers.20.self_attn.k_proj.weight]
Loading weights:  65%|██████▍   | 230/355 [00:00<00:00, 2447.71it/s, Materializing param=model.layers.20.self_attn.o_proj.weight]
Loading weights:  65%|██████▍   | 230/355 [00:00<00:00, 2446.36it/s, Materializing param=model.layers.20.self_attn.o_proj.weight]
Loading weights:  65%|██████▌   | 231/355 [00:00<00:00, 2454.10it/s, Materializing param=model.layers.20.self_attn.q_norm.weight]
Loading weights:  65%|██████▌   | 231/355 [00:00<00:00, 2452.75it/s, Materializing param=model.layers.20.self_attn.q_norm.weight]
Loading weights:  65%|██████▌   | 232/355 [00:00<00:00, 2460.62it/s, Materializing param=model.layers.20.self_attn.q_proj.weight]
Loading weights:  65%|██████▌   | 232/355 [00:00<00:00, 2459.29it/s, Materializing param=model.layers.20.self_attn.q_proj.weight]
Loading weights:  66%|██████▌   | 233/355 [00:00<00:00, 2467.20it/s, Materializing param=model.layers.20.self_attn.v_proj.weight]
Loading weights:  66%|██████▌   | 233/355 [00:00<00:00, 2465.86it/s, Materializing param=model.layers.20.self_attn.v_proj.weight]
Loading weights:  66%|██████▌   | 234/355 [00:00<00:00, 2473.78it/s, Materializing param=model.layers.21.mlp.down_proj.weight]   
Loading weights:  66%|██████▌   | 234/355 [00:00<00:00, 2472.46it/s, Materializing param=model.layers.21.mlp.down_proj.weight]
Loading weights:  66%|██████▌   | 235/355 [00:00<00:00, 2480.32it/s, Materializing param=model.layers.21.mlp.gate_proj.weight]
Loading weights:  66%|██████▌   | 235/355 [00:00<00:00, 2479.00it/s, Materializing param=model.layers.21.mlp.gate_proj.weight]
Loading weights:  66%|██████▋   | 236/355 [00:00<00:00, 2486.90it/s, Materializing param=model.layers.21.mlp.up_proj.weight]  
Loading weights:  66%|██████▋   | 236/355 [00:00<00:00, 2485.59it/s, Materializing param=model.layers.21.mlp.up_proj.weight]
Loading weights:  67%|██████▋   | 237/355 [00:00<00:00, 2493.19it/s, Materializing param=model.layers.21.post_attention_layernorm.weight]
Loading weights:  67%|██████▋   | 237/355 [00:00<00:00, 2491.05it/s, Materializing param=model.layers.21.post_attention_layernorm.weight]
Loading weights:  67%|██████▋   | 238/355 [00:00<00:00, 2498.44it/s, Materializing param=model.layers.21.post_feedforward_layernorm.weight]
Loading weights:  67%|██████▋   | 238/355 [00:00<00:00, 2497.03it/s, Materializing param=model.layers.21.post_feedforward_layernorm.weight]
Loading weights:  67%|██████▋   | 239/355 [00:00<00:00, 2504.83it/s, Materializing param=model.layers.21.self_attn.k_norm.weight]          
Loading weights:  67%|██████▋   | 239/355 [00:00<00:00, 2503.46it/s, Materializing param=model.layers.21.self_attn.k_norm.weight]
Loading weights:  68%|██████▊   | 240/355 [00:00<00:00, 2511.16it/s, Materializing param=model.layers.21.self_attn.k_proj.weight]
Loading weights:  68%|██████▊   | 240/355 [00:00<00:00, 2509.81it/s, Materializing param=model.layers.21.self_attn.k_proj.weight]
Loading weights:  68%|██████▊   | 241/355 [00:00<00:00, 2517.57it/s, Materializing param=model.layers.21.self_attn.o_proj.weight]
Loading weights:  68%|██████▊   | 241/355 [00:00<00:00, 2516.22it/s, Materializing param=model.layers.21.self_attn.o_proj.weight]
Loading weights:  68%|██████▊   | 242/355 [00:00<00:00, 2523.92it/s, Materializing param=model.layers.21.self_attn.q_norm.weight]
Loading weights:  68%|██████▊   | 242/355 [00:00<00:00, 2522.58it/s, Materializing param=model.layers.21.self_attn.q_norm.weight]
Loading weights:  68%|██████▊   | 243/355 [00:00<00:00, 2530.09it/s, Materializing param=model.layers.21.self_attn.q_proj.weight]
Loading weights:  68%|██████▊   | 243/355 [00:00<00:00, 2528.73it/s, Materializing param=model.layers.21.self_attn.q_proj.weight]
Loading weights:  69%|██████▊   | 244/355 [00:00<00:00, 2536.44it/s, Materializing param=model.layers.21.self_attn.v_proj.weight]
Loading weights:  69%|██████▊   | 244/355 [00:00<00:00, 2535.08it/s, Materializing param=model.layers.21.self_attn.v_proj.weight]
Loading weights:  69%|██████▉   | 245/355 [00:00<00:00, 2542.80it/s, Materializing param=model.layers.22.mlp.down_proj.weight]   
Loading weights:  69%|██████▉   | 245/355 [00:00<00:00, 2541.47it/s, Materializing param=model.layers.22.mlp.down_proj.weight]
Loading weights:  69%|██████▉   | 246/355 [00:00<00:00, 2549.09it/s, Materializing param=model.layers.22.mlp.gate_proj.weight]
Loading weights:  69%|██████▉   | 246/355 [00:00<00:00, 2547.76it/s, Materializing param=model.layers.22.mlp.gate_proj.weight]
Loading weights:  70%|██████▉   | 247/355 [00:00<00:00, 2555.44it/s, Materializing param=model.layers.22.mlp.up_proj.weight]  
Loading weights:  70%|██████▉   | 247/355 [00:00<00:00, 2554.09it/s, Materializing param=model.layers.22.mlp.up_proj.weight]
Loading weights:  70%|██████▉   | 248/355 [00:00<00:00, 2561.74it/s, Materializing param=model.layers.22.post_attention_layernorm.weight]
Loading weights:  70%|██████▉   | 248/355 [00:00<00:00, 2560.35it/s, Materializing param=model.layers.22.post_attention_layernorm.weight]
Loading weights:  70%|███████   | 249/355 [00:00<00:00, 2568.01it/s, Materializing param=model.layers.22.post_feedforward_layernorm.weight]
Loading weights:  70%|███████   | 249/355 [00:00<00:00, 2566.63it/s, Materializing param=model.layers.22.post_feedforward_layernorm.weight]
Loading weights:  70%|███████   | 250/355 [00:00<00:00, 2574.09it/s, Materializing param=model.layers.22.self_attn.k_norm.weight]          
Loading weights:  70%|███████   | 250/355 [00:00<00:00, 2572.73it/s, Materializing param=model.layers.22.self_attn.k_norm.weight]
Loading weights:  71%|███████   | 251/355 [00:00<00:00, 2580.26it/s, Materializing param=model.layers.22.self_attn.k_proj.weight]
Loading weights:  71%|███████   | 251/355 [00:00<00:00, 2578.27it/s, Materializing param=model.layers.22.self_attn.k_proj.weight]
Loading weights:  71%|███████   | 252/355 [00:00<00:00, 2585.43it/s, Materializing param=model.layers.22.self_attn.o_proj.weight]
Loading weights:  71%|███████   | 252/355 [00:00<00:00, 2584.04it/s, Materializing param=model.layers.22.self_attn.o_proj.weight]
Loading weights:  71%|███████▏  | 253/355 [00:00<00:00, 2591.56it/s, Materializing param=model.layers.22.self_attn.q_norm.weight]
Loading weights:  71%|███████▏  | 253/355 [00:00<00:00, 2590.19it/s, Materializing param=model.layers.22.self_attn.q_norm.weight]
Loading weights:  72%|███████▏  | 254/355 [00:00<00:00, 2597.67it/s, Materializing param=model.layers.22.self_attn.q_proj.weight]
Loading weights:  72%|███████▏  | 254/355 [00:00<00:00, 2596.32it/s, Materializing param=model.layers.22.self_attn.q_proj.weight]
Loading weights:  72%|███████▏  | 255/355 [00:00<00:00, 2603.84it/s, Materializing param=model.layers.22.self_attn.v_proj.weight]
Loading weights:  72%|███████▏  | 255/355 [00:00<00:00, 2602.48it/s, Materializing param=model.layers.22.self_attn.v_proj.weight]
Loading weights:  72%|███████▏  | 256/355 [00:00<00:00, 2609.72it/s, Materializing param=model.layers.23.mlp.down_proj.weight]   
Loading weights:  72%|███████▏  | 256/355 [00:00<00:00, 2608.29it/s, Materializing param=model.layers.23.mlp.down_proj.weight]
Loading weights:  72%|███████▏  | 257/355 [00:00<00:00, 2615.63it/s, Materializing param=model.layers.23.mlp.gate_proj.weight]
Loading weights:  72%|███████▏  | 257/355 [00:00<00:00, 2614.28it/s, Materializing param=model.layers.23.mlp.gate_proj.weight]
Loading weights:  73%|███████▎  | 258/355 [00:00<00:00, 2621.74it/s, Materializing param=model.layers.23.mlp.up_proj.weight]  
Loading weights:  73%|███████▎  | 258/355 [00:00<00:00, 2620.39it/s, Materializing param=model.layers.23.mlp.up_proj.weight]
Loading weights:  73%|███████▎  | 259/355 [00:00<00:00, 2627.83it/s, Materializing param=model.layers.23.post_attention_layernorm.weight]
Loading weights:  73%|███████▎  | 259/355 [00:00<00:00, 2626.26it/s, Materializing param=model.layers.23.post_attention_layernorm.weight]
Loading weights:  73%|███████▎  | 260/355 [00:00<00:00, 2633.67it/s, Materializing param=model.layers.23.post_feedforward_layernorm.weight]
Loading weights:  73%|███████▎  | 260/355 [00:00<00:00, 2632.27it/s, Materializing param=model.layers.23.post_feedforward_layernorm.weight]
Loading weights:  74%|███████▎  | 261/355 [00:00<00:00, 2631.51it/s, Materializing param=model.layers.23.self_attn.k_norm.weight]          
Loading weights:  74%|███████▎  | 261/355 [00:00<00:00, 2618.25it/s, Materializing param=model.layers.23.self_attn.k_norm.weight]
Loading weights:  74%|███████▍  | 262/355 [00:00<00:00, 2607.31it/s, Materializing param=model.layers.23.self_attn.k_norm.weight]
Loading weights:  74%|███████▍  | 262/355 [00:00<00:00, 2607.31it/s, Materializing param=model.layers.23.self_attn.k_proj.weight]
Loading weights:  74%|███████▍  | 262/355 [00:00<00:00, 2607.31it/s, Materializing param=model.layers.23.self_attn.k_proj.weight]
Loading weights:  74%|███████▍  | 263/355 [00:00<00:00, 2607.31it/s, Materializing param=model.layers.23.self_attn.o_proj.weight]
Loading weights:  74%|███████▍  | 263/355 [00:00<00:00, 2607.31it/s, Materializing param=model.layers.23.self_attn.o_proj.weight]
Loading weights:  74%|███████▍  | 264/355 [00:00<00:00, 2607.31it/s, Materializing param=model.layers.23.self_attn.q_norm.weight]
Loading weights:  74%|███████▍  | 264/355 [00:00<00:00, 2607.31it/s, Materializing param=model.layers.23.self_attn.q_norm.weight]
Loading weights:  75%|███████▍  | 265/355 [00:00<00:00, 2607.31it/s, Materializing param=model.layers.23.self_attn.q_proj.weight]
Loading weights:  75%|███████▍  | 265/355 [00:00<00:00, 2607.31it/s, Materializing param=model.layers.23.self_attn.q_proj.weight]
Loading weights:  75%|███████▍  | 266/355 [00:00<00:00, 2607.31it/s, Materializing param=model.layers.23.self_attn.v_proj.weight]
Loading weights:  75%|███████▍  | 266/355 [00:00<00:00, 2607.31it/s, Materializing param=model.layers.23.self_attn.v_proj.weight]
Loading weights:  75%|███████▌  | 267/355 [00:00<00:00, 2607.31it/s, Materializing param=model.layers.24.mlp.down_proj.weight]   
Loading weights:  75%|███████▌  | 267/355 [00:00<00:00, 2607.31it/s, Materializing param=model.layers.24.mlp.down_proj.weight]
Loading weights:  75%|███████▌  | 268/355 [00:00<00:00, 2607.31it/s, Materializing param=model.layers.24.mlp.gate_proj.weight]
Loading weights:  75%|███████▌  | 268/355 [00:00<00:00, 2607.31it/s, Materializing param=model.layers.24.mlp.gate_proj.weight]
Loading weights:  76%|███████▌  | 269/355 [00:00<00:00, 2607.31it/s, Materializing param=model.layers.24.mlp.up_proj.weight]  
Loading weights:  76%|███████▌  | 269/355 [00:00<00:00, 2607.31it/s, Materializing param=model.layers.24.mlp.up_proj.weight]
Loading weights:  76%|███████▌  | 270/355 [00:00<00:00, 2607.31it/s, Materializing param=model.layers.24.post_attention_layernorm.weight]
Loading weights:  76%|███████▌  | 270/355 [00:00<00:00, 2607.31it/s, Materializing param=model.layers.24.post_attention_layernorm.weight]
Loading weights:  76%|███████▋  | 271/355 [00:00<00:00, 2607.31it/s, Materializing param=model.layers.24.post_feedforward_layernorm.weight]
Loading weights:  76%|███████▋  | 271/355 [00:00<00:00, 2607.31it/s, Materializing param=model.layers.24.post_feedforward_layernorm.weight]
Loading weights:  77%|███████▋  | 272/355 [00:00<00:00, 2607.31it/s, Materializing param=model.layers.24.self_attn.k_norm.weight]          
Loading weights:  77%|███████▋  | 272/355 [00:00<00:00, 2607.31it/s, Materializing param=model.layers.24.self_attn.k_norm.weight]
Loading weights:  77%|███████▋  | 273/355 [00:00<00:00, 2607.31it/s, Materializing param=model.layers.24.self_attn.k_proj.weight]
Loading weights:  77%|███████▋  | 273/355 [00:00<00:00, 2607.31it/s, Materializing param=model.layers.24.self_attn.k_proj.weight]
Loading weights:  77%|███████▋  | 274/355 [00:00<00:00, 2607.31it/s, Materializing param=model.layers.24.self_attn.o_proj.weight]
Loading weights:  77%|███████▋  | 274/355 [00:00<00:00, 2607.31it/s, Materializing param=model.layers.24.self_attn.o_proj.weight]
Loading weights:  77%|███████▋  | 275/355 [00:00<00:00, 2607.31it/s, Materializing param=model.layers.24.self_attn.q_norm.weight]
Loading weights:  77%|███████▋  | 275/355 [00:00<00:00, 2607.31it/s, Materializing param=model.layers.24.self_attn.q_norm.weight]
Loading weights:  78%|███████▊  | 276/355 [00:00<00:00, 2607.31it/s, Materializing param=model.layers.24.self_attn.q_proj.weight]
Loading weights:  78%|███████▊  | 276/355 [00:00<00:00, 2607.31it/s, Materializing param=model.layers.24.self_attn.q_proj.weight]
Loading weights:  78%|███████▊  | 277/355 [00:00<00:00, 2607.31it/s, Materializing param=model.layers.24.self_attn.v_proj.weight]
Loading weights:  78%|███████▊  | 277/355 [00:00<00:00, 2607.31it/s, Materializing param=model.layers.24.self_attn.v_proj.weight]
Loading weights:  78%|███████▊  | 278/355 [00:00<00:00, 2607.31it/s, Materializing param=model.layers.25.mlp.down_proj.weight]   
Loading weights:  78%|███████▊  | 278/355 [00:00<00:00, 2607.31it/s, Materializing param=model.layers.25.mlp.down_proj.weight]
Loading weights:  79%|███████▊  | 279/355 [00:00<00:00, 2607.31it/s, Materializing param=model.layers.25.mlp.gate_proj.weight]
Loading weights:  79%|███████▊  | 279/355 [00:00<00:00, 2607.31it/s, Materializing param=model.layers.25.mlp.gate_proj.weight]
Loading weights:  79%|███████▉  | 280/355 [00:00<00:00, 2607.31it/s, Materializing param=model.layers.25.mlp.up_proj.weight]  
Loading weights:  79%|███████▉  | 280/355 [00:00<00:00, 2607.31it/s, Materializing param=model.layers.25.mlp.up_proj.weight]
Loading weights:  79%|███████▉  | 281/355 [00:00<00:00, 2607.31it/s, Materializing param=model.layers.25.post_attention_layernorm.weight]
Loading weights:  79%|███████▉  | 281/355 [00:00<00:00, 2607.31it/s, Materializing param=model.layers.25.post_attention_layernorm.weight]
Loading weights:  79%|███████▉  | 282/355 [00:00<00:00, 2607.31it/s, Materializing param=model.layers.25.post_feedforward_layernorm.weight]
Loading weights:  79%|███████▉  | 282/355 [00:00<00:00, 2607.31it/s, Materializing param=model.layers.25.post_feedforward_layernorm.weight]
Loading weights:  80%|███████▉  | 283/355 [00:00<00:00, 2607.31it/s, Materializing param=model.layers.25.self_attn.k_norm.weight]          
Loading weights:  80%|███████▉  | 283/355 [00:00<00:00, 2607.31it/s, Materializing param=model.layers.25.self_attn.k_norm.weight]
Loading weights:  80%|████████  | 284/355 [00:00<00:00, 2607.31it/s, Materializing param=model.layers.25.self_attn.k_proj.weight]
Loading weights:  80%|████████  | 284/355 [00:00<00:00, 2607.31it/s, Materializing param=model.layers.25.self_attn.k_proj.weight]
Loading weights:  80%|████████  | 285/355 [00:00<00:00, 2607.31it/s, Materializing param=model.layers.25.self_attn.o_proj.weight]
Loading weights:  80%|████████  | 285/355 [00:00<00:00, 2607.31it/s, Materializing param=model.layers.25.self_attn.o_proj.weight]
Loading weights:  81%|████████  | 286/355 [00:00<00:00, 2607.31it/s, Materializing param=model.layers.25.self_attn.q_norm.weight]
Loading weights:  81%|████████  | 286/355 [00:00<00:00, 2607.31it/s, Materializing param=model.layers.25.self_attn.q_norm.weight]
Loading weights:  81%|████████  | 287/355 [00:00<00:00, 2607.31it/s, Materializing param=model.layers.25.self_attn.q_proj.weight]
Loading weights:  81%|████████  | 287/355 [00:00<00:00, 2607.31it/s, Materializing param=model.layers.25.self_attn.q_proj.weight]
Loading weights:  81%|████████  | 288/355 [00:00<00:00, 2607.31it/s, Materializing param=model.layers.25.self_attn.v_proj.weight]
Loading weights:  81%|████████  | 288/355 [00:00<00:00, 2607.31it/s, Materializing param=model.layers.25.self_attn.v_proj.weight]
Loading weights:  81%|████████▏ | 289/355 [00:00<00:00, 2607.31it/s, Materializing param=model.layers.26.mlp.down_proj.weight]   
Loading weights:  81%|████████▏ | 289/355 [00:00<00:00, 2607.31it/s, Materializing param=model.layers.26.mlp.down_proj.weight]
Loading weights:  82%|████████▏ | 290/355 [00:00<00:00, 2607.31it/s, Materializing param=model.layers.26.mlp.gate_proj.weight]
Loading weights:  82%|████████▏ | 290/355 [00:00<00:00, 2607.31it/s, Materializing param=model.layers.26.mlp.gate_proj.weight]
Loading weights:  82%|████████▏ | 291/355 [00:00<00:00, 2607.31it/s, Materializing param=model.layers.26.mlp.up_proj.weight]  
Loading weights:  82%|████████▏ | 291/355 [00:00<00:00, 2607.31it/s, Materializing param=model.layers.26.mlp.up_proj.weight]
Loading weights:  82%|████████▏ | 292/355 [00:00<00:00, 2607.31it/s, Materializing param=model.layers.26.post_attention_layernorm.weight]
Loading weights:  82%|████████▏ | 292/355 [00:00<00:00, 2607.31it/s, Materializing param=model.layers.26.post_attention_layernorm.weight]
Loading weights:  83%|████████▎ | 293/355 [00:00<00:00, 2607.31it/s, Materializing param=model.layers.26.post_feedforward_layernorm.weight]
Loading weights:  83%|████████▎ | 293/355 [00:00<00:00, 2607.31it/s, Materializing param=model.layers.26.post_feedforward_layernorm.weight]
Loading weights:  83%|████████▎ | 294/355 [00:00<00:00, 2607.31it/s, Materializing param=model.layers.26.self_attn.k_norm.weight]          
Loading weights:  83%|████████▎ | 294/355 [00:00<00:00, 2607.31it/s, Materializing param=model.layers.26.self_attn.k_norm.weight]
Loading weights:  83%|████████▎ | 295/355 [00:00<00:00, 2607.31it/s, Materializing param=model.layers.26.self_attn.k_proj.weight]
Loading weights:  83%|████████▎ | 295/355 [00:00<00:00, 2607.31it/s, Materializing param=model.layers.26.self_attn.k_proj.weight]
Loading weights:  83%|████████▎ | 296/355 [00:00<00:00, 2607.31it/s, Materializing param=model.layers.26.self_attn.o_proj.weight]
Loading weights:  83%|████████▎ | 296/355 [00:00<00:00, 2607.31it/s, Materializing param=model.layers.26.self_attn.o_proj.weight]
Loading weights:  84%|████████▎ | 297/355 [00:00<00:00, 2607.31it/s, Materializing param=model.layers.26.self_attn.q_norm.weight]
Loading weights:  84%|████████▎ | 297/355 [00:00<00:00, 2607.31it/s, Materializing param=model.layers.26.self_attn.q_norm.weight]
Loading weights:  84%|████████▍ | 298/355 [00:00<00:00, 2607.31it/s, Materializing param=model.layers.26.self_attn.q_proj.weight]
Loading weights:  84%|████████▍ | 298/355 [00:00<00:00, 2607.31it/s, Materializing param=model.layers.26.self_attn.q_proj.weight]
Loading weights:  84%|████████▍ | 299/355 [00:00<00:00, 2607.31it/s, Materializing param=model.layers.26.self_attn.v_proj.weight]
Loading weights:  84%|████████▍ | 299/355 [00:00<00:00, 2607.31it/s, Materializing param=model.layers.26.self_attn.v_proj.weight]
Loading weights:  85%|████████▍ | 300/355 [00:00<00:00, 2607.31it/s, Materializing param=model.layers.27.mlp.down_proj.weight]   
Loading weights:  85%|████████▍ | 300/355 [00:00<00:00, 2607.31it/s, Materializing param=model.layers.27.mlp.down_proj.weight]
Loading weights:  85%|████████▍ | 301/355 [00:00<00:00, 2607.31it/s, Materializing param=model.layers.27.mlp.gate_proj.weight]
Loading weights:  85%|████████▍ | 301/355 [00:00<00:00, 2607.31it/s, Materializing param=model.layers.27.mlp.gate_proj.weight]
Loading weights:  85%|████████▌ | 302/355 [00:00<00:00, 2607.31it/s, Materializing param=model.layers.27.mlp.up_proj.weight]  
Loading weights:  85%|████████▌ | 302/355 [00:00<00:00, 2607.31it/s, Materializing param=model.layers.27.mlp.up_proj.weight]
Loading weights:  85%|████████▌ | 303/355 [00:00<00:00, 2607.31it/s, Materializing param=model.layers.27.post_attention_layernorm.weight]
Loading weights:  85%|████████▌ | 303/355 [00:00<00:00, 2607.31it/s, Materializing param=model.layers.27.post_attention_layernorm.weight]
Loading weights:  86%|████████▌ | 304/355 [00:00<00:00, 2607.31it/s, Materializing param=model.layers.27.post_feedforward_layernorm.weight]
Loading weights:  86%|████████▌ | 304/355 [00:00<00:00, 2607.31it/s, Materializing param=model.layers.27.post_feedforward_layernorm.weight]
Loading weights:  86%|████████▌ | 305/355 [00:00<00:00, 2607.31it/s, Materializing param=model.layers.27.self_attn.k_norm.weight]          
Loading weights:  86%|████████▌ | 305/355 [00:00<00:00, 2607.31it/s, Materializing param=model.layers.27.self_attn.k_norm.weight]
Loading weights:  86%|████████▌ | 306/355 [00:00<00:00, 2607.31it/s, Materializing param=model.layers.27.self_attn.k_proj.weight]
Loading weights:  86%|████████▌ | 306/355 [00:00<00:00, 2607.31it/s, Materializing param=model.layers.27.self_attn.k_proj.weight]
Loading weights:  86%|████████▋ | 307/355 [00:00<00:00, 2607.31it/s, Materializing param=model.layers.27.self_attn.o_proj.weight]
Loading weights:  86%|████████▋ | 307/355 [00:00<00:00, 2607.31it/s, Materializing param=model.layers.27.self_attn.o_proj.weight]
Loading weights:  87%|████████▋ | 308/355 [00:00<00:00, 2607.31it/s, Materializing param=model.layers.27.self_attn.q_norm.weight]
Loading weights:  87%|████████▋ | 308/355 [00:00<00:00, 2607.31it/s, Materializing param=model.layers.27.self_attn.q_norm.weight]
Loading weights:  87%|████████▋ | 309/355 [00:00<00:00, 2607.31it/s, Materializing param=model.layers.27.self_attn.q_proj.weight]
Loading weights:  87%|████████▋ | 309/355 [00:00<00:00, 2607.31it/s, Materializing param=model.layers.27.self_attn.q_proj.weight]
Loading weights:  87%|████████▋ | 310/355 [00:00<00:00, 2607.31it/s, Materializing param=model.layers.27.self_attn.v_proj.weight]
Loading weights:  87%|████████▋ | 310/355 [00:00<00:00, 2607.31it/s, Materializing param=model.layers.27.self_attn.v_proj.weight]
Loading weights:  88%|████████▊ | 311/355 [00:00<00:00, 2607.31it/s, Materializing param=model.layers.28.mlp.down_proj.weight]   
Loading weights:  88%|████████▊ | 311/355 [00:00<00:00, 2607.31it/s, Materializing param=model.layers.28.mlp.down_proj.weight]
Loading weights:  88%|████████▊ | 312/355 [00:00<00:00, 2607.31it/s, Materializing param=model.layers.28.mlp.gate_proj.weight]
Loading weights:  88%|████████▊ | 312/355 [00:00<00:00, 2607.31it/s, Materializing param=model.layers.28.mlp.gate_proj.weight]
Loading weights:  88%|████████▊ | 313/355 [00:00<00:00, 2607.31it/s, Materializing param=model.layers.28.mlp.up_proj.weight]  
Loading weights:  88%|████████▊ | 313/355 [00:00<00:00, 2607.31it/s, Materializing param=model.layers.28.mlp.up_proj.weight]
Loading weights:  88%|████████▊ | 314/355 [00:00<00:00, 2607.31it/s, Materializing param=model.layers.28.post_attention_layernorm.weight]
Loading weights:  88%|████████▊ | 314/355 [00:00<00:00, 2607.31it/s, Materializing param=model.layers.28.post_attention_layernorm.weight]
Loading weights:  89%|████████▊ | 315/355 [00:00<00:00, 2607.31it/s, Materializing param=model.layers.28.post_feedforward_layernorm.weight]
Loading weights:  89%|████████▊ | 315/355 [00:00<00:00, 2607.31it/s, Materializing param=model.layers.28.post_feedforward_layernorm.weight]
Loading weights:  89%|████████▉ | 316/355 [00:00<00:00, 2607.31it/s, Materializing param=model.layers.28.self_attn.k_norm.weight]          
Loading weights:  89%|████████▉ | 316/355 [00:00<00:00, 2607.31it/s, Materializing param=model.layers.28.self_attn.k_norm.weight]
Loading weights:  89%|████████▉ | 317/355 [00:00<00:00, 2607.31it/s, Materializing param=model.layers.28.self_attn.k_proj.weight]
Loading weights:  89%|████████▉ | 317/355 [00:00<00:00, 2607.31it/s, Materializing param=model.layers.28.self_attn.k_proj.weight]
Loading weights:  90%|████████▉ | 318/355 [00:00<00:00, 2607.31it/s, Materializing param=model.layers.28.self_attn.o_proj.weight]
Loading weights:  90%|████████▉ | 318/355 [00:00<00:00, 2607.31it/s, Materializing param=model.layers.28.self_attn.o_proj.weight]
Loading weights:  90%|████████▉ | 319/355 [00:00<00:00, 2607.31it/s, Materializing param=model.layers.28.self_attn.q_norm.weight]
Loading weights:  90%|████████▉ | 319/355 [00:00<00:00, 2607.31it/s, Materializing param=model.layers.28.self_attn.q_norm.weight]
Loading weights:  90%|█████████ | 320/355 [00:00<00:00, 2607.31it/s, Materializing param=model.layers.28.self_attn.q_proj.weight]
Loading weights:  90%|█████████ | 320/355 [00:00<00:00, 2607.31it/s, Materializing param=model.layers.28.self_attn.q_proj.weight]
Loading weights:  90%|█████████ | 321/355 [00:00<00:00, 2607.31it/s, Materializing param=model.layers.28.self_attn.v_proj.weight]
Loading weights:  90%|█████████ | 321/355 [00:00<00:00, 2607.31it/s, Materializing param=model.layers.28.self_attn.v_proj.weight]
Loading weights:  91%|█████████ | 322/355 [00:00<00:00, 2607.31it/s, Materializing param=model.layers.29.mlp.down_proj.weight]   
Loading weights:  91%|█████████ | 322/355 [00:00<00:00, 2607.31it/s, Materializing param=model.layers.29.mlp.down_proj.weight]
Loading weights:  91%|█████████ | 323/355 [00:00<00:00, 2607.31it/s, Materializing param=model.layers.29.mlp.gate_proj.weight]
Loading weights:  91%|█████████ | 323/355 [00:00<00:00, 2607.31it/s, Materializing param=model.layers.29.mlp.gate_proj.weight]
Loading weights:  91%|█████████▏| 324/355 [00:00<00:00, 2607.31it/s, Materializing param=model.layers.29.mlp.up_proj.weight]  
Loading weights:  91%|█████████▏| 324/355 [00:00<00:00, 2607.31it/s, Materializing param=model.layers.29.mlp.up_proj.weight]
Loading weights:  92%|█████████▏| 325/355 [00:00<00:00, 2607.31it/s, Materializing param=model.layers.29.post_attention_layernorm.weight]
Loading weights:  92%|█████████▏| 325/355 [00:00<00:00, 2607.31it/s, Materializing param=model.layers.29.post_attention_layernorm.weight]
Loading weights:  92%|█████████▏| 326/355 [00:00<00:00, 2607.31it/s, Materializing param=model.layers.29.post_feedforward_layernorm.weight]
Loading weights:  92%|█████████▏| 326/355 [00:00<00:00, 2607.31it/s, Materializing param=model.layers.29.post_feedforward_layernorm.weight]
Loading weights:  92%|█████████▏| 327/355 [00:00<00:00, 2607.31it/s, Materializing param=model.layers.29.self_attn.k_norm.weight]          
Loading weights:  92%|█████████▏| 327/355 [00:00<00:00, 2607.31it/s, Materializing param=model.layers.29.self_attn.k_norm.weight]
Loading weights:  92%|█████████▏| 328/355 [00:00<00:00, 2607.31it/s, Materializing param=model.layers.29.self_attn.k_proj.weight]
Loading weights:  92%|█████████▏| 328/355 [00:00<00:00, 2607.31it/s, Materializing param=model.layers.29.self_attn.k_proj.weight]
Loading weights:  93%|█████████▎| 329/355 [00:00<00:00, 2607.31it/s, Materializing param=model.layers.29.self_attn.o_proj.weight]
Loading weights:  93%|█████████▎| 329/355 [00:00<00:00, 2607.31it/s, Materializing param=model.layers.29.self_attn.o_proj.weight]
Loading weights:  93%|█████████▎| 330/355 [00:00<00:00, 2607.31it/s, Materializing param=model.layers.29.self_attn.q_norm.weight]
Loading weights:  93%|█████████▎| 330/355 [00:00<00:00, 2607.31it/s, Materializing param=model.layers.29.self_attn.q_norm.weight]
Loading weights:  93%|█████████▎| 331/355 [00:00<00:00, 2607.31it/s, Materializing param=model.layers.29.self_attn.q_proj.weight]
Loading weights:  93%|█████████▎| 331/355 [00:00<00:00, 2607.31it/s, Materializing param=model.layers.29.self_attn.q_proj.weight]
Loading weights:  94%|█████████▎| 332/355 [00:00<00:00, 2607.31it/s, Materializing param=model.layers.29.self_attn.v_proj.weight]
Loading weights:  94%|█████████▎| 332/355 [00:00<00:00, 2607.31it/s, Materializing param=model.layers.29.self_attn.v_proj.weight]
Loading weights:  94%|█████████▍| 333/355 [00:00<00:00, 2607.31it/s, Materializing param=model.layers.30.mlp.down_proj.weight]   
Loading weights:  94%|█████████▍| 333/355 [00:00<00:00, 2607.31it/s, Materializing param=model.layers.30.mlp.down_proj.weight]
Loading weights:  94%|█████████▍| 334/355 [00:00<00:00, 2607.31it/s, Materializing param=model.layers.30.mlp.gate_proj.weight]
Loading weights:  94%|█████████▍| 334/355 [00:00<00:00, 2607.31it/s, Materializing param=model.layers.30.mlp.gate_proj.weight]
Loading weights:  94%|█████████▍| 335/355 [00:00<00:00, 2607.31it/s, Materializing param=model.layers.30.mlp.up_proj.weight]  
Loading weights:  94%|█████████▍| 335/355 [00:00<00:00, 2607.31it/s, Materializing param=model.layers.30.mlp.up_proj.weight]
Loading weights:  95%|█████████▍| 336/355 [00:00<00:00, 2607.31it/s, Materializing param=model.layers.30.post_attention_layernorm.weight]
Loading weights:  95%|█████████▍| 336/355 [00:00<00:00, 2607.31it/s, Materializing param=model.layers.30.post_attention_layernorm.weight]
Loading weights:  95%|█████████▍| 337/355 [00:00<00:00, 2607.31it/s, Materializing param=model.layers.30.post_feedforward_layernorm.weight]
Loading weights:  95%|█████████▍| 337/355 [00:00<00:00, 2607.31it/s, Materializing param=model.layers.30.post_feedforward_layernorm.weight]
Loading weights:  95%|█████████▌| 338/355 [00:00<00:00, 2607.31it/s, Materializing param=model.layers.30.self_attn.k_norm.weight]          
Loading weights:  95%|█████████▌| 338/355 [00:00<00:00, 2607.31it/s, Materializing param=model.layers.30.self_attn.k_norm.weight]
Loading weights:  95%|█████████▌| 339/355 [00:00<00:00, 2607.31it/s, Materializing param=model.layers.30.self_attn.k_proj.weight]
Loading weights:  95%|█████████▌| 339/355 [00:00<00:00, 2607.31it/s, Materializing param=model.layers.30.self_attn.k_proj.weight]
Loading weights:  96%|█████████▌| 340/355 [00:00<00:00, 2607.31it/s, Materializing param=model.layers.30.self_attn.o_proj.weight]
Loading weights:  96%|█████████▌| 340/355 [00:00<00:00, 2607.31it/s, Materializing param=model.layers.30.self_attn.o_proj.weight]
Loading weights:  96%|█████████▌| 341/355 [00:00<00:00, 2607.31it/s, Materializing param=model.layers.30.self_attn.q_norm.weight]
Loading weights:  96%|█████████▌| 341/355 [00:00<00:00, 2607.31it/s, Materializing param=model.layers.30.self_attn.q_norm.weight]
Loading weights:  96%|█████████▋| 342/355 [00:00<00:00, 2607.31it/s, Materializing param=model.layers.30.self_attn.q_proj.weight]
Loading weights:  96%|█████████▋| 342/355 [00:00<00:00, 2607.31it/s, Materializing param=model.layers.30.self_attn.q_proj.weight]
Loading weights:  97%|█████████▋| 343/355 [00:00<00:00, 2607.31it/s, Materializing param=model.layers.30.self_attn.v_proj.weight]
Loading weights:  97%|█████████▋| 343/355 [00:00<00:00, 2607.31it/s, Materializing param=model.layers.30.self_attn.v_proj.weight]
Loading weights:  97%|█████████▋| 344/355 [00:00<00:00, 2607.31it/s, Materializing param=model.layers.31.mlp.down_proj.weight]   
Loading weights:  97%|█████████▋| 344/355 [00:00<00:00, 2607.31it/s, Materializing param=model.layers.31.mlp.down_proj.weight]
Loading weights:  97%|█████████▋| 345/355 [00:00<00:00, 2607.31it/s, Materializing param=model.layers.31.mlp.gate_proj.weight]
Loading weights:  97%|█████████▋| 345/355 [00:00<00:00, 2607.31it/s, Materializing param=model.layers.31.mlp.gate_proj.weight]
Loading weights:  97%|█████████▋| 346/355 [00:00<00:00, 2607.31it/s, Materializing param=model.layers.31.mlp.up_proj.weight]  
Loading weights:  97%|█████████▋| 346/355 [00:00<00:00, 2607.31it/s, Materializing param=model.layers.31.mlp.up_proj.weight]
Loading weights:  98%|█████████▊| 347/355 [00:00<00:00, 2607.31it/s, Materializing param=model.layers.31.post_attention_layernorm.weight]
Loading weights:  98%|█████████▊| 347/355 [00:00<00:00, 2607.31it/s, Materializing param=model.layers.31.post_attention_layernorm.weight]
Loading weights:  98%|█████████▊| 348/355 [00:00<00:00, 2607.31it/s, Materializing param=model.layers.31.post_feedforward_layernorm.weight]
Loading weights:  98%|█████████▊| 348/355 [00:00<00:00, 2607.31it/s, Materializing param=model.layers.31.post_feedforward_layernorm.weight]
Loading weights:  98%|█████████▊| 349/355 [00:00<00:00, 2607.31it/s, Materializing param=model.layers.31.self_attn.k_norm.weight]          
Loading weights:  98%|█████████▊| 349/355 [00:00<00:00, 2607.31it/s, Materializing param=model.layers.31.self_attn.k_norm.weight]
Loading weights:  99%|█████████▊| 350/355 [00:00<00:00, 2607.31it/s, Materializing param=model.layers.31.self_attn.k_proj.weight]
Loading weights:  99%|█████████▊| 350/355 [00:00<00:00, 2607.31it/s, Materializing param=model.layers.31.self_attn.k_proj.weight]
Loading weights:  99%|█████████▉| 351/355 [00:00<00:00, 2607.31it/s, Materializing param=model.layers.31.self_attn.o_proj.weight]
Loading weights:  99%|█████████▉| 351/355 [00:00<00:00, 2607.31it/s, Materializing param=model.layers.31.self_attn.o_proj.weight]
Loading weights:  99%|█████████▉| 352/355 [00:00<00:00, 2607.31it/s, Materializing param=model.layers.31.self_attn.q_norm.weight]
Loading weights:  99%|█████████▉| 352/355 [00:00<00:00, 2607.31it/s, Materializing param=model.layers.31.self_attn.q_norm.weight]
Loading weights:  99%|█████████▉| 353/355 [00:00<00:00, 2607.31it/s, Materializing param=model.layers.31.self_attn.q_proj.weight]
Loading weights:  99%|█████████▉| 353/355 [00:00<00:00, 2607.31it/s, Materializing param=model.layers.31.self_attn.q_proj.weight]
Loading weights: 100%|█████████▉| 354/355 [00:00<00:00, 2607.31it/s, Materializing param=model.layers.31.self_attn.v_proj.weight]
Loading weights: 100%|█████████▉| 354/355 [00:00<00:00, 2607.31it/s, Materializing param=model.layers.31.self_attn.v_proj.weight]
Loading weights: 100%|██████████| 355/355 [00:00<00:00, 2607.31it/s, Materializing param=model.norm.weight]                      
Loading weights: 100%|██████████| 355/355 [00:00<00:00, 2607.31it/s, Materializing param=model.norm.weight]
Loading weights: 100%|██████████| 355/355 [00:00<00:00, 2697.32it/s, Materializing param=model.norm.weight]
Using the latest cached version of the module from /home/leo/.cache/huggingface/modules/datasets_modules/datasets/wikitext/a241db52902eaf2c6aa732210bead40c090019a499ceb13bcbfa3f8ab646a126 (last modified on Mon Jul 10 14:22:35 2023) since it couldn't be found locally at wikitext
  Parameters: 7,298,011,136
  Baseline loss: 10.3198
  Computing Tier 1 directions (on CPU)...
  Evaluating Tier 1 surface (21x21)...
  Row 1/21 done. Elapsed: 218.1s, ETA: 4361.1s
  Row 2/21 done. Elapsed: 454.2s, ETA: 4315.3s
  Row 4/21 done. Elapsed: 963.6s, ETA: 4095.4s
  Row 6/21 done. Elapsed: 1364.2s, ETA: 3410.4s
  Row 8/21 done. Elapsed: 1677.0s, ETA: 2725.2s
  Row 10/21 done. Elapsed: 1988.6s, ETA: 2187.4s
  Row 12/21 done. Elapsed: 2236.2s, ETA: 1677.2s
  Row 14/21 done. Elapsed: 2551.5s, ETA: 1275.8s
  Row 16/21 done. Elapsed: 2880.4s, ETA: 900.1s
  Row 18/21 done. Elapsed: 3210.2s, ETA: 535.0s
  Row 20/21 done. Elapsed: 3536.7s, ETA: 176.8s
  Computing Tier 2 directions (Gradient PCA)...
Computing gradient PCA convergence (N_max=30)...
Traceback (most recent call last):
  File "/home/leo/waterpaper/work3/exp/normal_exp/run_group4_crossmodel.py", line 232, in <module>
    main()
  File "/home/leo/waterpaper/work3/exp/normal_exp/run_group4_crossmodel.py", line 172, in main
    result = run_single_model(
  File "/home/leo/waterpaper/work3/exp/normal_exp/run_group4_crossmodel.py", line 105, in run_single_model
    pca_results, pca_dirs = gradient_pca_with_convergence(
  File "/home/leo/waterpaper/work3/exp/normal_exp/direction_selection.py", line 109, in gradient_pca_with_convergence
    g_flat = torch.cat([p.grad.detach().flatten().float()
  File "/home/leo/waterpaper/work3/exp/normal_exp/direction_selection.py", line 109, in <listcomp>
    g_flat = torch.cat([p.grad.detach().flatten().float()
torch.OutOfMemoryError: CUDA out of memory. Tried to allocate 64.00 MiB. GPU 0 has a total capacity of 39.38 GiB of which 35.38 MiB is free. Including non-PyTorch memory, this process has 39.34 GiB memory in use. Of the allocated memory 38.77 GiB is allocated by PyTorch, and 63.11 MiB is reserved by PyTorch but unallocated. If reserved but unallocated memory is large try setting PYTORCH_CUDA_ALLOC_CONF=expandable_segments:True to avoid fragmentation.  See documentation for Memory Management  (https://pytorch.org/docs/stable/notes/cuda.html#environment-variables)
